Read instances: 0.19 s
Generate matrices: 7.02 s
===============================================================================
                                     CVXPY                                     
                                     v1.3.0                                    
===============================================================================
(CVXPY) Oct 18 08:20:06 PM: Your problem has 4003 variables, 19 constraints, and 0 parameters.
(CVXPY) Oct 18 08:20:06 PM: It is compliant with the following grammars: DCP, DQCP
(CVXPY) Oct 18 08:20:06 PM: (If you need to solve this problem multiple times, but with different data, consider using parameters.)
(CVXPY) Oct 18 08:20:06 PM: CVXPY will first compile your problem; then, it will invoke a numerical solver to obtain a solution.
-------------------------------------------------------------------------------
                                  Compilation                                  
-------------------------------------------------------------------------------
(CVXPY) Oct 18 08:20:06 PM: Compiling problem (target solver=CPLEX).
(CVXPY) Oct 18 08:20:06 PM: Reduction chain: CvxAttr2Constr -> Qp2SymbolicQp -> QpMatrixStuffing -> CPLEX
(CVXPY) Oct 18 08:20:06 PM: Applying reduction CvxAttr2Constr
(CVXPY) Oct 18 08:20:06 PM: Applying reduction Qp2SymbolicQp
(CVXPY) Oct 18 08:20:06 PM: Applying reduction QpMatrixStuffing
(CVXPY) Oct 18 08:20:06 PM: Applying reduction CPLEX
(CVXPY) Oct 18 08:20:06 PM: Finished problem compilation (took 9.063e-02 seconds).
-------------------------------------------------------------------------------
                                Numerical solver                               
-------------------------------------------------------------------------------
(CVXPY) Oct 18 08:20:06 PM: Invoking solver CPLEX  to obtain a solution.
Version identifier: 22.1.0.0 | 2022-03-09 | 1a383f8ce
CPXPARAM_Read_DataCheck                          1
CPXPARAM_TimeLimit                               30
Tried aggregator 2 times.
MIP Presolve eliminated 4647 rows and 2392 columns.
MIP Presolve modified 15081 coefficients.
Aggregator did 38 substitutions.
Reduced MIP has 3105 rows, 2201 columns, and 44856 nonzeros.
Reduced MIP has 2200 binaries, 0 generals, 0 SOSs, and 0 indicators.
Presolve time = 0.13 sec. (158.30 ticks)
Found incumbent of value 0.990000 after 0.13 sec. (163.75 ticks)
Probing fixed 52 vars, tightened 0 bounds.
Probing changed sense of 61 constraints.
Probing time = 0.07 sec. (95.09 ticks)
Tried aggregator 2 times.
Detecting symmetries...
MIP Presolve eliminated 120 rows and 56 columns.
MIP Presolve modified 315 coefficients.
Aggregator did 12 substitutions.
Reduced MIP has 2973 rows, 2128 columns, and 43695 nonzeros.
Reduced MIP has 2127 binaries, 1 generals, 0 SOSs, and 0 indicators.
Presolve time = 0.07 sec. (77.79 ticks)
Probing time = 0.02 sec. (13.17 ticks)
Clique table members: 2255.
MIP emphasis: balance optimality and feasibility.
MIP search method: dynamic search.
Parallel mode: deterministic, using up to 8 threads.
Root relaxation solution time = 0.06 sec. (45.12 ticks)

        Nodes                                         Cuts/
   Node  Left     Objective  IInf  Best Integer    Best Bound    ItCnt     Gap

*     0+    0                            0.9900        0.2376            76.00%
      0     0        0.4340   148        0.9900        0.4340      378   56.16%
*     0+    0                            0.4406        0.4340             1.51%
      0     0        0.4384    52        0.4406     Cuts: 313      595    0.49%
      0     0        cutoff              0.4406                    603    0.00%
Elapsed time = 0.50 sec. (520.13 ticks, tree = 0.01 MB, solutions = 2)

GUB cover cuts applied:  82
Zero-half cuts applied:  11
Gomory fractional cuts applied:  87

Root node processing (before b&c):
  Real time             =    0.50 sec. (520.45 ticks)
Parallel b&c, 8 threads:
  Real time             =    0.00 sec. (0.00 ticks)
  Sync time (average)   =    0.00 sec.
  Wait time (average)   =    0.00 sec.
                          ------------
Total (root+branch&cut) =    0.50 sec. (520.45 ticks)
-------------------------------------------------------------------------------
                                    Summary                                    
-------------------------------------------------------------------------------
(CVXPY) Oct 18 08:20:06 PM: Problem status: optimal
(CVXPY) Oct 18 08:20:06 PM: Optimal value: 4.406e-01
(CVXPY) Oct 18 08:20:06 PM: Compilation took 9.063e-02 seconds
(CVXPY) Oct 18 08:20:06 PM: Solver (including time spent in interface) took 5.861e-01 seconds
The optimal value is 0.44060000000000005
###############################################
################## SCHEDULE ####################
###############################################
Activity: Initial Activity (1) 	 Start Period: 0 	 End Period: 0
Activity: Discover the Environment, Health & Safety modules  (6.0) 	 Start Period: 1 	 End Period: 1
Activity: Get Started with SAP Emarsys Customer Engagement (1.0) 	 Start Period: 1 	 End Period: 1
Activity: Manage Your External Workforce Program with SAP Fi (12.0) 	 Start Period: 1 	 End Period: 1
Activity: Explore Product Engineering in SAP S/4HANA (4.0) 	 Start Period: 1 	 End Period: 2
Activity: Discover SAP Sales Cloud (6.0) 	 Start Period: 2 	 End Period: 2
Activity: Outlining the Finance Overview in SAP S/4HANA (7.0) 	 Start Period: 2 	 End Period: 2
Activity: Intrapreneurship – Employee-driven Innovation (4.0) 	 Start Period: 2 	 End Period: 2
Solve time: 0.50
Job affinity: 56.000
Skills per Unit
	 Initial Activity:
	 Discover the Environment, Health & Safety modules in SAP S/4HANA:
		 Implement organisational process or policy changes
		 Develop operating strategies, plans or procedures
		 Direct organisational operations, projects or services
		 Recommend organisational process or policy changes
		 Develop sustainable organisational policies or practices
		 Monitor external affairs or events affecting business operations
		 Develop organisational policies or programs
		 Manage operations, research or logistics projects
		 Maintain operational records
		 Advise customers on technical or procedural issues
		 Analyse data to inform operational decisions or activities
	 Outlining the Finance Overview in SAP S/4HANA:
		 Prepare financial documents, reports or budgets
		 Direct financial operations
		 Prepare operational budgets
	 Explore Product Engineering in SAP S/4HANA:
		 Estimate cost or material requirements
		 Develop operating strategies, plans or procedures
	 Get Started with SAP Emarsys Customer Engagement:
		 Create marketing materials
		 Develop promotional materials
		 Develop marketing plans or strategies
	 Discover SAP Sales Cloud:
		 Direct sales, marketing or customer service activities
		 Analyse data to inform operational decisions or activities
		 Negotiate sales or lease agreements for goods or services
		 Create marketing materials
		 Develop operating strategies, plans or procedures
		 Analyse market research data
		 Negotiate contracts for transportation, distribution or logistics services
		 Develop promotional materials
		 Analyse data to assess operational or project effectiveness
	 Manage Your External Workforce Program with SAP Fieldglass:
		 Conduct employee training programs
		 Represent the organisation in external relations
		 Coordinate operational activities with external stakeholders
		 Direct organisational operations, projects or services
		 Develop organisational policies or programs
	 Intrapreneurship – Employee-driven Innovation:
		 Establish interpersonal business relationships to facilitate work activities
		 Conduct employee training programs
		 Develop operating strategies, plans or procedures
		 Advise others on business or operational matters
Skills for Job 131
Develop marketing plans or strategies
Confer with peers to accomplish work
Direct sales, marketing or customer service activities
Supervise employees
Evaluate program effectiveness
Compile operational data
Determine pricing or monetary policies
Analyse market research data
Analyse data to inform operational decisions or activities
Estimate cost or material requirements
Advise others on business or operational matters
Monitor external affairs or events affecting business operations
Develop marketing plans or strategies for environmental initiatives
Conduct opinion surveys or needs assessments
Coordinate special events or programs
Negotiate contracts for transportation, distribution or logistics services
Develop sustainable organisational policies or practices
Recommend organisational process or policy changes
Develop promotional materials
Establish interpersonal business relationships to facilitate work activities
Present information to the public
Evaluate employee performance
Coordinate with external parties to exchange information
Manage organisational or project budgets
Analyse data to identify trends or relationships among variables
Develop organisational policies or programs
Liaise between departments or other groups to improve function or communication
Develop organisational goals or objectives
Direct financial operations
Edit documents
Maintain operational records
Develop operating strategies, plans or procedures
Develop contingency plans to deal with organisational emergencies
Develop social media materials
Examine marketing materials to ensure compliance with policies or regulations
Conduct employee training programs
Promote goods, services, or programs
Advise customers on technical or procedural issues
Direct organisational operations, projects or services
Maintain knowledge of current developments in area of expertise
Implement organisational process or policy changes
Monitor performance of organisational members or partners
Analyse data to assess operational or project effectiveness
Coordinate operational activities with external stakeholders
Prepare operational budgets
Prepare financial documents, reports or budgets
Negotiate sales or lease agreements for goods or services
Create marketing materials
Manage operations, research or logistics projects
Represent the organisation in external relations
