Read instances: 0.20 s
Generate matrices: 6.61 s
===============================================================================
                                     CVXPY                                     
                                     v1.3.0                                    
===============================================================================
(CVXPY) Nov 20 09:48:35 AM: Your problem has 3947 variables, 19 constraints, and 0 parameters.
(CVXPY) Nov 20 09:48:35 AM: It is compliant with the following grammars: DCP, DQCP
(CVXPY) Nov 20 09:48:35 AM: (If you need to solve this problem multiple times, but with different data, consider using parameters.)
(CVXPY) Nov 20 09:48:35 AM: CVXPY will first compile your problem; then, it will invoke a numerical solver to obtain a solution.
-------------------------------------------------------------------------------
                                  Compilation                                  
-------------------------------------------------------------------------------
(CVXPY) Nov 20 09:48:35 AM: Compiling problem (target solver=CPLEX).
(CVXPY) Nov 20 09:48:35 AM: Reduction chain: CvxAttr2Constr -> Qp2SymbolicQp -> QpMatrixStuffing -> CPLEX
(CVXPY) Nov 20 09:48:35 AM: Applying reduction CvxAttr2Constr
(CVXPY) Nov 20 09:48:35 AM: Applying reduction Qp2SymbolicQp
(CVXPY) Nov 20 09:48:35 AM: Applying reduction QpMatrixStuffing
(CVXPY) Nov 20 09:48:35 AM: Applying reduction CPLEX
(CVXPY) Nov 20 09:48:35 AM: Finished problem compilation (took 7.416e-02 seconds).
-------------------------------------------------------------------------------
                                Numerical solver                               
-------------------------------------------------------------------------------
(CVXPY) Nov 20 09:48:35 AM: Invoking solver CPLEX  to obtain a solution.
Version identifier: 22.1.0.0 | 2022-03-09 | 1a383f8ce
CPXPARAM_Read_DataCheck                          1
CPXPARAM_TimeLimit                               30
Tried aggregator 2 times.
MIP Presolve eliminated 4368 rows and 2173 columns.
MIP Presolve modified 15902 coefficients.
Aggregator did 63 substitutions.
Reduced MIP has 3331 rows, 2346 columns, and 49778 nonzeros.
Reduced MIP has 2345 binaries, 0 generals, 0 SOSs, and 0 indicators.
Presolve time = 0.12 sec. (159.75 ticks)
Found incumbent of value 0.990000 after 0.13 sec. (167.76 ticks)
Probing time = 0.01 sec. (5.80 ticks)
Tried aggregator 1 time.
Detecting symmetries...
MIP Presolve eliminated 14 rows and 1 columns.
MIP Presolve modified 6 coefficients.
Reduced MIP has 3317 rows, 2333 columns, and 49712 nonzeros.
Reduced MIP has 2332 binaries, 1 generals, 0 SOSs, and 0 indicators.
Presolve time = 0.05 sec. (62.20 ticks)
Probing time = 0.01 sec. (5.56 ticks)
Clique table members: 18908.
MIP emphasis: balance optimality and feasibility.
MIP search method: dynamic search.
Parallel mode: deterministic, using up to 8 threads.
Root relaxation solution time = 0.09 sec. (76.87 ticks)

        Nodes                                         Cuts/
   Node  Left     Objective  IInf  Best Integer    Best Bound    ItCnt     Gap

*     0+    0                            0.9900        0.3265            67.02%
      0     0        0.3837    85        0.9900        0.3837      507   61.24%
*     0+    0                            0.3947        0.3837             2.79%
      0     0        0.3919   200        0.3947     Cuts: 106      753    0.71%
      0     0        0.3927   101        0.3947      Cuts: 89      879    0.50%

Repeating presolve.
Tried aggregator 2 times.
MIP Presolve eliminated 1969 rows and 1179 columns.
MIP Presolve modified 3820 coefficients.
Aggregator did 19 substitutions.
Reduced MIP has 1326 rows, 1089 columns, and 18031 nonzeros.
Reduced MIP has 1088 binaries, 1 generals, 0 SOSs, and 0 indicators.
Presolve time = 0.06 sec. (71.23 ticks)
Probing fixed 120 vars, tightened 0 bounds.
Probing changed sense of 17 constraints.
Probing time = 0.01 sec. (4.26 ticks)
Tried aggregator 2 times.
MIP Presolve eliminated 297 rows and 160 columns.
MIP Presolve modified 3788 coefficients.
Aggregator did 3 substitutions.
Reduced MIP has 1026 rows, 926 columns, and 13831 nonzeros.
Reduced MIP has 925 binaries, 1 generals, 0 SOSs, and 0 indicators.
Presolve time = 0.02 sec. (29.81 ticks)
Probing time = 0.00 sec. (2.68 ticks)
Tried aggregator 1 time.
Detecting symmetries...
Reduced MIP has 1026 rows, 926 columns, and 13831 nonzeros.
Reduced MIP has 925 binaries, 1 generals, 0 SOSs, and 0 indicators.
Presolve time = 0.01 sec. (7.87 ticks)
Represolve time = 0.12 sec. (129.23 ticks)
Probing time = 0.00 sec. (2.71 ticks)
Clique table members: 3297.
MIP emphasis: balance optimality and feasibility.
MIP search method: dynamic search.
Parallel mode: deterministic, using up to 8 threads.
Root relaxation solution time = 0.01 sec. (15.73 ticks)

        Nodes                                         Cuts/
   Node  Left     Objective  IInf  Best Integer    Best Bound    ItCnt     Gap

*     0+    0                            0.3947        0.3927             0.50%
      0     0        0.3932    87        0.3947        0.3932     1128    0.38%
      0     0        cutoff              0.3947                   1128    0.00%
Elapsed time = 0.93 sec. (779.50 ticks, tree = 0.01 MB, solutions = 2)

GUB cover cuts applied:  12
Clique cuts applied:  23
Implied bound cuts applied:  24
Flow cuts applied:  1
Mixed integer rounding cuts applied:  5
Zero-half cuts applied:  16
Lift and project cuts applied:  1
Gomory fractional cuts applied:  1

Root node processing (before b&c):
  Real time             =    0.93 sec. (779.65 ticks)
Parallel b&c, 8 threads:
  Real time             =    0.00 sec. (0.00 ticks)
  Sync time (average)   =    0.00 sec.
  Wait time (average)   =    0.00 sec.
                          ------------
Total (root+branch&cut) =    0.93 sec. (779.65 ticks)
-------------------------------------------------------------------------------
                                    Summary                                    
-------------------------------------------------------------------------------
(CVXPY) Nov 20 09:48:36 AM: Problem status: optimal
(CVXPY) Nov 20 09:48:36 AM: Optimal value: 3.947e-01
(CVXPY) Nov 20 09:48:36 AM: Compilation took 7.416e-02 seconds
(CVXPY) Nov 20 09:48:36 AM: Solver (including time spent in interface) took 1.021e+00 seconds
The optimal value is 0.39468085106382983
###############################################
################## SCHEDULE ####################
###############################################
Activity: Initial Activity (1) 	 Start Period: 0 	 End Period: 0
Activity: An Introduction to Human Experience Management (HX (12.0) 	 Start Period: 1 	 End Period: 1
Activity: SAP Environment, Health, and Safety for Operationa (12.0) 	 Start Period: 1 	 End Period: 1
Activity: Manage Your External Workforce Program with SAP Fi (12.0) 	 Start Period: 1 	 End Period: 1
Activity: Product Compliance in a Nutshell (12.0) 	 Start Period: 1 	 End Period: 1
Activity: SAP SuccessFactors Learning – Get Your Implementat (12.0) 	 Start Period: 1 	 End Period: 1
Activity: Intelligent Enterprise – Hire to Retire Track (202 (10.0) 	 Start Period: 1 	 End Period: 2
Activity: Discover the Environment, Health & Safety modules  (6.0) 	 Start Period: 2 	 End Period: 2
Activity: Get Started with SAP Emarsys Customer Engagement (1.0) 	 Start Period: 2 	 End Period: 2
Activity: Discover SAP Sales Cloud (6.0) 	 Start Period: 2 	 End Period: 2
Activity: Implement SAP Service Cloud (5.0) 	 Start Period: 2 	 End Period: 2
Activity: Explore Supply Chain Business Scenarios in SAP S/4 (10.0) 	 Start Period: 2 	 End Period: 2
Activity: Discover SAP S/4HANA Asset Management and SAP S/4H (5.0) 	 Start Period: 2 	 End Period: 2
Activity: Outlining the Finance Overview in SAP S/4HANA (7.0) 	 Start Period: 2 	 End Period: 2
Activity: Intrapreneurship – Employee-driven Innovation (4.0) 	 Start Period: 2 	 End Period: 2
Activity: Intelligent Spend Management Using SAP Concur (Rep (8.0) 	 Start Period: 2 	 End Period: 2
Activity: Confidential Communication in the Internet (10.0) 	 Start Period: 2 	 End Period: 2
Activity: Facilitate Remote Collaboration Like a Pro (Repeat (16.0) 	 Start Period: 2 	 End Period: 2
Solve time: 0.93
Job affinity: 60.638
Skills per Unit
	 Initial Activity:
	 Discover the Environment, Health & Safety modules in SAP S/4HANA:
		 Develop organisational methods or procedures
		 Manage control system activities in organisations
		 Inspect work environments to ensure safety
		 Investigate safety of work environment
		 Consult with others regarding health and safety associated with equipment or facilities
		 Develop procedures to evaluate organisational activities
		 Implement organisational process or policy changes
		 Establish business management methods
		 Prepare operational progress or status reports
		 Develop operating strategies, plans or procedures
		 Direct organisational operations, projects or services
		 Prepare reports related to compliance matters
		 Train employees on environmental awareness, conservation or safety topics
		 Recommend organisational process or policy changes
		 Develop organisational policies or programs
		 Manage operations, research or logistics projects
		 Assess risks to business operations
		 Manage environmental sustainability projects
		 Evaluate staff practices to ensure adherence to regulations
		 Analyse data to inform operational decisions or activities
		 Communicate organisational information to customers or other stakeholders
	 Outlining the Finance Overview in SAP S/4HANA:
		 Prepare financial documents, reports or budgets
		 Direct financial operations
		 Analyse financial records to improve budgeting or planning
		 Prepare reports related to compliance matters
		 Analyse financial records to improve efficiency
		 Analyse business or financial data
		 Prepare operational budgets
	 Get Started with SAP Emarsys Customer Engagement:
		 Develop marketing plans or strategies
	 Discover SAP Sales Cloud:
		 Direct sales, marketing or customer service activities
		 Analyse data to inform operational decisions or activities
		 Negotiate sales or lease agreements for goods or services
		 Develop operating strategies, plans or procedures
		 Negotiate contracts for transportation, distribution or logistics services
		 Analyse data to assess operational or project effectiveness
	 Implement SAP Service Cloud:
		 Develop operating strategies, plans or procedures
		 Direct administrative or support services
		 Investigate system, equipment or product failures
		 Direct organisational operations, projects or services
		 Develop emergency procedures
		 Establish organisational guidelines or policies
		 Consult with others regarding health and safety associated with equipment or facilities
	 Explore Supply Chain Business Scenarios in SAP S/4HANA Cloud, public edition:
		 Establish business management methods
		 Manage operations, research or logistics projects
		 Develop operating strategies, plans or procedures
		 Evaluate employee performance
		 Direct organisational operations, projects or services
	 Discover SAP S/4HANA Asset Management and SAP S/4HANA Service:
		 Direct administrative or support services
		 Direct organisational operations, projects or services
		 Manage control system activities in organisations
		 Establish business management methods
		 Manage operations, research or logistics projects
		 Develop operating strategies, plans or procedures
		 Assess risks to business operations
		 Advise others on business or operational matters
		 Prepare operational budgets
		 Determine resource needs
		 Prepare operational progress or status reports
		 Consult with others regarding health and safety associated with equipment or facilities
		 Hire staff
	 Intelligent Enterprise – Hire to Retire Track (2023 Edition):
		 Advise others on human resources topics
		 Manage human resources activities
		 Analyse data to inform staffing decisions
		 Conduct employee training programs
		 Develop organisational policies or programs
		 Evaluate staff practices to ensure adherence to regulations
	 Facilitate Remote Collaboration Like a Pro (Repeat):
		 Confer with peers to accomplish work
		 Evaluate training programs, instructors or materials
	 SAP SuccessFactors Learning – Get Your Implementation Right! (Repeat):
		 Conduct employee training programs
		 Evaluate training programs, instructors or materials
		 Develop organisational goals or objectives
	 Product Compliance in a Nutshell:
		 Determine operational compliance with regulations or standards
		 Prepare reports related to compliance matters
		 Monitor organisational compliance with regulations
		 Establish organisational guidelines or policies
		 Evaluate staff practices to ensure adherence to regulations
	 Intelligent Spend Management Using SAP Concur (Repeat):
		 Analyse financial records to improve budgeting or planning
		 Evaluate training programs, instructors or materials
		 Prepare operational budgets
		 Prepare financial documents, reports or budgets
		 Direct organisational operations, projects or services
		 Approve expenditures
		 Analyse financial records to improve efficiency
	 Manage Your External Workforce Program with SAP Fieldglass:
		 Conduct employee training programs
		 Represent the organisation in external relations
		 Coordinate operational activities with external stakeholders
		 Direct organisational operations, projects or services
		 Develop organisational policies or programs
		 Communicate organisational information to customers or other stakeholders
		 Evaluate training programs, instructors or materials
	 Confidential Communication in the Internet:
		 Coordinate with external parties to exchange information
	 SAP Environment, Health, and Safety for Operational Sustainability:
		 Inspect work environments to ensure safety
		 Investigate safety of work environment
		 Consult with others regarding health and safety associated with equipment or facilities
		 Train employees on environmental awareness, conservation or safety topics
		 Advise communities or institutions regarding health or safety issues
		 Evaluate staff practices to ensure adherence to regulations
		 Manage environmental sustainability projects
		 Investigate industrial or transportation accidents
		 Assess risks to business operations
	 An Introduction to Human Experience Management (HXM):
		 Conduct employee training programs
		 Manage human resources activities
		 Advise others on career or personal development
	 Intrapreneurship – Employee-driven Innovation:
		 Establish interpersonal business relationships to facilitate work activities
		 Conduct employee training programs
		 Develop operating strategies, plans or procedures
		 Advise others on business or operational matters
Skills for Job 132
Develop organisational policies or programs
Communicate organisational policies and procedures
Direct financial operations
Direct organisational operations, projects or services
Implement organisational process or policy changes
Direct sales, marketing or customer service activities
Confer with peers to accomplish work
Analyse data to assess operational or project effectiveness
Manage human resources activities
Analyse data to inform operational decisions or activities
Manage construction activities
Prepare staff schedules or work assignments
Resolve employee or contractor problems
Negotiate contracts for transportation, distribution or logistics services
Direct administrative or support services
Draft legislation or regulations
Present information to the public
Prepare operational budgets
Advise others on legal or regulatory compliance matters
Represent the organisation in external relations
Liaise between departments or other groups to improve function or communication
Coordinate special events or programs
Prepare financial documents, reports or budgets
Prepare operational progress or status reports
Coordinate with external parties to exchange information
Promote goods, services, or programs
Advise communities or institutions regarding health or safety issues
Analyse data to identify trends or relationships among variables
Analyse operational data to evaluate operations, processes or products
Consult with others regarding health and safety associated with equipment or facilities
Design public or employee health programs
Develop emergency procedures
Inspect work environments to ensure safety
Investigate safety of work environment
Investigate system, equipment or product failures
Train employees on environmental awareness, conservation or safety topics
Provide basic information to guests, visitors, or clients
Monitor performance of organisational members or partners
Analyse financial records to improve efficiency
Determine pricing or monetary policies
Develop marketing plans or strategies
Plan facility layouts or designs
Develop organisational goals or objectives
Manage environmental sustainability projects
Conduct employee training programs
Hire staff
Recommend organisational process or policy changes
Determine resource needs
Coordinate operational activities with external stakeholders
Develop operating strategies, plans or procedures
Establish interpersonal business relationships to facilitate work activities
Communicate organisational information to customers or other stakeholders
Manage operations, research or logistics projects
Develop organisational methods or procedures
Recruit staff
Evaluate employee performance
Supervise employees
Approve expenditures
Prepare proposals or grant applications to obtain project funding
Administer compensation or benefits programs
Negotiate labour disputes
Compile operational data
Maintain staff records
Interview employees, customers or others to collect information
Maintain knowledge of current developments in area of expertise
Analyse data to inform staffing decisions
Estimate labour requirements
Investigate industrial or transportation accidents
Prepare reports related to compliance matters
Advise others on career or personal development
Negotiate sales or lease agreements for goods or services
Advise others on business or operational matters
Collect payments for goods or services
Analyse business or financial data
Monitor flow of cash or other resources
Monitor organisational compliance with regulations
Analyse financial records to improve budgeting or planning
Manage control system activities in organisations
Conduct financial or regulatory audits
Advise others on human resources topics
Arrange collective bargaining agreements
Assess risks to business operations
Establish business management methods
Establish organisational guidelines or policies
Evaluate staff practices to ensure adherence to regulations
Measure effectiveness of business strategies or practices
Negotiate agreements to resolve disputes
Train managerial staff
Update knowledge of legal or regulatory environments
Conduct opinion surveys or needs assessments
Determine operational compliance with regulations or standards
Develop procedures to evaluate organisational activities
Evaluate program effectiveness
Evaluate training programs, instructors or materials
