Read instances: 0.17 s
Generate matrices: 7.08 s
===============================================================================
                                     CVXPY                                     
                                     v1.3.0                                    
===============================================================================
(CVXPY) Oct 19 04:44:30 PM: Your problem has 4061 variables, 19 constraints, and 0 parameters.
(CVXPY) Oct 19 04:44:30 PM: It is compliant with the following grammars: DCP, DQCP
(CVXPY) Oct 19 04:44:30 PM: (If you need to solve this problem multiple times, but with different data, consider using parameters.)
(CVXPY) Oct 19 04:44:30 PM: CVXPY will first compile your problem; then, it will invoke a numerical solver to obtain a solution.
-------------------------------------------------------------------------------
                                  Compilation                                  
-------------------------------------------------------------------------------
(CVXPY) Oct 19 04:44:30 PM: Compiling problem (target solver=CPLEX).
(CVXPY) Oct 19 04:44:30 PM: Reduction chain: CvxAttr2Constr -> Qp2SymbolicQp -> QpMatrixStuffing -> CPLEX
(CVXPY) Oct 19 04:44:30 PM: Applying reduction CvxAttr2Constr
(CVXPY) Oct 19 04:44:30 PM: Applying reduction Qp2SymbolicQp
(CVXPY) Oct 19 04:44:30 PM: Applying reduction QpMatrixStuffing
(CVXPY) Oct 19 04:44:30 PM: Applying reduction CPLEX
(CVXPY) Oct 19 04:44:30 PM: Finished problem compilation (took 7.011e-02 seconds).
-------------------------------------------------------------------------------
                                Numerical solver                               
-------------------------------------------------------------------------------
(CVXPY) Oct 19 04:44:30 PM: Invoking solver CPLEX  to obtain a solution.
Version identifier: 22.1.0.0 | 2022-03-09 | 1a383f8ce
CPXPARAM_Read_DataCheck                          1
CPXPARAM_TimeLimit                               30
Tried aggregator 2 times.
MIP Presolve eliminated 4531 rows and 2272 columns.
MIP Presolve modified 16022 coefficients.
Aggregator did 53 substitutions.
Reduced MIP has 3380 rows, 2386 columns, and 50152 nonzeros.
Reduced MIP has 2385 binaries, 0 generals, 0 SOSs, and 0 indicators.
Presolve time = 0.10 sec. (142.64 ticks)
Found incumbent of value 0.990000 after 0.11 sec. (150.89 ticks)
Probing fixed 8 vars, tightened 0 bounds.
Probing time = 0.03 sec. (28.55 ticks)
Tried aggregator 1 time.
Detecting symmetries...
MIP Presolve eliminated 25 rows and 8 columns.
MIP Presolve modified 44 coefficients.
Reduced MIP has 3355 rows, 2367 columns, and 49974 nonzeros.
Reduced MIP has 2366 binaries, 1 generals, 0 SOSs, and 0 indicators.
Presolve time = 0.04 sec. (48.69 ticks)
Probing time = 0.01 sec. (8.07 ticks)
Clique table members: 22497.
MIP emphasis: balance optimality and feasibility.
MIP search method: dynamic search.
Parallel mode: deterministic, using up to 8 threads.
Root relaxation solution time = 0.05 sec. (44.12 ticks)

        Nodes                                         Cuts/
   Node  Left     Objective  IInf  Best Integer    Best Bound    ItCnt     Gap

*     0+    0                            0.9900        0.4318            56.38%
      0     0        0.5651    92        0.9900        0.5651      318   42.92%
*     0+    0                            0.5737        0.5651             1.50%
      0     0        0.5660    44        0.5737     Cuts: 141      370    1.35%
      0     0        0.5701   141        0.5737      Cuts: 48      795    0.63%

Repeating presolve.
Tried aggregator 1 time.
MIP Presolve eliminated 2833 rows and 1913 columns.
MIP Presolve modified 2922 coefficients.
Reduced MIP has 517 rows, 369 columns, and 5750 nonzeros.
Reduced MIP has 368 binaries, 1 generals, 0 SOSs, and 0 indicators.
Presolve time = 0.02 sec. (24.12 ticks)
Probing fixed 40 vars, tightened 0 bounds.
Probing changed sense of 12 constraints.
Probing time = 0.00 sec. (3.16 ticks)
Cover probing fixed 0 vars, tightened 5 bounds.
Tried aggregator 2 times.
MIP Presolve eliminated 170 rows and 80 columns.
MIP Presolve modified 654 coefficients.
Aggregator did 2 substitutions.
Reduced MIP has 345 rows, 287 columns, and 4153 nonzeros.
Reduced MIP has 286 binaries, 1 generals, 0 SOSs, and 0 indicators.
Presolve time = 0.01 sec. (7.68 ticks)
Probing time = 0.00 sec. (1.68 ticks)
Tried aggregator 1 time.
Detecting symmetries...
MIP Presolve eliminated 1 rows and 0 columns.
Reduced MIP has 344 rows, 287 columns, and 4142 nonzeros.
Reduced MIP has 286 binaries, 1 generals, 0 SOSs, and 0 indicators.
Presolve time = 0.00 sec. (2.58 ticks)
Represolve time = 0.04 sec. (45.82 ticks)
Probing time = 0.00 sec. (1.64 ticks)
Clique table members: 1299.
MIP emphasis: balance optimality and feasibility.
MIP search method: dynamic search.
Parallel mode: deterministic, using up to 8 threads.
Root relaxation solution time = 0.00 sec. (3.86 ticks)

        Nodes                                         Cuts/
   Node  Left     Objective  IInf  Best Integer    Best Bound    ItCnt     Gap

*     0+    0                            0.5737        0.5701             0.63%
      0     0        0.5703    94        0.5737        0.5703      928    0.60%
      0     0        0.5706    90        0.5737      Cuts: 99      976    0.55%
      0     0        0.5707    82        0.5737      Cuts: 65      998    0.53%
      0     0        0.5707    83        0.5737      Cuts: 13     1003    0.53%
      0     0        0.5707    70        0.5737   ZeroHalf: 6     1011    0.52%
      0     0        0.5707    78        0.5737       Cuts: 6     1022    0.52%
      0     0        cutoff              0.5737                   1022    0.00%
Elapsed time = 0.63 sec. (562.41 ticks, tree = 0.01 MB, solutions = 2)

GUB cover cuts applied:  9
Clique cuts applied:  28
Cover cuts applied:  1
Implied bound cuts applied:  3
Mixed integer rounding cuts applied:  2
Zero-half cuts applied:  35
Gomory fractional cuts applied:  10

Root node processing (before b&c):
  Real time             =    0.63 sec. (562.59 ticks)
Parallel b&c, 8 threads:
  Real time             =    0.00 sec. (0.00 ticks)
  Sync time (average)   =    0.00 sec.
  Wait time (average)   =    0.00 sec.
                          ------------
Total (root+branch&cut) =    0.63 sec. (562.59 ticks)
-------------------------------------------------------------------------------
                                    Summary                                    
-------------------------------------------------------------------------------
(CVXPY) Oct 19 04:44:30 PM: Problem status: optimal
(CVXPY) Oct 19 04:44:30 PM: Optimal value: 5.737e-01
(CVXPY) Oct 19 04:44:30 PM: Compilation took 7.011e-02 seconds
(CVXPY) Oct 19 04:44:30 PM: Solver (including time spent in interface) took 7.132e-01 seconds
The optimal value is 0.5737234042553192
###############################################
################## SCHEDULE ####################
###############################################
Activity: Initial Activity (1) 	 Start Period: 0 	 End Period: 0
Activity: Bereit für die Digitalisierung? Digitales Talent M (10.0) 	 Start Period: 1 	 End Period: 1
Activity: Discover the Environment, Health & Safety modules  (6.0) 	 Start Period: 1 	 End Period: 1
Activity: Discover SAP S/4HANA Asset Management and SAP S/4H (5.0) 	 Start Period: 1 	 End Period: 1
Activity: Intrapreneurship – Employee-driven Innovation (4.0) 	 Start Period: 1 	 End Period: 1
Activity: Manage Your External Workforce Program with SAP Fi (12.0) 	 Start Period: 1 	 End Period: 1
Activity: Intelligent Spend Management Using SAP Concur (Rep (8.0) 	 Start Period: 1 	 End Period: 2
Activity: Get Started with SAP Emarsys Customer Engagement (1.0) 	 Start Period: 2 	 End Period: 2
Activity: Databases Course (3.0) 	 Start Period: 2 	 End Period: 2
Activity: Advanced HTML and CSS Course (16.0) 	 Start Period: 2 	 End Period: 2
Activity: Product Compliance in a Nutshell (12.0) 	 Start Period: 2 	 End Period: 2
Solve time: 0.63
Job affinity: 42.553
Skills per Unit
	 Initial Activity:
	 Discover the Environment, Health & Safety modules in SAP S/4HANA:
		 Prepare operational reports or records
		 Develop procedures to evaluate organisational activities
		 Develop safety standards, policies or procedures
		 Implement organisational process or policy changes
		 Prepare operational progress or status reports
		 Develop operating strategies, plans or procedures
		 Direct organisational operations, projects or services
		 Recommend organisational process or policy changes
		 Develop organisational policies or programs
		 Manage operations, research or logistics projects
		 Maintain operational records
		 Maintain data in information systems or databases
		 Analyse data to inform operational decisions or activities
		 Monitor facilities or operational systems
	 Get Started with SAP Emarsys Customer Engagement:
		 Develop promotional materials
	 Discover SAP S/4HANA Asset Management and SAP S/4HANA Service:
		 Direct administrative or support services
		 Direct facility maintenance or repair activities
		 Direct organisational operations, projects or services
		 Inspect condition, or functioning, of facilities or equipment
		 Manage operations, research or logistics projects
		 Monitor facilities or operational systems
		 Manage health care operations
		 Develop operating strategies, plans or procedures
		 Advise others on business or operational matters
		 Prepare operational budgets
		 Determine resource needs
		 Prepare operational progress or status reports
		 Hire staff
		 Manage outreach activities
	 Databases Course:
		 Maintain data in information systems or databases
		 Maintain client records
	 Advanced HTML and CSS Course:
		 Develop strategies or programs for students with accessibility needs
		 Maintain a working understanding of the cultural, diversity and accessibility needs of others, and how this applies to the role
		 Develop educational goals, standards, policies or procedures
	 Product Compliance in a Nutshell:
		 Determine operational compliance with regulations or standards
		 Maintain regulatory or compliance documentation
		 Develop safety standards, policies or procedures
	 Intelligent Spend Management Using SAP Concur (Repeat):
		 Manage organisational or project budgets
		 Prepare operational budgets
		 Prepare financial documents, reports or budgets
		 Direct organisational operations, projects or services
		 Approve expenditures
	 Manage Your External Workforce Program with SAP Fieldglass:
		 Conduct employee training programs
		 Represent the organisation in external relations
		 Coordinate operational activities with external stakeholders
		 Direct organisational operations, projects or services
		 Develop organisational policies or programs
	 Intrapreneurship – Employee-driven Innovation:
		 Establish interpersonal business relationships to facilitate work activities
		 Conduct employee training programs
		 Develop operating strategies, plans or procedures
		 Confer with co-workers or internal stakeholders to coordinate operational activities
		 Advise others on business or operational matters
	 Bereit für die Digitalisierung? Digitales Talent Management:
		 Manage human resources activities
		 Conduct employee training programs
		 Evaluate performance of educational staff
Skills for Job 134
Supervise employees
Advise others on career or personal development
Develop educational goals, standards, policies or procedures
Direct facility maintenance or repair activities
Evaluate program effectiveness
Determine operational compliance with regulations or standards
Teach in area of specialisation
Manage outreach activities
Serve on institutional or departmental committees
Develop operating strategies, plans or procedures
Advise others on business or operational matters
Conduct employee training programs
Prepare operational progress or status reports
Maintain staff records
Approve expenditures
Prepare operational budgets
Coordinate special events or programs
Develop organisational policies or programs
Establish interpersonal business relationships to facilitate work activities
Analyse data to inform operational decisions or activities
Evaluate student work
Develop safety standards, policies or procedures
Develop promotional materials
Recommend organisational process or policy changes
Prepare forms or applications
Conduct opinion surveys or needs assessments
Promote goods, services, or programs
Prepare financial documents, reports or budgets
Prepare proposals or grant applications to obtain project funding
Hire staff
Recruit staff
Coordinate operational activities with external stakeholders
Maintain knowledge of current developments in area of expertise
Maintain operational records
Evaluate employee performance
Implement organisational process or policy changes
Direct financial operations
Advise others on health care issues
Collaborate with health care professionals to plan or provide treatment
Maintain a working understanding of the cultural, diversity and accessibility needs of others, and how this applies to the role
Train medical providers
Manage health care operations
Manage human resources activities
Prepare staff schedules or work assignments
Liaise between departments or other groups to improve function or communication
Develop organisational goals or objectives
Develop procedures to evaluate organisational activities
Monitor resources
Analyse risks to minimise losses or damages
Monitor facilities or operational systems
Advise others on legal or regulatory compliance matters
Inspect condition, or functioning, of facilities or equipment
Manage operations, research or logistics projects
Teach classes in area of specialisation
Direct organisational operations, projects or services
Monitor performance of organisational members or partners
Maintain regulatory or compliance documentation
Estimate labour requirements
Determine resource needs
Manage organisational or project budgets
Communicate with government agencies
Present information to the public
Direct administrative or support services
Represent the organisation in external relations
Conduct financial or regulatory audits
Confer with peers to accomplish work
Schedule activities or facility use
Prepare operational reports or records
Prepare reports detailing student activities or performance
Develop programs, policies or services that are culturally appropriate
Supervise medical support staff
Assess individual or community needs for educational or social services
Direct health care delivery programs
Research social issues
Coordinate and administer community or social service programs
Confer with co-workers or internal stakeholders to coordinate operational activities
Provide mentorship and guidance to staff
Provide leadership to align operational activities with the organisation’s vision and goals
Maintain data in information systems or databases
Establish nursing policies or standards
Advise educators on curricula, instructional methods or policies
Prepare tests
Administer tests to assess educational needs or progress
Process medical billing information
Maintain client records
Verify accuracy of patient information
Schedule appointments
Attend training sessions or events to develop or maintain professional knowledge
Collaborate with other teaching professionals to develop educational programs
Develop strategies or programs for students with accessibility needs
Discuss student progress with parents or guardians
Enforce rules or policies governing student behaviour
Establish rules or policies governing student behaviour
Evaluate performance of educational staff
