Read instances: 0.19 s
Generate matrices: 6.83 s
===============================================================================
                                     CVXPY                                     
                                     v1.3.0                                    
===============================================================================
(CVXPY) Nov 20 09:48:55 AM: Your problem has 3969 variables, 19 constraints, and 0 parameters.
(CVXPY) Nov 20 09:48:55 AM: It is compliant with the following grammars: DCP, DQCP
(CVXPY) Nov 20 09:48:55 AM: (If you need to solve this problem multiple times, but with different data, consider using parameters.)
(CVXPY) Nov 20 09:48:55 AM: CVXPY will first compile your problem; then, it will invoke a numerical solver to obtain a solution.
-------------------------------------------------------------------------------
                                  Compilation                                  
-------------------------------------------------------------------------------
(CVXPY) Nov 20 09:48:55 AM: Compiling problem (target solver=CPLEX).
(CVXPY) Nov 20 09:48:55 AM: Reduction chain: CvxAttr2Constr -> Qp2SymbolicQp -> QpMatrixStuffing -> CPLEX
(CVXPY) Nov 20 09:48:55 AM: Applying reduction CvxAttr2Constr
(CVXPY) Nov 20 09:48:55 AM: Applying reduction Qp2SymbolicQp
(CVXPY) Nov 20 09:48:55 AM: Applying reduction QpMatrixStuffing
(CVXPY) Nov 20 09:48:55 AM: Applying reduction CPLEX
(CVXPY) Nov 20 09:48:55 AM: Finished problem compilation (took 8.075e-02 seconds).
-------------------------------------------------------------------------------
                                Numerical solver                               
-------------------------------------------------------------------------------
(CVXPY) Nov 20 09:48:55 AM: Invoking solver CPLEX  to obtain a solution.
Version identifier: 22.1.0.0 | 2022-03-09 | 1a383f8ce
CPXPARAM_Read_DataCheck                          1
CPXPARAM_TimeLimit                               30
Tried aggregator 2 times.
MIP Presolve eliminated 4447 rows and 2217 columns.
MIP Presolve modified 15902 coefficients.
Aggregator did 52 substitutions.
Reduced MIP has 3329 rows, 2344 columns, and 49770 nonzeros.
Reduced MIP has 2343 binaries, 0 generals, 0 SOSs, and 0 indicators.
Presolve time = 0.13 sec. (158.91 ticks)
Found incumbent of value 0.990000 after 0.14 sec. (166.93 ticks)
Probing time = 0.01 sec. (5.82 ticks)
Tried aggregator 1 time.
Detecting symmetries...
MIP Presolve eliminated 12 rows and 1 columns.
MIP Presolve modified 6 coefficients.
Reduced MIP has 3317 rows, 2333 columns, and 49712 nonzeros.
Reduced MIP has 2332 binaries, 1 generals, 0 SOSs, and 0 indicators.
Presolve time = 0.06 sec. (62.24 ticks)
Probing time = 0.01 sec. (5.42 ticks)
Clique table members: 18859.
MIP emphasis: balance optimality and feasibility.
MIP search method: dynamic search.
Parallel mode: deterministic, using up to 8 threads.
Root relaxation solution time = 0.11 sec. (87.81 ticks)

        Nodes                                         Cuts/
   Node  Left     Objective  IInf  Best Integer    Best Bound    ItCnt     Gap

*     0+    0                            0.9900        0.4423            55.32%
      0     0        0.4769    84        0.9900        0.4769      545   51.82%
*     0+    0                            0.4895        0.4769             2.56%
      0     0        0.4806   120        0.4895     Cuts: 101      715    1.82%
      0     0        0.4806    67        0.4895     Cuts: 120      750    1.82%

Repeating presolve.
Tried aggregator 2 times.
MIP Presolve eliminated 1829 rows and 1092 columns.
MIP Presolve modified 3538 coefficients.
Aggregator did 3 substitutions.
Reduced MIP has 1485 rows, 1186 columns, and 20231 nonzeros.
Reduced MIP has 1185 binaries, 1 generals, 0 SOSs, and 0 indicators.
Presolve time = 0.07 sec. (74.86 ticks)
Probing fixed 151 vars, tightened 0 bounds.
Probing changed sense of 10 constraints.
Probing time = 0.01 sec. (5.12 ticks)
Tried aggregator 2 times.
MIP Presolve eliminated 362 rows and 189 columns.
MIP Presolve modified 4154 coefficients.
Aggregator did 3 substitutions.
Reduced MIP has 1120 rows, 994 columns, and 15114 nonzeros.
Reduced MIP has 993 binaries, 1 generals, 0 SOSs, and 0 indicators.
Presolve time = 0.03 sec. (33.60 ticks)
Probing time = 0.00 sec. (2.76 ticks)
Tried aggregator 1 time.
Detecting symmetries...
Reduced MIP has 1120 rows, 994 columns, and 15114 nonzeros.
Reduced MIP has 993 binaries, 1 generals, 0 SOSs, and 0 indicators.
Presolve time = 0.01 sec. (8.49 ticks)
Represolve time = 0.13 sec. (139.28 ticks)
Probing time = 0.00 sec. (2.78 ticks)
Clique table members: 3920.
MIP emphasis: balance optimality and feasibility.
MIP search method: dynamic search.
Parallel mode: deterministic, using up to 8 threads.
Root relaxation solution time = 0.02 sec. (19.35 ticks)

        Nodes                                         Cuts/
   Node  Left     Objective  IInf  Best Integer    Best Bound    ItCnt     Gap

*     0+    0                            0.4895        0.4806             1.82%
      0     0        0.4811    77        0.4895        0.4811     1040    1.70%
      0     0        0.4813    87        0.4895     Cuts: 196     1064    1.67%
      0     0        0.4830    73        0.4895      Cuts: 79     1101    1.32%
      0     0        0.4830    70        0.4895      Cuts: 51     1108    1.32%
      0     0        0.4830    70        0.4895    MIRcuts: 1     1109    1.32%
      0     0        cutoff              0.4895        0.4895     1109    0.00%
Elapsed time = 1.01 sec. (846.98 ticks, tree = 0.01 MB, solutions = 2)

GUB cover cuts applied:  3
Clique cuts applied:  9
Implied bound cuts applied:  40
Flow cuts applied:  6
Mixed integer rounding cuts applied:  11
Zero-half cuts applied:  45
Gomory fractional cuts applied:  2

Root node processing (before b&c):
  Real time             =    1.01 sec. (847.20 ticks)
Parallel b&c, 8 threads:
  Real time             =    0.00 sec. (0.00 ticks)
  Sync time (average)   =    0.00 sec.
  Wait time (average)   =    0.00 sec.
                          ------------
Total (root+branch&cut) =    1.01 sec. (847.20 ticks)
-------------------------------------------------------------------------------
                                    Summary                                    
-------------------------------------------------------------------------------
(CVXPY) Nov 20 09:48:56 AM: Problem status: optimal
(CVXPY) Nov 20 09:48:56 AM: Optimal value: 4.895e-01
(CVXPY) Nov 20 09:48:56 AM: Compilation took 8.075e-02 seconds
(CVXPY) Nov 20 09:48:56 AM: Solver (including time spent in interface) took 1.093e+00 seconds
The optimal value is 0.48946808510638296
###############################################
################## SCHEDULE ####################
###############################################
Activity: Initial Activity (1) 	 Start Period: 0 	 End Period: 0
Activity: Getting Hired Course (13.0) 	 Start Period: 1 	 End Period: 1
Activity: Get Started with SAP Emarsys Customer Engagement (1.0) 	 Start Period: 1 	 End Period: 1
Activity: Databases Course (3.0) 	 Start Period: 1 	 End Period: 1
Activity: Performing Overhead Cost Controlling in SAP S/4HAN (9.0) 	 Start Period: 1 	 End Period: 1
Activity: Discover SAP S/4HANA Asset Management and SAP S/4H (5.0) 	 Start Period: 1 	 End Period: 1
Activity: Intrapreneurship – Employee-driven Innovation (4.0) 	 Start Period: 1 	 End Period: 1
Activity: Intelligent Spend Management Using SAP Concur (Rep (8.0) 	 Start Period: 1 	 End Period: 1
Activity: Manage Your External Workforce Program with SAP Fi (12.0) 	 Start Period: 1 	 End Period: 1
Activity: Product Compliance in a Nutshell (12.0) 	 Start Period: 1 	 End Period: 1
Activity: An Introduction to Human Experience Management (HX (12.0) 	 Start Period: 1 	 End Period: 1
Activity: Facilitate Remote Collaboration Like a Pro (Repeat (16.0) 	 Start Period: 1 	 End Period: 2
Activity: Discover the Environment, Health & Safety modules  (6.0) 	 Start Period: 2 	 End Period: 2
Activity: Advanced HTML and CSS Course (16.0) 	 Start Period: 2 	 End Period: 2
Activity: Outlining the Finance Overview in SAP S/4HANA (7.0) 	 Start Period: 2 	 End Period: 2
Activity: How Social Enterprises Enhance Corporate Supply Ch (16.0) 	 Start Period: 2 	 End Period: 2
Activity: SAP SuccessFactors Learning – Get Your Implementat (12.0) 	 Start Period: 2 	 End Period: 2
Solve time: 1.01
Job affinity: 51.064
Skills per Unit
	 Initial Activity:
	 Discover the Environment, Health & Safety modules in SAP S/4HANA:
		 Prepare operational reports or records
		 Develop procedures to evaluate organisational activities
		 Develop safety standards, policies or procedures
		 Implement organisational process or policy changes
		 Prepare operational progress or status reports
		 Develop operating strategies, plans or procedures
		 Direct organisational operations, projects or services
		 Recommend organisational process or policy changes
		 Develop organisational policies or programs
		 Manage operations, research or logistics projects
		 Maintain operational records
		 Maintain data in information systems or databases
		 Analyse data to inform operational decisions or activities
		 Monitor facilities or operational systems
	 Outlining the Finance Overview in SAP S/4HANA:
		 Prepare operational reports or records
		 Prepare financial documents, reports or budgets
		 Direct financial operations
		 Prepare operational budgets
	 Get Started with SAP Emarsys Customer Engagement:
		 Develop promotional materials
	 Performing Overhead Cost Controlling in SAP S/4HANA:
		 Prepare operational budgets
		 Develop operating strategies, plans or procedures
		 Prepare operational reports or records
		 Schedule activities or facility use
		 Direct organisational operations, projects or services
		 Manage organisational or project budgets
		 Prepare financial documents, reports or budgets
	 Discover SAP S/4HANA Asset Management and SAP S/4HANA Service:
		 Direct administrative or support services
		 Direct facility maintenance or repair activities
		 Direct organisational operations, projects or services
		 Inspect condition, or functioning, of facilities or equipment
		 Manage operations, research or logistics projects
		 Monitor facilities or operational systems
		 Manage health care operations
		 Develop operating strategies, plans or procedures
		 Advise others on business or operational matters
		 Prepare operational budgets
		 Determine resource needs
		 Prepare operational progress or status reports
		 Hire staff
		 Manage outreach activities
	 Databases Course:
		 Maintain data in information systems or databases
		 Maintain client records
	 Advanced HTML and CSS Course:
		 Develop strategies or programs for students with accessibility needs
		 Maintain a working understanding of the cultural, diversity and accessibility needs of others, and how this applies to the role
		 Develop educational goals, standards, policies or procedures
	 Getting Hired Course:
		 Prepare forms or applications
		 Evaluate student work
	 Facilitate Remote Collaboration Like a Pro (Repeat):
		 Confer with peers to accomplish work
		 Confer with co-workers or internal stakeholders to coordinate operational activities
	 SAP SuccessFactors Learning – Get Your Implementation Right! (Repeat):
		 Conduct employee training programs
		 Provide mentorship and guidance to staff
		 Develop organisational goals or objectives
	 Product Compliance in a Nutshell:
		 Determine operational compliance with regulations or standards
		 Maintain regulatory or compliance documentation
		 Develop safety standards, policies or procedures
	 Intelligent Spend Management Using SAP Concur (Repeat):
		 Manage organisational or project budgets
		 Prepare operational budgets
		 Prepare financial documents, reports or budgets
		 Direct organisational operations, projects or services
		 Approve expenditures
	 Manage Your External Workforce Program with SAP Fieldglass:
		 Conduct employee training programs
		 Represent the organisation in external relations
		 Coordinate operational activities with external stakeholders
		 Direct organisational operations, projects or services
		 Develop organisational policies or programs
	 An Introduction to Human Experience Management (HXM):
		 Conduct employee training programs
		 Manage human resources activities
		 Advise others on career or personal development
	 Intrapreneurship – Employee-driven Innovation:
		 Establish interpersonal business relationships to facilitate work activities
		 Conduct employee training programs
		 Develop operating strategies, plans or procedures
		 Confer with co-workers or internal stakeholders to coordinate operational activities
		 Advise others on business or operational matters
	 How Social Enterprises Enhance Corporate Supply Chains:
		 Promote goods, services, or programs
Skills for Job 134
Supervise employees
Advise others on career or personal development
Develop educational goals, standards, policies or procedures
Direct facility maintenance or repair activities
Evaluate program effectiveness
Determine operational compliance with regulations or standards
Teach in area of specialisation
Manage outreach activities
Serve on institutional or departmental committees
Develop operating strategies, plans or procedures
Advise others on business or operational matters
Conduct employee training programs
Prepare operational progress or status reports
Maintain staff records
Approve expenditures
Prepare operational budgets
Coordinate special events or programs
Develop organisational policies or programs
Establish interpersonal business relationships to facilitate work activities
Analyse data to inform operational decisions or activities
Evaluate student work
Develop safety standards, policies or procedures
Develop promotional materials
Recommend organisational process or policy changes
Prepare forms or applications
Conduct opinion surveys or needs assessments
Promote goods, services, or programs
Prepare financial documents, reports or budgets
Prepare proposals or grant applications to obtain project funding
Hire staff
Recruit staff
Coordinate operational activities with external stakeholders
Maintain knowledge of current developments in area of expertise
Maintain operational records
Evaluate employee performance
Implement organisational process or policy changes
Direct financial operations
Advise others on health care issues
Collaborate with health care professionals to plan or provide treatment
Maintain a working understanding of the cultural, diversity and accessibility needs of others, and how this applies to the role
Train medical providers
Manage health care operations
Manage human resources activities
Prepare staff schedules or work assignments
Liaise between departments or other groups to improve function or communication
Develop organisational goals or objectives
Develop procedures to evaluate organisational activities
Monitor resources
Analyse risks to minimise losses or damages
Monitor facilities or operational systems
Advise others on legal or regulatory compliance matters
Inspect condition, or functioning, of facilities or equipment
Manage operations, research or logistics projects
Teach classes in area of specialisation
Direct organisational operations, projects or services
Monitor performance of organisational members or partners
Maintain regulatory or compliance documentation
Estimate labour requirements
Determine resource needs
Manage organisational or project budgets
Communicate with government agencies
Present information to the public
Direct administrative or support services
Represent the organisation in external relations
Conduct financial or regulatory audits
Confer with peers to accomplish work
Schedule activities or facility use
Prepare operational reports or records
Prepare reports detailing student activities or performance
Develop programs, policies or services that are culturally appropriate
Supervise medical support staff
Assess individual or community needs for educational or social services
Direct health care delivery programs
Research social issues
Coordinate and administer community or social service programs
Confer with co-workers or internal stakeholders to coordinate operational activities
Provide mentorship and guidance to staff
Provide leadership to align operational activities with the organisation’s vision and goals
Maintain data in information systems or databases
Establish nursing policies or standards
Advise educators on curricula, instructional methods or policies
Prepare tests
Administer tests to assess educational needs or progress
Process medical billing information
Maintain client records
Verify accuracy of patient information
Schedule appointments
Attend training sessions or events to develop or maintain professional knowledge
Collaborate with other teaching professionals to develop educational programs
Develop strategies or programs for students with accessibility needs
Discuss student progress with parents or guardians
Enforce rules or policies governing student behaviour
Establish rules or policies governing student behaviour
Evaluate performance of educational staff
