Read instances: 0.20 s
Generate matrices: 7.24 s
===============================================================================
                                     CVXPY                                     
                                     v1.3.0                                    
===============================================================================
(CVXPY) Oct 18 08:21:02 PM: Your problem has 4061 variables, 19 constraints, and 0 parameters.
(CVXPY) Oct 18 08:21:02 PM: It is compliant with the following grammars: DCP, DQCP
(CVXPY) Oct 18 08:21:02 PM: (If you need to solve this problem multiple times, but with different data, consider using parameters.)
(CVXPY) Oct 18 08:21:02 PM: CVXPY will first compile your problem; then, it will invoke a numerical solver to obtain a solution.
-------------------------------------------------------------------------------
                                  Compilation                                  
-------------------------------------------------------------------------------
(CVXPY) Oct 18 08:21:02 PM: Compiling problem (target solver=CPLEX).
(CVXPY) Oct 18 08:21:02 PM: Reduction chain: CvxAttr2Constr -> Qp2SymbolicQp -> QpMatrixStuffing -> CPLEX
(CVXPY) Oct 18 08:21:02 PM: Applying reduction CvxAttr2Constr
(CVXPY) Oct 18 08:21:02 PM: Applying reduction Qp2SymbolicQp
(CVXPY) Oct 18 08:21:02 PM: Applying reduction QpMatrixStuffing
(CVXPY) Oct 18 08:21:02 PM: Applying reduction CPLEX
(CVXPY) Oct 18 08:21:02 PM: Finished problem compilation (took 7.215e-02 seconds).
-------------------------------------------------------------------------------
                                Numerical solver                               
-------------------------------------------------------------------------------
(CVXPY) Oct 18 08:21:02 PM: Invoking solver CPLEX  to obtain a solution.
Version identifier: 22.1.0.0 | 2022-03-09 | 1a383f8ce
CPXPARAM_Read_DataCheck                          1
CPXPARAM_TimeLimit                               30
Tried aggregator 2 times.
MIP Presolve eliminated 4803 rows and 2466 columns.
MIP Presolve modified 15081 coefficients.
Aggregator did 51 substitutions.
Reduced MIP has 3110 rows, 2206 columns, and 44876 nonzeros.
Reduced MIP has 2205 binaries, 0 generals, 0 SOSs, and 0 indicators.
Presolve time = 0.13 sec. (158.57 ticks)
Found incumbent of value 0.990000 after 0.13 sec. (164.03 ticks)
Probing fixed 52 vars, tightened 0 bounds.
Probing changed sense of 61 constraints.
Probing time = 0.07 sec. (98.50 ticks)
Tried aggregator 2 times.
Detecting symmetries...
MIP Presolve eliminated 125 rows and 56 columns.
MIP Presolve modified 315 coefficients.
Aggregator did 12 substitutions.
Reduced MIP has 2973 rows, 2128 columns, and 43695 nonzeros.
Reduced MIP has 2127 binaries, 1 generals, 0 SOSs, and 0 indicators.
Presolve time = 0.07 sec. (77.77 ticks)
Probing time = 0.02 sec. (13.17 ticks)
Clique table members: 2255.
MIP emphasis: balance optimality and feasibility.
MIP search method: dynamic search.
Parallel mode: deterministic, using up to 8 threads.
Root relaxation solution time = 0.05 sec. (36.28 ticks)

        Nodes                                         Cuts/
   Node  Left     Objective  IInf  Best Integer    Best Bound    ItCnt     Gap

*     0+    0                            0.9900        0.4529            54.26%
      0     0        0.6382    76        0.9900        0.6382      284   35.54%
*     0+    0                            0.6474        0.6382             1.43%
      0     0        0.6414    57        0.6474      Cuts: 91      482    0.93%
      0     0        0.6414    81        0.6474      Cuts: 69      585    0.93%

Repeating presolve.
Tried aggregator 1 time.
MIP Presolve eliminated 2458 rows and 1679 columns.
MIP Presolve modified 2699 coefficients.
Reduced MIP has 512 rows, 362 columns, and 5773 nonzeros.
Reduced MIP has 361 binaries, 1 generals, 0 SOSs, and 0 indicators.
Presolve time = 0.02 sec. (25.07 ticks)
Probing fixed 28 vars, tightened 0 bounds.
Probing time = 0.00 sec. (4.78 ticks)
Cover probing fixed 0 vars, tightened 8 bounds.
Tried aggregator 2 times.
MIP Presolve eliminated 105 rows and 41 columns.
MIP Presolve modified 545 coefficients.
Aggregator did 3 substitutions.
Reduced MIP has 404 rows, 318 columns, and 4720 nonzeros.
Reduced MIP has 317 binaries, 1 generals, 0 SOSs, and 0 indicators.
Presolve time = 0.01 sec. (8.46 ticks)
Probing fixed 6 vars, tightened 0 bounds.
Probing time = 0.00 sec. (3.21 ticks)
Tried aggregator 1 time.
MIP Presolve eliminated 30 rows and 20 columns.
MIP Presolve modified 123 coefficients.
Reduced MIP has 374 rows, 298 columns, and 4418 nonzeros.
Reduced MIP has 297 binaries, 1 generals, 0 SOSs, and 0 indicators.
Presolve time = 0.00 sec. (4.11 ticks)
Probing time = 0.00 sec. (2.30 ticks)
Tried aggregator 1 time.
Detecting symmetries...
Reduced MIP has 374 rows, 298 columns, and 4418 nonzeros.
Reduced MIP has 297 binaries, 1 generals, 0 SOSs, and 0 indicators.
Presolve time = 0.00 sec. (2.57 ticks)
Represolve time = 0.05 sec. (58.56 ticks)
Probing time = 0.00 sec. (2.30 ticks)
Clique table members: 2392.
MIP emphasis: balance optimality and feasibility.
MIP search method: dynamic search.
Parallel mode: deterministic, using up to 8 threads.
Root relaxation solution time = 0.00 sec. (3.64 ticks)

        Nodes                                         Cuts/
   Node  Left     Objective  IInf  Best Integer    Best Bound    ItCnt     Gap

*     0+    0                            0.6474        0.6414             0.93%
      0     0        0.6419    63        0.6474        0.6419      718    0.86%
      0     0        0.6421    56        0.6474      Cuts: 68      745    0.64%
      0     0        0.6433    48        0.6474      Cuts: 53      787    0.64%
      0     0        0.6443    47        0.6474      Cuts: 48      828    0.49%
      0     0        0.6443    40        0.6474      Cuts: 23      844    0.49%
      0     0        0.6443    31        0.6474      Cuts: 24      880    0.49%
      0     0        0.6443    64        0.6474      Cuts: 25      901    0.49%
      0     0        0.6444    49        0.6474       Cuts: 3      923    0.48%
      0     0        0.6447    51        0.6474      Cuts: 24      937    0.42%
      0     0        0.6448    68        0.6474      Cuts: 12      949    0.41%
      0     0        cutoff              0.6474        0.6474      949    0.00%
Elapsed time = 0.68 sec. (665.71 ticks, tree = 0.01 MB, solutions = 2)

GUB cover cuts applied:  15
Clique cuts applied:  13
Implied bound cuts applied:  8
Flow cuts applied:  1
Mixed integer rounding cuts applied:  8
Zero-half cuts applied:  17
Lift and project cuts applied:  2
Gomory fractional cuts applied:  7

Root node processing (before b&c):
  Real time             =    0.68 sec. (665.89 ticks)
Parallel b&c, 8 threads:
  Real time             =    0.00 sec. (0.00 ticks)
  Sync time (average)   =    0.00 sec.
  Wait time (average)   =    0.00 sec.
                          ------------
Total (root+branch&cut) =    0.68 sec. (665.89 ticks)
-------------------------------------------------------------------------------
                                    Summary                                    
-------------------------------------------------------------------------------
(CVXPY) Oct 18 08:21:02 PM: Problem status: optimal
(CVXPY) Oct 18 08:21:02 PM: Optimal value: 6.474e-01
(CVXPY) Oct 18 08:21:02 PM: Compilation took 7.215e-02 seconds
(CVXPY) Oct 18 08:21:02 PM: Solver (including time spent in interface) took 7.586e-01 seconds
The optimal value is 0.6474468085106383
###############################################
################## SCHEDULE ####################
###############################################
Activity: Initial Activity (1) 	 Start Period: 0 	 End Period: 0
Activity: Intrapreneurship – Employee-driven Innovation (4.0) 	 Start Period: 1 	 End Period: 1
Activity: Discover SAP S/4HANA Asset Management and SAP S/4H (5.0) 	 Start Period: 1 	 End Period: 1
Activity: Intelligent Spend Management Using SAP Concur (Rep (8.0) 	 Start Period: 1 	 End Period: 1
Activity: Discover the Environment, Health & Safety modules  (6.0) 	 Start Period: 1 	 End Period: 2
Activity: Advanced HTML and CSS Course (16.0) 	 Start Period: 2 	 End Period: 2
Activity: Get Started with SAP Emarsys Customer Engagement (1.0) 	 Start Period: 2 	 End Period: 2
Solve time: 0.68
Job affinity: 35.106
Skills per Unit
	 Initial Activity:
	 Discover the Environment, Health & Safety modules in SAP S/4HANA:
		 Prepare operational reports or records
		 Develop procedures to evaluate organisational activities
		 Develop safety standards, policies or procedures
		 Implement organisational process or policy changes
		 Prepare operational progress or status reports
		 Develop operating strategies, plans or procedures
		 Direct organisational operations, projects or services
		 Recommend organisational process or policy changes
		 Develop organisational policies or programs
		 Manage operations, research or logistics projects
		 Maintain operational records
		 Maintain data in information systems or databases
		 Analyse data to inform operational decisions or activities
		 Monitor facilities or operational systems
	 Get Started with SAP Emarsys Customer Engagement:
		 Develop promotional materials
	 Discover SAP S/4HANA Asset Management and SAP S/4HANA Service:
		 Direct administrative or support services
		 Direct facility maintenance or repair activities
		 Direct organisational operations, projects or services
		 Inspect condition, or functioning, of facilities or equipment
		 Manage operations, research or logistics projects
		 Monitor facilities or operational systems
		 Manage health care operations
		 Develop operating strategies, plans or procedures
		 Advise others on business or operational matters
		 Prepare operational budgets
		 Determine resource needs
		 Prepare operational progress or status reports
		 Hire staff
		 Manage outreach activities
	 Advanced HTML and CSS Course:
		 Develop strategies or programs for students with accessibility needs
		 Maintain a working understanding of the cultural, diversity and accessibility needs of others, and how this applies to the role
		 Develop educational goals, standards, policies or procedures
	 Intelligent Spend Management Using SAP Concur (Repeat):
		 Manage organisational or project budgets
		 Prepare operational budgets
		 Prepare financial documents, reports or budgets
		 Direct organisational operations, projects or services
		 Approve expenditures
	 Intrapreneurship – Employee-driven Innovation:
		 Establish interpersonal business relationships to facilitate work activities
		 Conduct employee training programs
		 Develop operating strategies, plans or procedures
		 Confer with co-workers or internal stakeholders to coordinate operational activities
		 Advise others on business or operational matters
Skills for Job 134
Supervise employees
Advise others on career or personal development
Develop educational goals, standards, policies or procedures
Direct facility maintenance or repair activities
Evaluate program effectiveness
Determine operational compliance with regulations or standards
Teach in area of specialisation
Manage outreach activities
Serve on institutional or departmental committees
Develop operating strategies, plans or procedures
Advise others on business or operational matters
Conduct employee training programs
Prepare operational progress or status reports
Maintain staff records
Approve expenditures
Prepare operational budgets
Coordinate special events or programs
Develop organisational policies or programs
Establish interpersonal business relationships to facilitate work activities
Analyse data to inform operational decisions or activities
Evaluate student work
Develop safety standards, policies or procedures
Develop promotional materials
Recommend organisational process or policy changes
Prepare forms or applications
Conduct opinion surveys or needs assessments
Promote goods, services, or programs
Prepare financial documents, reports or budgets
Prepare proposals or grant applications to obtain project funding
Hire staff
Recruit staff
Coordinate operational activities with external stakeholders
Maintain knowledge of current developments in area of expertise
Maintain operational records
Evaluate employee performance
Implement organisational process or policy changes
Direct financial operations
Advise others on health care issues
Collaborate with health care professionals to plan or provide treatment
Maintain a working understanding of the cultural, diversity and accessibility needs of others, and how this applies to the role
Train medical providers
Manage health care operations
Manage human resources activities
Prepare staff schedules or work assignments
Liaise between departments or other groups to improve function or communication
Develop organisational goals or objectives
Develop procedures to evaluate organisational activities
Monitor resources
Analyse risks to minimise losses or damages
Monitor facilities or operational systems
Advise others on legal or regulatory compliance matters
Inspect condition, or functioning, of facilities or equipment
Manage operations, research or logistics projects
Teach classes in area of specialisation
Direct organisational operations, projects or services
Monitor performance of organisational members or partners
Maintain regulatory or compliance documentation
Estimate labour requirements
Determine resource needs
Manage organisational or project budgets
Communicate with government agencies
Present information to the public
Direct administrative or support services
Represent the organisation in external relations
Conduct financial or regulatory audits
Confer with peers to accomplish work
Schedule activities or facility use
Prepare operational reports or records
Prepare reports detailing student activities or performance
Develop programs, policies or services that are culturally appropriate
Supervise medical support staff
Assess individual or community needs for educational or social services
Direct health care delivery programs
Research social issues
Coordinate and administer community or social service programs
Confer with co-workers or internal stakeholders to coordinate operational activities
Provide mentorship and guidance to staff
Provide leadership to align operational activities with the organisation’s vision and goals
Maintain data in information systems or databases
Establish nursing policies or standards
Advise educators on curricula, instructional methods or policies
Prepare tests
Administer tests to assess educational needs or progress
Process medical billing information
Maintain client records
Verify accuracy of patient information
Schedule appointments
Attend training sessions or events to develop or maintain professional knowledge
Collaborate with other teaching professionals to develop educational programs
Develop strategies or programs for students with accessibility needs
Discuss student progress with parents or guardians
Enforce rules or policies governing student behaviour
Establish rules or policies governing student behaviour
Evaluate performance of educational staff
