Read instances: 0.18 s
Generate matrices: 6.63 s
===============================================================================
                                     CVXPY                                     
                                     v1.3.0                                    
===============================================================================
(CVXPY) Oct 19 04:44:39 PM: Your problem has 4009 variables, 19 constraints, and 0 parameters.
(CVXPY) Oct 19 04:44:39 PM: It is compliant with the following grammars: DCP, DQCP
(CVXPY) Oct 19 04:44:39 PM: (If you need to solve this problem multiple times, but with different data, consider using parameters.)
(CVXPY) Oct 19 04:44:39 PM: CVXPY will first compile your problem; then, it will invoke a numerical solver to obtain a solution.
-------------------------------------------------------------------------------
                                  Compilation                                  
-------------------------------------------------------------------------------
(CVXPY) Oct 19 04:44:39 PM: Compiling problem (target solver=CPLEX).
(CVXPY) Oct 19 04:44:39 PM: Reduction chain: CvxAttr2Constr -> Qp2SymbolicQp -> QpMatrixStuffing -> CPLEX
(CVXPY) Oct 19 04:44:39 PM: Applying reduction CvxAttr2Constr
(CVXPY) Oct 19 04:44:39 PM: Applying reduction Qp2SymbolicQp
(CVXPY) Oct 19 04:44:39 PM: Applying reduction QpMatrixStuffing
(CVXPY) Oct 19 04:44:39 PM: Applying reduction CPLEX
(CVXPY) Oct 19 04:44:39 PM: Finished problem compilation (took 7.947e-02 seconds).
-------------------------------------------------------------------------------
                                Numerical solver                               
-------------------------------------------------------------------------------
(CVXPY) Oct 19 04:44:39 PM: Invoking solver CPLEX  to obtain a solution.
Version identifier: 22.1.0.0 | 2022-03-09 | 1a383f8ce
CPXPARAM_Read_DataCheck                          1
CPXPARAM_TimeLimit                               30
Tried aggregator 2 times.
MIP Presolve eliminated 4391 rows and 2206 columns.
MIP Presolve modified 16022 coefficients.
Aggregator did 41 substitutions.
Reduced MIP has 3376 rows, 2382 columns, and 50136 nonzeros.
Reduced MIP has 2381 binaries, 0 generals, 0 SOSs, and 0 indicators.
Presolve time = 0.10 sec. (142.61 ticks)
Found incumbent of value 0.990000 after 0.11 sec. (150.84 ticks)
Probing fixed 8 vars, tightened 0 bounds.
Probing time = 0.04 sec. (29.07 ticks)
Tried aggregator 1 time.
Detecting symmetries...
MIP Presolve eliminated 21 rows and 8 columns.
MIP Presolve modified 44 coefficients.
Reduced MIP has 3355 rows, 2367 columns, and 49974 nonzeros.
Reduced MIP has 2366 binaries, 1 generals, 0 SOSs, and 0 indicators.
Presolve time = 0.04 sec. (48.85 ticks)
Probing time = 0.02 sec. (8.12 ticks)
Clique table members: 22497.
MIP emphasis: balance optimality and feasibility.
MIP search method: dynamic search.
Parallel mode: deterministic, using up to 8 threads.
Root relaxation solution time = 0.07 sec. (53.87 ticks)

        Nodes                                         Cuts/
   Node  Left     Objective  IInf  Best Integer    Best Bound    ItCnt     Gap

*     0+    0                            0.9900        0.2652            73.21%
      0     0        0.3481    57        0.9900        0.3481      445   64.83%
*     0+    0                            0.3586        0.3481             2.91%
      0     0        0.3557    89        0.3586      Cuts: 72      625    0.80%
      0     0        0.3571    65        0.3586      Cuts: 51      854    0.40%
      0     0        cutoff              0.3586                    854    0.00%
Elapsed time = 0.57 sec. (490.24 ticks, tree = 0.01 MB, solutions = 2)

GUB cover cuts applied:  17
Clique cuts applied:  1
Implied bound cuts applied:  12
Flow cuts applied:  8
Mixed integer rounding cuts applied:  3
Zero-half cuts applied:  10
Lift and project cuts applied:  3
Gomory fractional cuts applied:  1

Root node processing (before b&c):
  Real time             =    0.57 sec. (490.57 ticks)
Parallel b&c, 8 threads:
  Real time             =    0.00 sec. (0.00 ticks)
  Sync time (average)   =    0.00 sec.
  Wait time (average)   =    0.00 sec.
                          ------------
Total (root+branch&cut) =    0.57 sec. (490.57 ticks)
-------------------------------------------------------------------------------
                                    Summary                                    
-------------------------------------------------------------------------------
(CVXPY) Oct 19 04:44:39 PM: Problem status: optimal
(CVXPY) Oct 19 04:44:39 PM: Optimal value: 3.586e-01
(CVXPY) Oct 19 04:44:39 PM: Compilation took 7.947e-02 seconds
(CVXPY) Oct 19 04:44:39 PM: Solver (including time spent in interface) took 6.630e-01 seconds
The optimal value is 0.3585714285714286
###############################################
################## SCHEDULE ####################
###############################################
Activity: Initial Activity (1) 	 Start Period: 0 	 End Period: 0
Activity: SAP SuccessFactors Learning – Get Your Implementat (12.0) 	 Start Period: 1 	 End Period: 1
Activity: Explore Supply Chain Business Scenarios in SAP S/4 (10.0) 	 Start Period: 1 	 End Period: 1
Activity: Information Security Management in a Nutshell (16.0) 	 Start Period: 1 	 End Period: 2
Activity: Discover the Environment, Health & Safety modules  (6.0) 	 Start Period: 2 	 End Period: 2
Activity: Explore Product Engineering in SAP S/4HANA (4.0) 	 Start Period: 2 	 End Period: 2
Activity: Discover SAP S/4HANA Asset Management and SAP S/4H (5.0) 	 Start Period: 2 	 End Period: 2
Activity: Outlining the Finance Overview in SAP S/4HANA (7.0) 	 Start Period: 2 	 End Period: 2
Activity: Intelligent Spend Management Using SAP Concur (Rep (8.0) 	 Start Period: 2 	 End Period: 2
Activity: Confidential Communication in the Internet (10.0) 	 Start Period: 2 	 End Period: 2
Solve time: 0.57
Job affinity: 64.286
Skills per Unit
	 Initial Activity:
	 Discover the Environment, Health & Safety modules in SAP S/4HANA:
		 Develop data analysis or data management procedures
		 Manage information technology projects or system activities
		 Prepare operational progress or status reports
		 Develop operating strategies, plans or procedures
		 Direct organisational operations, projects or services
		 Recommend organisational process or policy changes
		 Develop computer or information security policies or procedures
		 Develop organisational policies or programs
		 Develop guidelines for system implementation
		 Supervise information technology staff
		 Manage operations, research or logistics projects
		 Implement security measures for computer or information systems
		 Maintain data in information systems or databases
		 Advise customers on technical or procedural issues
		 Analyse data to inform operational decisions or activities
	 Outlining the Finance Overview in SAP S/4HANA:
		 Prepare analytical reports
		 Analyse business or financial data
	 Explore Product Engineering in SAP S/4HANA:
		 Analyse project data to determine specifications or requirements
		 Analyse data to determine project feasibility
		 Develop data analysis or data management procedures
		 Identify information technology project resource requirements
		 Develop guidelines for system implementation
		 Develop operating strategies, plans or procedures
	 Explore Supply Chain Business Scenarios in SAP S/4HANA Cloud, public edition:
		 Coordinate resource procurement activities
		 Resolve operational performance problems
		 Manage operations, research or logistics projects
		 Develop operating strategies, plans or procedures
		 Evaluate employee performance
		 Direct organisational operations, projects or services
	 Discover SAP S/4HANA Asset Management and SAP S/4HANA Service:
		 Direct organisational operations, projects or services
		 Manage operations, research or logistics projects
		 Advise customers on technical or procedural issues
		 Manage information technology projects or system activities
		 Develop operating strategies, plans or procedures
		 Determine resource needs
		 Prepare operational progress or status reports
		 Collect data about customer needs
		 Hire staff
	 SAP SuccessFactors Learning – Get Your Implementation Right! (Repeat):
		 Conduct employee training programs
		 Develop organisational goals or objectives
		 Train others on work processes
	 Intelligent Spend Management Using SAP Concur (Repeat):
		 Manage organisational or project budgets
		 Manage budgets for appropriate resource allocation
		 Coordinate resource procurement activities
		 Direct organisational operations, projects or services
	 Confidential Communication in the Internet:
		 Train others in cyber security issues
		 Analyse security of systems, network or data
		 Develop models of information or communications systems
		 Implement security measures for computer or information systems
	 Information Security Management in a Nutshell:
		 Implement security measures for computer or information systems
		 Develop computer or information security policies or procedures
		 Train others in cyber security issues
		 Analyse security of systems, network or data
		 Develop information communication procedures
		 Maintain data in information systems or databases
		 Supervise information technology staff
		 Collaborate with others to resolve information technology issues
Skills for Job 135
Manage information technology projects or system activities
Develop detailed project plans
Provide leadership to align operational activities with the organisation’s vision and goals
Collaborate with others to resolve information technology issues
Communicate organisational policies and procedures
Supervise information technology staff
Assign duties or work schedules to employees
Coordinate project activities with other staff or departments
Develop operating strategies, plans or procedures
Implement security measures for computer or information systems
Develop information communication procedures
Train others on work processes
Analyse project data to determine specifications or requirements
Coordinate resource procurement activities
Analyse data to determine project feasibility
Analyse data to inform operational decisions or activities
Identify information technology project resource requirements
Participate in staffing decisions
Analyse security of systems, network or data
Maintain data in information systems or databases
Analyse data to identify trends or relationships among variables
Prepare analytical reports
Analyse business or financial data
Collect data about customer needs
Develop data analysis or data management procedures
Manage budgets for appropriate resource allocation
Develop guidelines for system implementation
Advise customers on technical or procedural issues
Evaluate employee performance
Prepare operational progress or status reports
Coordinate operational activities with external stakeholders
Maintain knowledge of current developments in area of expertise
Manage operations, research or logistics projects
Develop organisational goals or objectives
Direct organisational operations, projects or services
Manage organisational or project budgets
Determine resource needs
Recommend organisational process or policy changes
Confer with peers to accomplish work
Resolve employee or contractor problems
Procure materials, equipment or other resources
Recruit staff
Develop organisational policies or programs
Develop computer or information security policies or procedures
Resolve operational performance problems
Train others in cyber security issues
Troubleshoot equipment or systems operation problems
Troubleshoot issues with computer applications or systems
Develop models of information or communications systems
Develop software applications
Conduct employee training programs
Hire staff
Monitor the performance of computer networks
Apply and maintain information security controls as required by policies or risk assessments
Collate and analyse information for threat intelligence requirements from a variety of sources
Review computer information systems, procedures and networks
