Read instances: 0.19 s
Generate matrices: 7.18 s
===============================================================================
                                     CVXPY                                     
                                     v1.3.0                                    
===============================================================================
(CVXPY) Nov 20 09:49:14 AM: Your problem has 3951 variables, 19 constraints, and 0 parameters.
(CVXPY) Nov 20 09:49:14 AM: It is compliant with the following grammars: DCP, DQCP
(CVXPY) Nov 20 09:49:14 AM: (If you need to solve this problem multiple times, but with different data, consider using parameters.)
(CVXPY) Nov 20 09:49:14 AM: CVXPY will first compile your problem; then, it will invoke a numerical solver to obtain a solution.
-------------------------------------------------------------------------------
                                  Compilation                                  
-------------------------------------------------------------------------------
(CVXPY) Nov 20 09:49:14 AM: Compiling problem (target solver=CPLEX).
(CVXPY) Nov 20 09:49:14 AM: Reduction chain: CvxAttr2Constr -> Qp2SymbolicQp -> QpMatrixStuffing -> CPLEX
(CVXPY) Nov 20 09:49:14 AM: Applying reduction CvxAttr2Constr
(CVXPY) Nov 20 09:49:14 AM: Applying reduction Qp2SymbolicQp
(CVXPY) Nov 20 09:49:14 AM: Applying reduction QpMatrixStuffing
(CVXPY) Nov 20 09:49:14 AM: Applying reduction CPLEX
(CVXPY) Nov 20 09:49:14 AM: Finished problem compilation (took 7.398e-02 seconds).
-------------------------------------------------------------------------------
                                Numerical solver                               
-------------------------------------------------------------------------------
(CVXPY) Nov 20 09:49:14 AM: Invoking solver CPLEX  to obtain a solution.
Version identifier: 22.1.0.0 | 2022-03-09 | 1a383f8ce
CPXPARAM_Read_DataCheck                          1
CPXPARAM_TimeLimit                               30
Tried aggregator 2 times.
MIP Presolve eliminated 4378 rows and 2179 columns.
MIP Presolve modified 15902 coefficients.
Aggregator did 63 substitutions.
Reduced MIP has 3333 rows, 2348 columns, and 49786 nonzeros.
Reduced MIP has 2347 binaries, 0 generals, 0 SOSs, and 0 indicators.
Presolve time = 0.12 sec. (158.71 ticks)
Found incumbent of value 0.990000 after 0.13 sec. (166.73 ticks)
Probing time = 0.01 sec. (5.62 ticks)
Tried aggregator 1 time.
Detecting symmetries...
MIP Presolve eliminated 16 rows and 1 columns.
MIP Presolve modified 6 coefficients.
Reduced MIP has 3317 rows, 2333 columns, and 49712 nonzeros.
Reduced MIP has 2332 binaries, 1 generals, 0 SOSs, and 0 indicators.
Presolve time = 0.06 sec. (62.20 ticks)
Probing time = 0.01 sec. (5.52 ticks)
Clique table members: 18898.
MIP emphasis: balance optimality and feasibility.
MIP search method: dynamic search.
Parallel mode: deterministic, using up to 8 threads.
Root relaxation solution time = 0.11 sec. (86.71 ticks)

        Nodes                                         Cuts/
   Node  Left     Objective  IInf  Best Integer    Best Bound    ItCnt     Gap

*     0+    0                            0.9900        0.3403            65.62%
      0     0        0.3783    84        0.9900        0.3783      529   61.79%
*     0+    0                            0.3866        0.3783             2.15%
      0     0        0.3840   142        0.3866     Cuts: 104      743    0.65%
      0     0        cutoff              0.3866                    828    0.00%
Elapsed time = 0.61 sec. (530.38 ticks, tree = 0.01 MB, solutions = 2)

GUB cover cuts applied:  6
Clique cuts applied:  7
Implied bound cuts applied:  34
Flow cuts applied:  1
Mixed integer rounding cuts applied:  2
Zero-half cuts applied:  16
Gomory fractional cuts applied:  2

Root node processing (before b&c):
  Real time             =    0.61 sec. (530.72 ticks)
Parallel b&c, 8 threads:
  Real time             =    0.00 sec. (0.00 ticks)
  Sync time (average)   =    0.00 sec.
  Wait time (average)   =    0.00 sec.
                          ------------
Total (root+branch&cut) =    0.61 sec. (530.72 ticks)
-------------------------------------------------------------------------------
                                    Summary                                    
-------------------------------------------------------------------------------
(CVXPY) Nov 20 09:49:15 AM: Problem status: optimal
(CVXPY) Nov 20 09:49:15 AM: Optimal value: 3.866e-01
(CVXPY) Nov 20 09:49:15 AM: Compilation took 7.398e-02 seconds
(CVXPY) Nov 20 09:49:15 AM: Solver (including time spent in interface) took 6.953e-01 seconds
The optimal value is 0.38656250000000003
###############################################
################## SCHEDULE ####################
###############################################
Activity: Initial Activity (1) 	 Start Period: 0 	 End Period: 0
Activity: Understanding Your Customer’s Journey (12.0) 	 Start Period: 1 	 End Period: 1
Activity: Discover the Environment, Health & Safety modules  (6.0) 	 Start Period: 1 	 End Period: 1
Activity: Explore Product Engineering in SAP S/4HANA (4.0) 	 Start Period: 1 	 End Period: 1
Activity: Implement SAP Service Cloud (5.0) 	 Start Period: 1 	 End Period: 1
Activity: Discover SAP S/4HANA Asset Management and SAP S/4H (5.0) 	 Start Period: 1 	 End Period: 1
Activity: Performing Consolidation with SAP S/4HANA Cloud fo (8.0) 	 Start Period: 1 	 End Period: 1
Activity: Manage Your External Workforce Program with SAP Fi (12.0) 	 Start Period: 1 	 End Period: 1
Activity: Human Experience Management (HXM) - The Next Phase (9.0) 	 Start Period: 1 	 End Period: 1
Activity: SAP Environment, Health, and Safety for Operationa (12.0) 	 Start Period: 1 	 End Period: 2
Activity: Outlining the Record to Report Process in SAP S/4H (11.0) 	 Start Period: 2 	 End Period: 2
Activity: Discover SAP Sales Cloud (6.0) 	 Start Period: 2 	 End Period: 2
Activity: Performing Overhead Cost Controlling in SAP S/4HAN (9.0) 	 Start Period: 2 	 End Period: 2
Activity: Explore Supply Chain Business Scenarios in SAP S/4 (10.0) 	 Start Period: 2 	 End Period: 2
Activity: Product Compliance in a Nutshell (12.0) 	 Start Period: 2 	 End Period: 2
Activity: Research and Development in Discrete Industries (15.0) 	 Start Period: 2 	 End Period: 2
Activity: Facilitate Remote Collaboration Like a Pro (Repeat (16.0) 	 Start Period: 2 	 End Period: 2
Solve time: 0.61
Job affinity: 61.458
Skills per Unit
	 Initial Activity:
	 Discover the Environment, Health & Safety modules in SAP S/4HANA:
		 Monitor organisational procedures to ensure proper functioning
		 Prepare operational reports or records
		 Implement organisational process or policy changes
		 Develop operating strategies, plans or procedures
		 Maintain knowledge of business operations
		 Recommend organisational process or policy changes
		 Document organisational or operational procedures
		 Monitor operational quality or safety
		 Develop organisational policies or programs
		 Maintain operational records
		 Analyse data to inform operational decisions or activities
		 Monitor facilities or operational systems
	 Outlining the Record to Report Process in SAP S/4HANA:
		 Prepare operational reports or records
		 Maintain financial or account records
		 Document organisational or operational procedures
		 Develop operating strategies, plans or procedures
		 Maintain operational records
		 Record personnel information
		 Record operational or production data
	 Explore Product Engineering in SAP S/4HANA:
		 Estimate cost or material requirements
		 Evaluate quality of materials or products
		 Develop operating strategies, plans or procedures
	 Discover SAP Sales Cloud:
		 Analyse data to inform operational decisions or activities
		 Negotiate sales or lease agreements for goods or services
		 Develop operating strategies, plans or procedures
		 Maintain knowledge of business operations
	 Implement SAP Service Cloud:
		 Perform basic equipment maintenance
		 Report maintenance or equipment problems to appropriate personnel
		 Perform manual service or maintenance tasks
		 Develop operating strategies, plans or procedures
		 Maintain food, drink or equipment inventories
		 Direct administrative or support services
		 Direct facility maintenance or repair activities
		 Inspect facilities, equipment or supplies to ensure conformance to standards
		 Inspect condition, or functioning, of facilities or equipment
		 Develop plans for programs or services
		 Maintain knowledge of business operations
		 Coordinate operational activities
		 Supervise service workers
	 Performing Overhead Cost Controlling in SAP S/4HANA:
		 Develop operating strategies, plans or procedures
		 Prepare operational reports or records
		 Schedule activities or facility use
		 Manage organisational or project budgets
	 Explore Supply Chain Business Scenarios in SAP S/4HANA Cloud, public edition:
		 Manage inventories of products or organisational resources
		 Schedule product or material transportation
		 Develop operating strategies, plans or procedures
		 Monitor inventories
		 Evaluate employee performance
		 Maintain inventory records
	 Discover SAP S/4HANA Asset Management and SAP S/4HANA Service:
		 Direct administrative or support services
		 Supervise service workers
		 Manage food service operations
		 Direct facility maintenance or repair activities
		 Manage budgets for personal services operations
		 Manage guest services
		 Perform basic equipment maintenance
		 Report maintenance or equipment problems to appropriate personnel
		 Perform manual service or maintenance tasks
		 Coordinate operational activities
		 Inspect condition, or functioning, of facilities or equipment
		 Coordinate activities of food service staff
		 Resolve customer complaints or problems
		 Monitor facilities or operational systems
		 Maintain knowledge of business operations
		 Monitor operational quality or safety
		 Develop operating strategies, plans or procedures
		 Develop plans for programs or services
		 Inspect facilities, equipment or supplies to ensure conformance to standards
		 Determine resource needs
		 Distribute resources to patrons or employees
		 Hire staff
		 Respond to customer problems or complaints
	 Performing Consolidation with SAP S/4HANA Cloud for group reporting:
		 Prepare operational reports or records
		 Manage inventories of products or organisational resources
		 Analyse financial information
		 Develop operating strategies, plans or procedures
		 Calculate financial data
		 Maintain inventory records
	 Facilitate Remote Collaboration Like a Pro (Repeat):
		 Confer with peers to accomplish work
		 Confer with co-workers or internal stakeholders to coordinate operational activities
	 Product Compliance in a Nutshell:
		 Inspect facilities, equipment or supplies to ensure conformance to standards
		 Monitor organisational compliance with regulations
		 Explain regulations, policies or procedures
		 Maintain regulatory or compliance documentation
		 Enforce rules or regulations
	 Manage Your External Workforce Program with SAP Fieldglass:
		 Conduct employee training programs
		 Coordinate operational activities with external stakeholders
		 Develop organisational policies or programs
		 Develop plans for programs or services
	 Understanding Your Customer’s Journey:
		 Respond to customer inquiries
		 Resolve customer complaints or problems
	 SAP Environment, Health, and Safety for Operational Sustainability:
		 Clean equipment or facilities
		 Inspect facilities, equipment or supplies to ensure conformance to standards
		 Monitor operational quality or safety
		 Direct facility maintenance or repair activities
	 Human Experience Management (HXM) - The Next Phase of HR:
		 Manage human resources activities
		 Conduct employee training programs
	 Research and Development in Discrete Industries:
		 Prepare research or technical reports
Skills for Job 141
Monitor activities of individuals to ensure safety or compliance with rules
Monitor resources
Monitor flow of cash or other resources
Communicate organisational policies and procedures
Maintain knowledge of current developments in area of expertise
Determine pricing or monetary policies
Manage guest services
Collect payments for goods or services
Resolve customer complaints or problems
Promote goods, services, or programs
Compile operational data
Develop organisational policies or programs
Conduct financial or regulatory audits
Maintain staff records
Prepare staff schedules or work assignments
Evaluate employee performance
Conduct employee training programs
Interview employees, customers or others to collect information
Hire staff
Coordinate activities of food service staff
Determine prices for menu items
Inspect facilities, equipment or supplies to ensure conformance to standards
Maintain food, drink or equipment inventories
Manage food service operations
Order materials, supplies, or equipment
Plan menu options
Record operational or production data
Serve food or drinks
Train food preparation or food service staff
Provide basic information to guests, visitors, or clients
Manage organisational or project budgets
Confer with peers to accomplish work
Monitor facilities or operational systems
Coordinate operational activities with external stakeholders
Direct administrative or support services
Inspect condition, or functioning, of facilities or equipment
Recruit staff
Schedule product or material transportation
Maintain operational records
Develop operating strategies, plans or procedures
Document organisational or operational procedures
Implement organisational process or policy changes
Perform manual service or maintenance tasks
Monitor performance of organisational members or partners
Procure materials, equipment or other resources
Enforce rules or policies governing student behaviour
Monitor organisational procedures to ensure proper functioning
Evaluate quality of materials or products
Analyse data to inform operational decisions or activities
Maintain regulatory or compliance documentation
Monitor organisational compliance with regulations
Direct facility maintenance or repair activities
Manage inventories of products or organisational resources
Estimate cost or material requirements
Recommend organisational process or policy changes
Determine resource needs
Schedule activities or facility use
Negotiate sales or lease agreements for goods or services
Manage human resources activities
Supervise clerical or administrative staff
Explain regulations, policies or procedures
Train staff
Respond to customer problems or complaints
Examine documents to verify adherence to requirements
Administer staff recruitment or hiring activities
Compile data or documentation
Prepare research or technical reports
Calculate financial data
Analyse financial information
Coordinate operational activities
Perform administrative or clerical tasks
Provide information to co-workers
Maintain inventory records
Record personnel information
Confer with co-workers or internal stakeholders to coordinate operational activities
Maintain current knowledge related to work activities
Monitor inventories
Report maintenance or equipment problems to appropriate personnel
Monitor operational quality or safety
Communicate with management or other staff to resolve problems
Conduct gaming transactions
Maintain financial or account records
Operate gaming equipment
Monitor patron activities to identify problems or potential problems
Supervise service workers
Greet customers, patrons or visitors
Perform basic equipment maintenance
Respond to customer inquiries
Distribute resources to patrons or employees
Assign duties or work schedules to employees
Prepare operational reports or records
Maintain knowledge of business operations
Clean equipment or facilities
Manage budgets for personal services operations
Develop plans for programs or services
Enforce rules or regulations
