Read instances: 0.20 s
Generate matrices: 7.00 s
===============================================================================
                                     CVXPY                                     
                                     v1.3.0                                    
===============================================================================
(CVXPY) Oct 18 08:21:49 PM: Your problem has 4041 variables, 19 constraints, and 0 parameters.
(CVXPY) Oct 18 08:21:49 PM: It is compliant with the following grammars: DCP, DQCP
(CVXPY) Oct 18 08:21:49 PM: (If you need to solve this problem multiple times, but with different data, consider using parameters.)
(CVXPY) Oct 18 08:21:49 PM: CVXPY will first compile your problem; then, it will invoke a numerical solver to obtain a solution.
-------------------------------------------------------------------------------
                                  Compilation                                  
-------------------------------------------------------------------------------
(CVXPY) Oct 18 08:21:49 PM: Compiling problem (target solver=CPLEX).
(CVXPY) Oct 18 08:21:49 PM: Reduction chain: CvxAttr2Constr -> Qp2SymbolicQp -> QpMatrixStuffing -> CPLEX
(CVXPY) Oct 18 08:21:49 PM: Applying reduction CvxAttr2Constr
(CVXPY) Oct 18 08:21:49 PM: Applying reduction Qp2SymbolicQp
(CVXPY) Oct 18 08:21:49 PM: Applying reduction QpMatrixStuffing
(CVXPY) Oct 18 08:21:49 PM: Applying reduction CPLEX
(CVXPY) Oct 18 08:21:49 PM: Finished problem compilation (took 7.108e-02 seconds).
-------------------------------------------------------------------------------
                                Numerical solver                               
-------------------------------------------------------------------------------
(CVXPY) Oct 18 08:21:49 PM: Invoking solver CPLEX  to obtain a solution.
Version identifier: 22.1.0.0 | 2022-03-09 | 1a383f8ce
CPXPARAM_Read_DataCheck                          1
CPXPARAM_TimeLimit                               30
Tried aggregator 2 times.
MIP Presolve eliminated 5601 rows and 2973 columns.
MIP Presolve modified 11686 coefficients.
Aggregator did 63 substitutions.
Reduced MIP has 2240 rows, 1642 columns, and 30366 nonzeros.
Reduced MIP has 1641 binaries, 0 generals, 0 SOSs, and 0 indicators.
Presolve time = 0.09 sec. (114.54 ticks)
Found incumbent of value 0.990000 after 0.10 sec. (118.71 ticks)
Probing fixed 135 vars, tightened 0 bounds.
Probing changed sense of 144 constraints.
Probing time = 0.09 sec. (106.50 ticks)
Tried aggregator 2 times.
MIP Presolve eliminated 295 rows and 139 columns.
MIP Presolve modified 1478 coefficients.
Aggregator did 12 substitutions.
Reduced MIP has 1933 rows, 1475 columns, and 27018 nonzeros.
Reduced MIP has 1474 binaries, 1 generals, 0 SOSs, and 0 indicators.
Presolve time = 0.03 sec. (42.68 ticks)
Probing time = 0.01 sec. (10.72 ticks)
Tried aggregator 1 time.
Detecting symmetries...
Reduced MIP has 1933 rows, 1475 columns, and 27018 nonzeros.
Reduced MIP has 1474 binaries, 1 generals, 0 SOSs, and 0 indicators.
Presolve time = 0.02 sec. (17.06 ticks)
Probing time = 0.01 sec. (10.72 ticks)
Clique table members: 763.
MIP emphasis: balance optimality and feasibility.
MIP search method: dynamic search.
Parallel mode: deterministic, using up to 8 threads.
Root relaxation solution time = 0.04 sec. (29.53 ticks)

        Nodes                                         Cuts/
   Node  Left     Objective  IInf  Best Integer    Best Bound    ItCnt     Gap

*     0+    0                            0.9900        0.3403            65.62%
      0     0        0.6253    98        0.9900        0.6253      306   36.84%
*     0+    0                            0.6341        0.6253             1.39%
      0     0        0.6316    39        0.6341      Cuts: 89      472    0.39%
      0     0        0.6317    84        0.6341      Cuts: 32      507    0.37%
      0     0        cutoff              0.6341        0.6341      507    0.00%
Elapsed time = 0.44 sec. (432.02 ticks, tree = 0.01 MB, solutions = 2)

GUB cover cuts applied:  42
Mixed integer rounding cuts applied:  10
Zero-half cuts applied:  3
Lift and project cuts applied:  3
Gomory fractional cuts applied:  1

Root node processing (before b&c):
  Real time             =    0.44 sec. (432.28 ticks)
Parallel b&c, 8 threads:
  Real time             =    0.00 sec. (0.00 ticks)
  Sync time (average)   =    0.00 sec.
  Wait time (average)   =    0.00 sec.
                          ------------
Total (root+branch&cut) =    0.44 sec. (432.28 ticks)
-------------------------------------------------------------------------------
                                    Summary                                    
-------------------------------------------------------------------------------
(CVXPY) Oct 18 08:21:49 PM: Problem status: optimal
(CVXPY) Oct 18 08:21:49 PM: Optimal value: 6.341e-01
(CVXPY) Oct 18 08:21:49 PM: Compilation took 7.108e-02 seconds
(CVXPY) Oct 18 08:21:49 PM: Solver (including time spent in interface) took 5.191e-01 seconds
The optimal value is 0.6340625
###############################################
################## SCHEDULE ####################
###############################################
Activity: Initial Activity (1) 	 Start Period: 0 	 End Period: 0
Activity: Discover the Environment, Health & Safety modules  (6.0) 	 Start Period: 1 	 End Period: 1
Activity: Discover SAP S/4HANA Asset Management and SAP S/4H (5.0) 	 Start Period: 1 	 End Period: 2
Activity: Performing Consolidation with SAP S/4HANA Cloud fo (8.0) 	 Start Period: 2 	 End Period: 2
Solve time: 0.44
Job affinity: 36.458
Skills per Unit
	 Initial Activity:
	 Discover the Environment, Health & Safety modules in SAP S/4HANA:
		 Monitor organisational procedures to ensure proper functioning
		 Prepare operational reports or records
		 Implement organisational process or policy changes
		 Develop operating strategies, plans or procedures
		 Maintain knowledge of business operations
		 Recommend organisational process or policy changes
		 Document organisational or operational procedures
		 Monitor operational quality or safety
		 Develop organisational policies or programs
		 Maintain operational records
		 Analyse data to inform operational decisions or activities
		 Monitor facilities or operational systems
	 Discover SAP S/4HANA Asset Management and SAP S/4HANA Service:
		 Direct administrative or support services
		 Supervise service workers
		 Manage food service operations
		 Direct facility maintenance or repair activities
		 Manage budgets for personal services operations
		 Manage guest services
		 Perform basic equipment maintenance
		 Report maintenance or equipment problems to appropriate personnel
		 Perform manual service or maintenance tasks
		 Coordinate operational activities
		 Inspect condition, or functioning, of facilities or equipment
		 Coordinate activities of food service staff
		 Resolve customer complaints or problems
		 Monitor facilities or operational systems
		 Maintain knowledge of business operations
		 Monitor operational quality or safety
		 Develop operating strategies, plans or procedures
		 Develop plans for programs or services
		 Inspect facilities, equipment or supplies to ensure conformance to standards
		 Determine resource needs
		 Distribute resources to patrons or employees
		 Hire staff
		 Respond to customer problems or complaints
	 Performing Consolidation with SAP S/4HANA Cloud for group reporting:
		 Prepare operational reports or records
		 Manage inventories of products or organisational resources
		 Analyse financial information
		 Develop operating strategies, plans or procedures
		 Calculate financial data
		 Maintain inventory records
Skills for Job 141
Monitor activities of individuals to ensure safety or compliance with rules
Monitor resources
Monitor flow of cash or other resources
Communicate organisational policies and procedures
Maintain knowledge of current developments in area of expertise
Determine pricing or monetary policies
Manage guest services
Collect payments for goods or services
Resolve customer complaints or problems
Promote goods, services, or programs
Compile operational data
Develop organisational policies or programs
Conduct financial or regulatory audits
Maintain staff records
Prepare staff schedules or work assignments
Evaluate employee performance
Conduct employee training programs
Interview employees, customers or others to collect information
Hire staff
Coordinate activities of food service staff
Determine prices for menu items
Inspect facilities, equipment or supplies to ensure conformance to standards
Maintain food, drink or equipment inventories
Manage food service operations
Order materials, supplies, or equipment
Plan menu options
Record operational or production data
Serve food or drinks
Train food preparation or food service staff
Provide basic information to guests, visitors, or clients
Manage organisational or project budgets
Confer with peers to accomplish work
Monitor facilities or operational systems
Coordinate operational activities with external stakeholders
Direct administrative or support services
Inspect condition, or functioning, of facilities or equipment
Recruit staff
Schedule product or material transportation
Maintain operational records
Develop operating strategies, plans or procedures
Document organisational or operational procedures
Implement organisational process or policy changes
Perform manual service or maintenance tasks
Monitor performance of organisational members or partners
Procure materials, equipment or other resources
Enforce rules or policies governing student behaviour
Monitor organisational procedures to ensure proper functioning
Evaluate quality of materials or products
Analyse data to inform operational decisions or activities
Maintain regulatory or compliance documentation
Monitor organisational compliance with regulations
Direct facility maintenance or repair activities
Manage inventories of products or organisational resources
Estimate cost or material requirements
Recommend organisational process or policy changes
Determine resource needs
Schedule activities or facility use
Negotiate sales or lease agreements for goods or services
Manage human resources activities
Supervise clerical or administrative staff
Explain regulations, policies or procedures
Train staff
Respond to customer problems or complaints
Examine documents to verify adherence to requirements
Administer staff recruitment or hiring activities
Compile data or documentation
Prepare research or technical reports
Calculate financial data
Analyse financial information
Coordinate operational activities
Perform administrative or clerical tasks
Provide information to co-workers
Maintain inventory records
Record personnel information
Confer with co-workers or internal stakeholders to coordinate operational activities
Maintain current knowledge related to work activities
Monitor inventories
Report maintenance or equipment problems to appropriate personnel
Monitor operational quality or safety
Communicate with management or other staff to resolve problems
Conduct gaming transactions
Maintain financial or account records
Operate gaming equipment
Monitor patron activities to identify problems or potential problems
Supervise service workers
Greet customers, patrons or visitors
Perform basic equipment maintenance
Respond to customer inquiries
Distribute resources to patrons or employees
Assign duties or work schedules to employees
Prepare operational reports or records
Maintain knowledge of business operations
Clean equipment or facilities
Manage budgets for personal services operations
Develop plans for programs or services
Enforce rules or regulations
