Read instances: 0.19 s
Generate matrices: 7.17 s
===============================================================================
                                     CVXPY                                     
                                     v1.3.0                                    
===============================================================================
(CVXPY) Oct 18 08:22:07 PM: Your problem has 4003 variables, 19 constraints, and 0 parameters.
(CVXPY) Oct 18 08:22:07 PM: It is compliant with the following grammars: DCP, DQCP
(CVXPY) Oct 18 08:22:07 PM: (If you need to solve this problem multiple times, but with different data, consider using parameters.)
(CVXPY) Oct 18 08:22:07 PM: CVXPY will first compile your problem; then, it will invoke a numerical solver to obtain a solution.
-------------------------------------------------------------------------------
                                  Compilation                                  
-------------------------------------------------------------------------------
(CVXPY) Oct 18 08:22:07 PM: Compiling problem (target solver=CPLEX).
(CVXPY) Oct 18 08:22:07 PM: Reduction chain: CvxAttr2Constr -> Qp2SymbolicQp -> QpMatrixStuffing -> CPLEX
(CVXPY) Oct 18 08:22:07 PM: Applying reduction CvxAttr2Constr
(CVXPY) Oct 18 08:22:07 PM: Applying reduction Qp2SymbolicQp
(CVXPY) Oct 18 08:22:07 PM: Applying reduction QpMatrixStuffing
(CVXPY) Oct 18 08:22:07 PM: Applying reduction CPLEX
(CVXPY) Oct 18 08:22:07 PM: Finished problem compilation (took 7.079e-02 seconds).
-------------------------------------------------------------------------------
                                Numerical solver                               
-------------------------------------------------------------------------------
(CVXPY) Oct 18 08:22:07 PM: Invoking solver CPLEX  to obtain a solution.
Version identifier: 22.1.0.0 | 2022-03-09 | 1a383f8ce
CPXPARAM_Read_DataCheck                          1
CPXPARAM_TimeLimit                               30
Tried aggregator 2 times.
MIP Presolve eliminated 6564 rows and 3796 columns.
MIP Presolve modified 8300 coefficients.
Aggregator did 27 substitutions.
Reduced MIP has 1199 rows, 959 columns, and 12237 nonzeros.
Reduced MIP has 958 binaries, 0 generals, 0 SOSs, and 0 indicators.
Presolve time = 0.08 sec. (99.84 ticks)
Found incumbent of value 0.990000 after 0.08 sec. (102.62 ticks)
Probing fixed 63 vars, tightened 0 bounds.
Probing changed sense of 63 constraints.
Probing time = 0.02 sec. (26.98 ticks)
Tried aggregator 2 times.
MIP Presolve eliminated 374 rows and 67 columns.
MIP Presolve modified 805 coefficients.
Aggregator did 12 substitutions.
Reduced MIP has 813 rows, 656 columns, and 9615 nonzeros.
Reduced MIP has 655 binaries, 1 generals, 0 SOSs, and 0 indicators.
Presolve time = 0.02 sec. (24.72 ticks)
Probing time = 0.00 sec. (6.93 ticks)
Tried aggregator 1 time.
Detecting symmetries...
Reduced MIP has 813 rows, 656 columns, and 9615 nonzeros.
Reduced MIP has 655 binaries, 1 generals, 0 SOSs, and 0 indicators.
Presolve time = 0.01 sec. (7.02 ticks)
Probing time = 0.01 sec. (6.93 ticks)
Clique table members: 408.
MIP emphasis: balance optimality and feasibility.
MIP search method: dynamic search.
Parallel mode: deterministic, using up to 8 threads.
Root relaxation solution time = 0.00 sec. (6.31 ticks)

        Nodes                                         Cuts/
   Node  Left     Objective  IInf  Best Integer    Best Bound    ItCnt     Gap

*     0+    0                            0.9900        0.4050            59.09%
      0     0        0.6429    28        0.9900        0.6429      107   35.06%
*     0+    0                            0.9250        0.6429            30.50%
*     0+    0                            0.6575        0.6429             2.22%
      0     0        cutoff              0.6575        0.6575      190    0.00%
Elapsed time = 0.18 sec. (207.87 ticks, tree = 0.01 MB, solutions = 3)

GUB cover cuts applied:  7
Clique cuts applied:  1
Cover cuts applied:  1
Implied bound cuts applied:  4
Mixed integer rounding cuts applied:  5
Zero-half cuts applied:  8
Lift and project cuts applied:  4
Gomory fractional cuts applied:  5

Root node processing (before b&c):
  Real time             =    0.18 sec. (208.10 ticks)
Parallel b&c, 8 threads:
  Real time             =    0.00 sec. (0.00 ticks)
  Sync time (average)   =    0.00 sec.
  Wait time (average)   =    0.00 sec.
                          ------------
Total (root+branch&cut) =    0.18 sec. (208.10 ticks)
-------------------------------------------------------------------------------
                                    Summary                                    
-------------------------------------------------------------------------------
(CVXPY) Oct 18 08:22:08 PM: Problem status: optimal
(CVXPY) Oct 18 08:22:08 PM: Optimal value: 6.575e-01
(CVXPY) Oct 18 08:22:08 PM: Compilation took 7.079e-02 seconds
(CVXPY) Oct 18 08:22:08 PM: Solver (including time spent in interface) took 2.636e-01 seconds
The optimal value is 0.6575
###############################################
################## SCHEDULE ####################
###############################################
Activity: Initial Activity (1) 	 Start Period: 0 	 End Period: 0
Activity: Get Started with SAP Emarsys Customer Engagement (1.0) 	 Start Period: 1 	 End Period: 1
Activity: Exploring SAP S/4HANA Sales (4.0) 	 Start Period: 1 	 End Period: 2
Activity: Discover SAP S/4HANA Asset Management and SAP S/4H (5.0) 	 Start Period: 2 	 End Period: 2
Solve time: 0.18
Job affinity: 34.091
Skills per Unit
	 Initial Activity:
	 Get Started with SAP Emarsys Customer Engagement:
		 Develop marketing plans or strategies
		 Coordinate sales campaigns
	 Discover SAP S/4HANA Asset Management and SAP S/4HANA Service:
		 Direct administrative or support services
		 Supervise service workers
		 Direct organisational operations, projects or services
		 Train service staff
		 Resolve customer complaints or problems
		 Establish operational policies
		 Maintain knowledge of business operations
		 Develop plans for programs or services
		 Answer customer questions about goods or services
		 Prepare operational progress or status reports
		 Hire staff
	 Exploring SAP S/4HANA Sales:
		 Train sales staff
		 Monitor sales activities
Skills for Job 142
Establish operational policies
Examine condition of property or products
Supervise sales or support staff
Assign duties or work schedules to employees
Monitor sales activities
Train sales staff
Answer customer questions about goods or services
Greet customers, patrons or visitors
Monitor work areas to provide security
Maintain records of sales or other business transactions
Monitor inventories
Set up merchandise displays
Develop marketing plans or strategies
Monitor market conditions or trends
Clean work areas
Sell goods or services
Procure stocks of merchandise or supplies
Prepare financial documents, reports or budgets
Coordinate sales campaigns
Direct organisational operations, projects or services
Prepare staff schedules or work assignments
Resolve customer complaints or problems
Prepare operational progress or status reports
Collect payments for goods or services
Direct administrative or support services
Provide basic information to guests, visitors, or clients
Negotiate labour disputes
Conduct employee training programs
Hire staff
Coordinate with external parties to exchange information
Evaluate employee performance
Supervise service workers
Explain regulations, policies or procedures
Provide attraction or event information to patrons
Promote goods, services, or programs
Maintain knowledge of business operations
Develop plans for programs or services
Order materials, supplies, or equipment
Inspect equipment to ensure proper functioning
Inspect facilities
Prepare operational reports or records
Perform human resources activities
Train service staff
Maintain professional knowledge or certifications
