Read instances: 0.20 s
Generate matrices: 6.74 s
===============================================================================
                                     CVXPY                                     
                                     v1.3.0                                    
===============================================================================
(CVXPY) Oct 18 08:22:25 PM: Your problem has 4003 variables, 19 constraints, and 0 parameters.
(CVXPY) Oct 18 08:22:25 PM: It is compliant with the following grammars: DCP, DQCP
(CVXPY) Oct 18 08:22:25 PM: (If you need to solve this problem multiple times, but with different data, consider using parameters.)
(CVXPY) Oct 18 08:22:25 PM: CVXPY will first compile your problem; then, it will invoke a numerical solver to obtain a solution.
-------------------------------------------------------------------------------
                                  Compilation                                  
-------------------------------------------------------------------------------
(CVXPY) Oct 18 08:22:25 PM: Compiling problem (target solver=CPLEX).
(CVXPY) Oct 18 08:22:25 PM: Reduction chain: CvxAttr2Constr -> Qp2SymbolicQp -> QpMatrixStuffing -> CPLEX
(CVXPY) Oct 18 08:22:25 PM: Applying reduction CvxAttr2Constr
(CVXPY) Oct 18 08:22:25 PM: Applying reduction Qp2SymbolicQp
(CVXPY) Oct 18 08:22:25 PM: Applying reduction QpMatrixStuffing
(CVXPY) Oct 18 08:22:25 PM: Applying reduction CPLEX
(CVXPY) Oct 18 08:22:25 PM: Finished problem compilation (took 7.211e-02 seconds).
-------------------------------------------------------------------------------
                                Numerical solver                               
-------------------------------------------------------------------------------
(CVXPY) Oct 18 08:22:25 PM: Invoking solver CPLEX  to obtain a solution.
Version identifier: 22.1.0.0 | 2022-03-09 | 1a383f8ce
CPXPARAM_Read_DataCheck                          1
CPXPARAM_TimeLimit                               30
Tried aggregator 2 times.
MIP Presolve eliminated 4654 rows and 2400 columns.
MIP Presolve modified 15080 coefficients.
Aggregator did 30 substitutions.
Reduced MIP has 3106 rows, 2202 columns, and 44860 nonzeros.
Reduced MIP has 2201 binaries, 0 generals, 0 SOSs, and 0 indicators.
Presolve time = 0.12 sec. (157.31 ticks)
Found incumbent of value 0.990000 after 0.13 sec. (162.76 ticks)
Probing fixed 52 vars, tightened 0 bounds.
Probing changed sense of 61 constraints.
Probing time = 0.07 sec. (100.40 ticks)
Tried aggregator 2 times.
Detecting symmetries...
MIP Presolve eliminated 121 rows and 56 columns.
MIP Presolve modified 315 coefficients.
Aggregator did 12 substitutions.
Reduced MIP has 2973 rows, 2128 columns, and 43695 nonzeros.
Reduced MIP has 2127 binaries, 1 generals, 0 SOSs, and 0 indicators.
Presolve time = 0.06 sec. (77.82 ticks)
Probing time = 0.02 sec. (13.17 ticks)
Clique table members: 2255.
MIP emphasis: balance optimality and feasibility.
MIP search method: dynamic search.
Parallel mode: deterministic, using up to 8 threads.
Root relaxation solution time = 0.09 sec. (66.24 ticks)

        Nodes                                         Cuts/
   Node  Left     Objective  IInf  Best Integer    Best Bound    ItCnt     Gap

*     0+    0                            0.9900        0.3150            68.18%
      0     0        0.4427    86        0.9900        0.4427      524   55.29%
*     0+    0                            0.4550        0.4427             2.71%
      0     0        0.4438    90        0.4550      Cuts: 77      765    2.47%
      0     0        0.4441    88        0.4550     Cuts: 116      842    2.38%

Repeating presolve.
Tried aggregator 1 time.
MIP Presolve eliminated 2771 rows and 1943 columns.
MIP Presolve modified 2262 coefficients.
Reduced MIP has 198 rows, 147 columns, and 1920 nonzeros.
Reduced MIP has 146 binaries, 1 generals, 0 SOSs, and 0 indicators.
Presolve time = 0.01 sec. (12.50 ticks)
Probing fixed 26 vars, tightened 0 bounds.
Probing time = 0.00 sec. (1.20 ticks)
Tried aggregator 2 times.
MIP Presolve eliminated 74 rows and 44 columns.
MIP Presolve modified 262 coefficients.
Aggregator did 3 substitutions.
Reduced MIP has 121 rows, 98 columns, and 1233 nonzeros.
Reduced MIP has 97 binaries, 1 generals, 0 SOSs, and 0 indicators.
Presolve time = 0.00 sec. (3.75 ticks)
Probing time = 0.00 sec. (0.56 ticks)
Cover probing fixed 0 vars, tightened 2 bounds.
Tried aggregator 1 time.
MIP Presolve eliminated 20 rows and 2 columns.
MIP Presolve modified 11 coefficients.
Reduced MIP has 101 rows, 96 columns, and 1149 nonzeros.
Reduced MIP has 95 binaries, 1 generals, 0 SOSs, and 0 indicators.
Presolve time = 0.00 sec. (1.26 ticks)
Probing time = 0.00 sec. (0.50 ticks)
Tried aggregator 1 time.
Detecting symmetries...
MIP Presolve eliminated 1 rows and 0 columns.
Reduced MIP has 100 rows, 96 columns, and 1143 nonzeros.
Reduced MIP has 95 binaries, 1 generals, 0 SOSs, and 0 indicators.
Presolve time = 0.00 sec. (0.82 ticks)
Represolve time = 0.02 sec. (27.70 ticks)
Probing time = 0.00 sec. (0.50 ticks)
Clique table members: 448.
MIP emphasis: balance optimality and feasibility.
MIP search method: dynamic search.
Parallel mode: deterministic, using up to 8 threads.
Root relaxation solution time = 0.00 sec. (0.58 ticks)

        Nodes                                         Cuts/
   Node  Left     Objective  IInf  Best Integer    Best Bound    ItCnt     Gap

*     0+    0                            0.4550        0.4441             2.38%
      0     0        0.4460    10        0.4550        0.4460      879    1.98%
      0     0        cutoff              0.4550                    886    0.00%
Elapsed time = 0.64 sec. (622.24 ticks, tree = 0.01 MB, solutions = 2)

GUB cover cuts applied:  12
Mixed integer rounding cuts applied:  2
Zero-half cuts applied:  10
Gomory fractional cuts applied:  4

Root node processing (before b&c):
  Real time             =    0.64 sec. (622.41 ticks)
Parallel b&c, 8 threads:
  Real time             =    0.00 sec. (0.00 ticks)
  Sync time (average)   =    0.00 sec.
  Wait time (average)   =    0.00 sec.
                          ------------
Total (root+branch&cut) =    0.64 sec. (622.41 ticks)
-------------------------------------------------------------------------------
                                    Summary                                    
-------------------------------------------------------------------------------
(CVXPY) Oct 18 08:22:26 PM: Problem status: optimal
(CVXPY) Oct 18 08:22:26 PM: Optimal value: 4.550e-01
(CVXPY) Oct 18 08:22:26 PM: Compilation took 7.211e-02 seconds
(CVXPY) Oct 18 08:22:26 PM: Solver (including time spent in interface) took 7.228e-01 seconds
The optimal value is 0.455
###############################################
################## SCHEDULE ####################
###############################################
Activity: Initial Activity (1) 	 Start Period: 0 	 End Period: 0
Activity: Explore Supply Chain Business Scenarios in SAP S/4 (10.0) 	 Start Period: 1 	 End Period: 1
Activity: Outlining the Finance Overview in SAP S/4HANA (7.0) 	 Start Period: 1 	 End Period: 1
Activity: Discover SAP Sales Cloud (6.0) 	 Start Period: 1 	 End Period: 2
Activity: Get Started with SAP Emarsys Customer Engagement (1.0) 	 Start Period: 2 	 End Period: 2
Activity: Discover SAP S/4HANA Asset Management and SAP S/4H (5.0) 	 Start Period: 2 	 End Period: 2
Activity: Hire to Retire – Strategy, Implementation, and Ope (9.0) 	 Start Period: 2 	 End Period: 2
Solve time: 0.64
Job affinity: 54.545
Skills per Unit
	 Initial Activity:
	 Outlining the Finance Overview in SAP S/4HANA:
		 Maintain records of sales or other business transactions
		 Prepare operational reports or records
		 Prepare financial documents, reports or budgets
	 Get Started with SAP Emarsys Customer Engagement:
		 Develop marketing plans or strategies
		 Coordinate sales campaigns
	 Discover SAP Sales Cloud:
		 Monitor sales activities
		 Answer customer questions about goods or services
		 Coordinate sales campaigns
		 Train sales staff
		 Maintain knowledge of business operations
		 Supervise sales or support staff
	 Explore Supply Chain Business Scenarios in SAP S/4HANA Cloud, public edition:
		 Procure stocks of merchandise or supplies
		 Monitor inventories
		 Evaluate employee performance
		 Direct organisational operations, projects or services
	 Discover SAP S/4HANA Asset Management and SAP S/4HANA Service:
		 Direct administrative or support services
		 Supervise service workers
		 Direct organisational operations, projects or services
		 Train service staff
		 Resolve customer complaints or problems
		 Establish operational policies
		 Maintain knowledge of business operations
		 Develop plans for programs or services
		 Answer customer questions about goods or services
		 Prepare operational progress or status reports
		 Hire staff
	 Hire to Retire – Strategy, Implementation, and Operations:
		 Perform human resources activities
		 Conduct employee training programs
Skills for Job 142
Establish operational policies
Examine condition of property or products
Supervise sales or support staff
Assign duties or work schedules to employees
Monitor sales activities
Train sales staff
Answer customer questions about goods or services
Greet customers, patrons or visitors
Monitor work areas to provide security
Maintain records of sales or other business transactions
Monitor inventories
Set up merchandise displays
Develop marketing plans or strategies
Monitor market conditions or trends
Clean work areas
Sell goods or services
Procure stocks of merchandise or supplies
Prepare financial documents, reports or budgets
Coordinate sales campaigns
Direct organisational operations, projects or services
Prepare staff schedules or work assignments
Resolve customer complaints or problems
Prepare operational progress or status reports
Collect payments for goods or services
Direct administrative or support services
Provide basic information to guests, visitors, or clients
Negotiate labour disputes
Conduct employee training programs
Hire staff
Coordinate with external parties to exchange information
Evaluate employee performance
Supervise service workers
Explain regulations, policies or procedures
Provide attraction or event information to patrons
Promote goods, services, or programs
Maintain knowledge of business operations
Develop plans for programs or services
Order materials, supplies, or equipment
Inspect equipment to ensure proper functioning
Inspect facilities
Prepare operational reports or records
Perform human resources activities
Train service staff
Maintain professional knowledge or certifications
