Read instances: 0.19 s
Generate matrices: 7.05 s
===============================================================================
                                     CVXPY                                     
                                     v1.3.0                                    
===============================================================================
(CVXPY) Oct 18 08:22:35 PM: Your problem has 4029 variables, 19 constraints, and 0 parameters.
(CVXPY) Oct 18 08:22:35 PM: It is compliant with the following grammars: DCP, DQCP
(CVXPY) Oct 18 08:22:35 PM: (If you need to solve this problem multiple times, but with different data, consider using parameters.)
(CVXPY) Oct 18 08:22:35 PM: CVXPY will first compile your problem; then, it will invoke a numerical solver to obtain a solution.
-------------------------------------------------------------------------------
                                  Compilation                                  
-------------------------------------------------------------------------------
(CVXPY) Oct 18 08:22:35 PM: Compiling problem (target solver=CPLEX).
(CVXPY) Oct 18 08:22:35 PM: Reduction chain: CvxAttr2Constr -> Qp2SymbolicQp -> QpMatrixStuffing -> CPLEX
(CVXPY) Oct 18 08:22:35 PM: Applying reduction CvxAttr2Constr
(CVXPY) Oct 18 08:22:35 PM: Applying reduction Qp2SymbolicQp
(CVXPY) Oct 18 08:22:35 PM: Applying reduction QpMatrixStuffing
(CVXPY) Oct 18 08:22:35 PM: Applying reduction CPLEX
(CVXPY) Oct 18 08:22:35 PM: Finished problem compilation (took 7.234e-02 seconds).
-------------------------------------------------------------------------------
                                Numerical solver                               
-------------------------------------------------------------------------------
(CVXPY) Oct 18 08:22:35 PM: Invoking solver CPLEX  to obtain a solution.
Version identifier: 22.1.0.0 | 2022-03-09 | 1a383f8ce
CPXPARAM_Read_DataCheck                          1
CPXPARAM_TimeLimit                               30
Tried aggregator 2 times.
MIP Presolve eliminated 6635 rows and 3829 columns.
MIP Presolve modified 8300 coefficients.
Aggregator did 33 substitutions.
Reduced MIP has 1200 rows, 960 columns, and 12241 nonzeros.
Reduced MIP has 959 binaries, 0 generals, 0 SOSs, and 0 indicators.
Presolve time = 0.08 sec. (99.22 ticks)
Found incumbent of value 0.990000 after 0.08 sec. (102.01 ticks)
Probing fixed 63 vars, tightened 0 bounds.
Probing changed sense of 63 constraints.
Probing time = 0.02 sec. (27.01 ticks)
Tried aggregator 2 times.
MIP Presolve eliminated 375 rows and 67 columns.
MIP Presolve modified 805 coefficients.
Aggregator did 12 substitutions.
Reduced MIP has 813 rows, 656 columns, and 9615 nonzeros.
Reduced MIP has 655 binaries, 1 generals, 0 SOSs, and 0 indicators.
Presolve time = 0.02 sec. (24.73 ticks)
Probing time = 0.01 sec. (6.93 ticks)
Tried aggregator 1 time.
Detecting symmetries...
Reduced MIP has 813 rows, 656 columns, and 9615 nonzeros.
Reduced MIP has 655 binaries, 1 generals, 0 SOSs, and 0 indicators.
Presolve time = 0.01 sec. (7.03 ticks)
Probing time = 0.00 sec. (6.93 ticks)
Clique table members: 408.
MIP emphasis: balance optimality and feasibility.
MIP search method: dynamic search.
Parallel mode: deterministic, using up to 8 threads.
Root relaxation solution time = 0.00 sec. (6.43 ticks)

        Nodes                                         Cuts/
   Node  Left     Objective  IInf  Best Integer    Best Bound    ItCnt     Gap

*     0+    0                            0.9900        0.4707            52.46%
      0     0        0.7252   142        0.9900        0.7252      125   26.75%
*     0+    0                            0.7840        0.7252             7.50%
*     0+    0                            0.7516        0.7252             3.51%
      0     0        cutoff              0.7516        0.7516      234    0.00%
Elapsed time = 0.18 sec. (214.08 ticks, tree = 0.01 MB, solutions = 3)

GUB cover cuts applied:  94
Cover cuts applied:  2
Implied bound cuts applied:  79
Mixed integer rounding cuts applied:  82
Zero-half cuts applied:  19
Lift and project cuts applied:  2
Gomory fractional cuts applied:  11

Root node processing (before b&c):
  Real time             =    0.18 sec. (214.32 ticks)
Parallel b&c, 8 threads:
  Real time             =    0.00 sec. (0.00 ticks)
  Sync time (average)   =    0.00 sec.
  Wait time (average)   =    0.00 sec.
                          ------------
Total (root+branch&cut) =    0.18 sec. (214.32 ticks)
-------------------------------------------------------------------------------
                                    Summary                                    
-------------------------------------------------------------------------------
(CVXPY) Oct 18 08:22:35 PM: Problem status: optimal
(CVXPY) Oct 18 08:22:35 PM: Optimal value: 7.516e-01
(CVXPY) Oct 18 08:22:35 PM: Compilation took 7.234e-02 seconds
(CVXPY) Oct 18 08:22:35 PM: Solver (including time spent in interface) took 2.646e-01 seconds
The optimal value is 0.7515573770491804
###############################################
################## SCHEDULE ####################
###############################################
Activity: Initial Activity (1) 	 Start Period: 0 	 End Period: 0
Activity: Outlining Cost Management and Profitability Analys (2.0) 	 Start Period: 1 	 End Period: 1
Activity: Outlining the Finance Overview in SAP S/4HANA (7.0) 	 Start Period: 1 	 End Period: 2
Solve time: 0.18
Job affinity: 24.590
Skills per Unit
	 Initial Activity:
	 Outlining the Finance Overview in SAP S/4HANA:
		 Examine financial records or processes
		 Prepare financial documents, reports or budgets
		 Analyse budgetary, accounting or business data
		 Examine financial records
		 Direct financial operations
		 Analyse financial records to improve budgeting or planning
		 Prepare reports related to compliance matters
		 Analyse financial information
		 Analyse financial records to improve efficiency
		 Analyse business or financial data
		 Develop business or financial information systems
		 Prepare operational budgets
		 Prepare financial documents
	 Outlining Cost Management and Profitability Analysis in SAP S/4HANA:
		 Prepare operational budgets
		 Analyse budgetary, accounting or business data
		 Develop operating strategies, plans or procedures
		 Identify opportunities to improve operational efficiency
		 Develop business or financial information systems
Skills for Job 221
Examine financial records
Oversee business processes
Examine financial records or processes
Determine operational compliance with regulations or standards
Prepare reports related to compliance matters
Prepare financial documents, reports or budgets
Verify accuracy of records
Calculate data to inform organisational operations
Verify accuracy of financial information
Coordinate regulatory documentation activities
Ensure business strategies comply with information security standards
Collect evidence for legal proceedings
Investigate legal issues
Evaluate effectiveness of staff policies or practices
Discuss business strategies, practices or policies with managers
Assess financial status of clients
Advise others on financial matters
Advise others on business or operational matters
Report information to managers or other staff
Analyse business or financial data
Prepare financial documents
Develop operating strategies, plans or procedures
Supervise employees
Develop business or financial information systems
Forecast economic, political, social or financial trends
Analyse data to inform operational decisions or activities
Identify opportunities to improve operational efficiency
Analyse budgetary, accounting or business data
Analyse financial information
Maintain data in information systems or databases
Conduct financial or regulatory audits
Advise others on human resources topics
Monitor inventories
Calculate tax information
Appraise property values
Evaluate condition of properties
Interview clients to gather financial information
Explain regulations, policies or procedures
Correspond with customers to answer questions or resolve complaints
Develop financial plans for clients
Update professional knowledge
Direct financial operations
Maintain knowledge of current developments in area of expertise
Approve expenditures
Collect payments for goods or services
Evaluate employee performance
Verify accuracy of data
Monitor flow of cash or other resources
Monitor organisational compliance with regulations
Analyse financial records to improve efficiency
Establish interpersonal business relationships to facilitate work activities
Recommend organisational process or policy changes
Determine resource needs
Develop organisational policies or programs
Conduct employee training programs
Analyse financial records to improve budgeting or planning
Determine pricing or monetary policies
Manage control system activities in organisations
Administer compensation or benefits programs
Prepare operational budgets
Compile operational data
