Read instances: 0.21 s
Generate matrices: 6.84 s
===============================================================================
                                     CVXPY                                     
                                     v1.3.0                                    
===============================================================================
(CVXPY) Nov 20 09:52:54 AM: Your problem has 3921 variables, 19 constraints, and 0 parameters.
(CVXPY) Nov 20 09:52:54 AM: It is compliant with the following grammars: DCP, DQCP
(CVXPY) Nov 20 09:52:54 AM: (If you need to solve this problem multiple times, but with different data, consider using parameters.)
(CVXPY) Nov 20 09:52:54 AM: CVXPY will first compile your problem; then, it will invoke a numerical solver to obtain a solution.
-------------------------------------------------------------------------------
                                  Compilation                                  
-------------------------------------------------------------------------------
(CVXPY) Nov 20 09:52:54 AM: Compiling problem (target solver=CPLEX).
(CVXPY) Nov 20 09:52:54 AM: Reduction chain: CvxAttr2Constr -> Qp2SymbolicQp -> QpMatrixStuffing -> CPLEX
(CVXPY) Nov 20 09:52:54 AM: Applying reduction CvxAttr2Constr
(CVXPY) Nov 20 09:52:54 AM: Applying reduction Qp2SymbolicQp
(CVXPY) Nov 20 09:52:54 AM: Applying reduction QpMatrixStuffing
(CVXPY) Nov 20 09:52:54 AM: Applying reduction CPLEX
(CVXPY) Nov 20 09:52:54 AM: Finished problem compilation (took 6.892e-02 seconds).
-------------------------------------------------------------------------------
                                Numerical solver                               
-------------------------------------------------------------------------------
(CVXPY) Nov 20 09:52:54 AM: Invoking solver CPLEX  to obtain a solution.
Version identifier: 22.1.0.0 | 2022-03-09 | 1a383f8ce
CPXPARAM_Read_DataCheck                          1
CPXPARAM_TimeLimit                               30
Tried aggregator 2 times.
MIP Presolve eliminated 5516 rows and 2936 columns.
MIP Presolve modified 11343 coefficients.
Aggregator did 28 substitutions.
Reduced MIP has 2140 rows, 1566 columns, and 29084 nonzeros.
Reduced MIP has 1565 binaries, 0 generals, 0 SOSs, and 0 indicators.
Presolve time = 0.09 sec. (106.22 ticks)
Found incumbent of value 0.990000 after 0.09 sec. (110.23 ticks)
Probing fixed 135 vars, tightened 0 bounds.
Probing changed sense of 145 constraints.
Probing time = 0.07 sec. (95.94 ticks)
Tried aggregator 2 times.
MIP Presolve eliminated 284 rows and 139 columns.
MIP Presolve modified 1478 coefficients.
Aggregator did 12 substitutions.
Reduced MIP has 1844 rows, 1409 columns, and 25771 nonzeros.
Reduced MIP has 1408 binaries, 1 generals, 0 SOSs, and 0 indicators.
Presolve time = 0.03 sec. (39.03 ticks)
Probing time = 0.02 sec. (10.26 ticks)
Tried aggregator 1 time.
Detecting symmetries...
Reduced MIP has 1844 rows, 1409 columns, and 25771 nonzeros.
Reduced MIP has 1408 binaries, 1 generals, 0 SOSs, and 0 indicators.
Presolve time = 0.02 sec. (16.23 ticks)
Probing time = 0.01 sec. (10.26 ticks)
Clique table members: 1064.
MIP emphasis: balance optimality and feasibility.
MIP search method: dynamic search.
Parallel mode: deterministic, using up to 8 threads.
Root relaxation solution time = 0.04 sec. (31.24 ticks)

        Nodes                                         Cuts/
   Node  Left     Objective  IInf  Best Integer    Best Bound    ItCnt     Gap

*     0+    0                            0.9900        0.4356            56.00%
      0     0        0.6904    44        0.9900        0.6904      378   30.26%
*     0+    0                            0.6980        0.6904             1.09%
      0     0        cutoff              0.6980        0.6980      507    0.00%
Elapsed time = 0.36 sec. (380.45 ticks, tree = 0.01 MB, solutions = 2)

GUB cover cuts applied:  11
Clique cuts applied:  1
Mixed integer rounding cuts applied:  3
Zero-half cuts applied:  13
Lift and project cuts applied:  1
Gomory fractional cuts applied:  6

Root node processing (before b&c):
  Real time             =    0.36 sec. (380.71 ticks)
Parallel b&c, 8 threads:
  Real time             =    0.00 sec. (0.00 ticks)
  Sync time (average)   =    0.00 sec.
  Wait time (average)   =    0.00 sec.
                          ------------
Total (root+branch&cut) =    0.36 sec. (380.71 ticks)
-------------------------------------------------------------------------------
                                    Summary                                    
-------------------------------------------------------------------------------
(CVXPY) Nov 20 09:52:55 AM: Problem status: optimal
(CVXPY) Nov 20 09:52:55 AM: Optimal value: 6.980e-01
(CVXPY) Nov 20 09:52:55 AM: Compilation took 6.892e-02 seconds
(CVXPY) Nov 20 09:52:55 AM: Solver (including time spent in interface) took 4.522e-01 seconds
The optimal value is 0.698
###############################################
################## SCHEDULE ####################
###############################################
Activity: Initial Activity (1) 	 Start Period: 0 	 End Period: 0
Activity: Discover the Environment, Health & Safety modules  (6.0) 	 Start Period: 1 	 End Period: 1
Activity: Hire to Retire – Strategy, Implementation, and Ope (9.0) 	 Start Period: 1 	 End Period: 2
Activity: Basics of Design Testing (Edition Q2/2019) (5.0) 	 Start Period: 2 	 End Period: 2
Solve time: 0.37
Job affinity: 30.000
Skills per Unit
	 Initial Activity:
	 Discover the Environment, Health & Safety modules in SAP S/4HANA:
		 Prepare operational reports
		 Develop procedures to evaluate organisational activities
		 Establish business management methods
		 Analyse data to identify or resolve operational problems
		 Assess risks to business operations
		 Evaluate staff practices to ensure adherence to regulations
		 Maintain data in information systems or databases
	 Hire to Retire – Strategy, Implementation, and Operations:
		 Manage human resources activities
		 Advise others on human resources topics
		 Coordinate recruitment activities
		 Conduct employee training programs
	 Basics of Design Testing (Edition Q2/2019):
		 Evaluate training programs, instructors or materials
		 Develop training materials
		 Develop instructional materials
		 Create technology-based learning materials
Skills for Job 223
Advise educators on curricula, instructional methods or policies
Assess educational needs of students
Create technology-based learning materials
Develop instructional materials
Develop instructional objectives
Edit documents
Modify teaching methods or materials to accommodate student needs
Research topics in area of expertise
Teach others to use technology or equipment
Conduct opinion surveys or needs assessments
Conduct employee training programs
Evaluate training programs, instructors or materials
Evaluate program effectiveness
Evaluate employee performance
Coordinate special events or programs
Manage human resources activities
Determine operational compliance with regulations or standards
Confer with peers to accomplish work
Develop procedures to evaluate organisational activities
Prepare operational budgets
Administer staff recruitment or hiring activities
Coordinate recruitment activities
Maintain data in information systems or databases
Update knowledge of legal or regulatory environments
Verify application data to determine program eligibility
Inform individuals or organisations of status or findings
Review license or permit applications
Evaluate staff practices to ensure adherence to regulations
Explain regulations, policies or procedures
Train managerial staff
Conduct eligibility or selection interviews
Advise others on human resources topics
Discuss business strategies, practices or policies with managers
Evaluate effectiveness of staff policies or practices
Prepare operational reports
Develop training materials
Train staff to improve their skills
Advise others on business or operational matters
Establish business management methods
Measure effectiveness of business strategies or practices
Assess risks to business operations
Organise special events
Arrange collective bargaining agreements
Prepare regulatory or compliance documentation
Present business-related information
Analyse data to identify or resolve operational problems
Collect evidence for legal proceedings
Negotiate agreements to resolve disputes
Establish organisational guidelines or policies
Testify at legal or legislative proceedings
