Read instances: 0.18 s
Generate matrices: 6.78 s
===============================================================================
                                     CVXPY                                     
                                     v1.3.0                                    
===============================================================================
(CVXPY) Oct 18 08:23:47 PM: Your problem has 4011 variables, 19 constraints, and 0 parameters.
(CVXPY) Oct 18 08:23:47 PM: It is compliant with the following grammars: DCP, DQCP
(CVXPY) Oct 18 08:23:47 PM: (If you need to solve this problem multiple times, but with different data, consider using parameters.)
(CVXPY) Oct 18 08:23:47 PM: CVXPY will first compile your problem; then, it will invoke a numerical solver to obtain a solution.
-------------------------------------------------------------------------------
                                  Compilation                                  
-------------------------------------------------------------------------------
(CVXPY) Oct 18 08:23:47 PM: Compiling problem (target solver=CPLEX).
(CVXPY) Oct 18 08:23:47 PM: Reduction chain: CvxAttr2Constr -> Qp2SymbolicQp -> QpMatrixStuffing -> CPLEX
(CVXPY) Oct 18 08:23:47 PM: Applying reduction CvxAttr2Constr
(CVXPY) Oct 18 08:23:47 PM: Applying reduction Qp2SymbolicQp
(CVXPY) Oct 18 08:23:47 PM: Applying reduction QpMatrixStuffing
(CVXPY) Oct 18 08:23:47 PM: Applying reduction CPLEX
(CVXPY) Oct 18 08:23:47 PM: Finished problem compilation (took 7.066e-02 seconds).
-------------------------------------------------------------------------------
                                Numerical solver                               
-------------------------------------------------------------------------------
(CVXPY) Oct 18 08:23:47 PM: Invoking solver CPLEX  to obtain a solution.
Version identifier: 22.1.0.0 | 2022-03-09 | 1a383f8ce
CPXPARAM_Read_DataCheck                          1
CPXPARAM_TimeLimit                               30
Tried aggregator 2 times.
MIP Presolve eliminated 4677 rows and 2410 columns.
MIP Presolve modified 15082 coefficients.
Aggregator did 32 substitutions.
Reduced MIP has 3105 rows, 2201 columns, and 44856 nonzeros.
Reduced MIP has 2200 binaries, 0 generals, 0 SOSs, and 0 indicators.
Presolve time = 0.12 sec. (158.11 ticks)
Found incumbent of value 0.990000 after 0.13 sec. (163.56 ticks)
Probing fixed 52 vars, tightened 0 bounds.
Probing changed sense of 61 constraints.
Probing time = 0.07 sec. (97.63 ticks)
Tried aggregator 2 times.
Detecting symmetries...
MIP Presolve eliminated 120 rows and 56 columns.
MIP Presolve modified 315 coefficients.
Aggregator did 12 substitutions.
Reduced MIP has 2973 rows, 2128 columns, and 43695 nonzeros.
Reduced MIP has 2127 binaries, 1 generals, 0 SOSs, and 0 indicators.
Presolve time = 0.07 sec. (77.79 ticks)
Probing time = 0.02 sec. (13.17 ticks)
Clique table members: 2255.
MIP emphasis: balance optimality and feasibility.
MIP search method: dynamic search.
Parallel mode: deterministic, using up to 8 threads.
Root relaxation solution time = 0.05 sec. (33.90 ticks)

        Nodes                                         Cuts/
   Node  Left     Objective  IInf  Best Integer    Best Bound    ItCnt     Gap

*     0+    0                            0.9900        0.3564            64.00%
      0     0        0.5294   142        0.9900        0.5294      266   46.53%
*     0+    0                            0.5396        0.5294             1.90%
      0     0        0.5335    56        0.5396     Cuts: 231      417    1.13%
      0     0        0.5352    63        0.5396      Cuts: 34      468    0.82%
      0     0        cutoff              0.5396        0.5396      468    0.00%
Elapsed time = 0.49 sec. (544.34 ticks, tree = 0.01 MB, solutions = 2)

GUB cover cuts applied:  101
Cover cuts applied:  1
Mixed integer rounding cuts applied:  8
Zero-half cuts applied:  5
Lift and project cuts applied:  10
Gomory fractional cuts applied:  13

Root node processing (before b&c):
  Real time             =    0.49 sec. (544.66 ticks)
Parallel b&c, 8 threads:
  Real time             =    0.00 sec. (0.00 ticks)
  Sync time (average)   =    0.00 sec.
  Wait time (average)   =    0.00 sec.
                          ------------
Total (root+branch&cut) =    0.49 sec. (544.66 ticks)
-------------------------------------------------------------------------------
                                    Summary                                    
-------------------------------------------------------------------------------
(CVXPY) Oct 18 08:23:47 PM: Problem status: optimal
(CVXPY) Oct 18 08:23:47 PM: Optimal value: 5.396e-01
(CVXPY) Oct 18 08:23:47 PM: Compilation took 7.066e-02 seconds
(CVXPY) Oct 18 08:23:47 PM: Solver (including time spent in interface) took 5.747e-01 seconds
The optimal value is 0.5396
###############################################
################## SCHEDULE ####################
###############################################
Activity: Initial Activity (1) 	 Start Period: 0 	 End Period: 0
Activity: Product Compliance in a Nutshell (12.0) 	 Start Period: 1 	 End Period: 1
Activity: Discover the Environment, Health & Safety modules  (6.0) 	 Start Period: 1 	 End Period: 1
Activity: Outlining the Finance Overview in SAP S/4HANA (7.0) 	 Start Period: 1 	 End Period: 2
Activity: Bereit für die Digitalisierung? Digitales Talent M (10.0) 	 Start Period: 2 	 End Period: 2
Activity: Basics of Design Testing (Edition Q2/2019) (5.0) 	 Start Period: 2 	 End Period: 2
Solve time: 0.49
Job affinity: 46.000
Skills per Unit
	 Initial Activity:
	 Discover the Environment, Health & Safety modules in SAP S/4HANA:
		 Prepare operational reports
		 Develop procedures to evaluate organisational activities
		 Establish business management methods
		 Analyse data to identify or resolve operational problems
		 Assess risks to business operations
		 Evaluate staff practices to ensure adherence to regulations
		 Maintain data in information systems or databases
	 Outlining the Finance Overview in SAP S/4HANA:
		 Prepare operational reports
		 Present business-related information
		 Prepare operational budgets
	 Product Compliance in a Nutshell:
		 Determine operational compliance with regulations or standards
		 Prepare regulatory or compliance documentation
		 Explain regulations, policies or procedures
		 Establish organisational guidelines or policies
		 Evaluate staff practices to ensure adherence to regulations
	 Basics of Design Testing (Edition Q2/2019):
		 Evaluate training programs, instructors or materials
		 Develop training materials
		 Develop instructional materials
		 Create technology-based learning materials
	 Bereit für die Digitalisierung? Digitales Talent Management:
		 Advise others on human resources topics
		 Manage human resources activities
		 Conduct employee training programs
		 Train managerial staff
		 Train staff to improve their skills
		 Administer staff recruitment or hiring activities
Skills for Job 223
Advise educators on curricula, instructional methods or policies
Assess educational needs of students
Create technology-based learning materials
Develop instructional materials
Develop instructional objectives
Edit documents
Modify teaching methods or materials to accommodate student needs
Research topics in area of expertise
Teach others to use technology or equipment
Conduct opinion surveys or needs assessments
Conduct employee training programs
Evaluate training programs, instructors or materials
Evaluate program effectiveness
Evaluate employee performance
Coordinate special events or programs
Manage human resources activities
Determine operational compliance with regulations or standards
Confer with peers to accomplish work
Develop procedures to evaluate organisational activities
Prepare operational budgets
Administer staff recruitment or hiring activities
Coordinate recruitment activities
Maintain data in information systems or databases
Update knowledge of legal or regulatory environments
Verify application data to determine program eligibility
Inform individuals or organisations of status or findings
Review license or permit applications
Evaluate staff practices to ensure adherence to regulations
Explain regulations, policies or procedures
Train managerial staff
Conduct eligibility or selection interviews
Advise others on human resources topics
Discuss business strategies, practices or policies with managers
Evaluate effectiveness of staff policies or practices
Prepare operational reports
Develop training materials
Train staff to improve their skills
Advise others on business or operational matters
Establish business management methods
Measure effectiveness of business strategies or practices
Assess risks to business operations
Organise special events
Arrange collective bargaining agreements
Prepare regulatory or compliance documentation
Present business-related information
Analyse data to identify or resolve operational problems
Collect evidence for legal proceedings
Negotiate agreements to resolve disputes
Establish organisational guidelines or policies
Testify at legal or legislative proceedings
