Read instances: 0.19 s
Generate matrices: 6.88 s
===============================================================================
                                     CVXPY                                     
                                     v1.3.0                                    
===============================================================================
(CVXPY) Nov 20 09:51:27 AM: Your problem has 3921 variables, 19 constraints, and 0 parameters.
(CVXPY) Nov 20 09:51:27 AM: It is compliant with the following grammars: DCP, DQCP
(CVXPY) Nov 20 09:51:27 AM: (If you need to solve this problem multiple times, but with different data, consider using parameters.)
(CVXPY) Nov 20 09:51:27 AM: CVXPY will first compile your problem; then, it will invoke a numerical solver to obtain a solution.
-------------------------------------------------------------------------------
                                  Compilation                                  
-------------------------------------------------------------------------------
(CVXPY) Nov 20 09:51:27 AM: Compiling problem (target solver=CPLEX).
(CVXPY) Nov 20 09:51:27 AM: Reduction chain: CvxAttr2Constr -> Qp2SymbolicQp -> QpMatrixStuffing -> CPLEX
(CVXPY) Nov 20 09:51:27 AM: Applying reduction CvxAttr2Constr
(CVXPY) Nov 20 09:51:27 AM: Applying reduction Qp2SymbolicQp
(CVXPY) Nov 20 09:51:27 AM: Applying reduction QpMatrixStuffing
(CVXPY) Nov 20 09:51:27 AM: Applying reduction CPLEX
(CVXPY) Nov 20 09:51:27 AM: Finished problem compilation (took 7.320e-02 seconds).
-------------------------------------------------------------------------------
                                Numerical solver                               
-------------------------------------------------------------------------------
(CVXPY) Nov 20 09:51:27 AM: Invoking solver CPLEX  to obtain a solution.
Version identifier: 22.1.0.0 | 2022-03-09 | 1a383f8ce
CPXPARAM_Read_DataCheck                          1
CPXPARAM_TimeLimit                               30
Tried aggregator 2 times.
MIP Presolve eliminated 4369 rows and 2190 columns.
MIP Presolve modified 15667 coefficients.
Aggregator did 32 substitutions.
Reduced MIP has 3283 rows, 2314 columns, and 48861 nonzeros.
Reduced MIP has 2313 binaries, 0 generals, 0 SOSs, and 0 indicators.
Presolve time = 0.11 sec. (137.39 ticks)
Found incumbent of value 0.990000 after 0.12 sec. (145.42 ticks)
Probing fixed 8 vars, tightened 0 bounds.
Probing time = 0.04 sec. (28.55 ticks)
Tried aggregator 1 time.
Detecting symmetries...
MIP Presolve eliminated 20 rows and 8 columns.
MIP Presolve modified 44 coefficients.
Reduced MIP has 3263 rows, 2300 columns, and 48703 nonzeros.
Reduced MIP has 2299 binaries, 1 generals, 0 SOSs, and 0 indicators.
Presolve time = 0.04 sec. (47.38 ticks)
Probing time = 0.01 sec. (8.56 ticks)
Clique table members: 21910.
MIP emphasis: balance optimality and feasibility.
MIP search method: dynamic search.
Parallel mode: deterministic, using up to 8 threads.
Root relaxation solution time = 0.05 sec. (38.73 ticks)

        Nodes                                         Cuts/
   Node  Left     Objective  IInf  Best Integer    Best Bound    ItCnt     Gap

*     0+    0                            0.9900        0.3564            64.00%
      0     0        0.4890    71        0.9900        0.4890      248   50.60%
*     0+    0                            0.5000        0.4890             2.19%
      0     0        0.4912    54        0.5000      Cuts: 92      400    1.75%
      0     0        0.4913    57        0.5000      Cuts: 30      417    1.74%

Repeating presolve.
Tried aggregator 1 time.
MIP Presolve eliminated 2508 rows and 1681 columns.
MIP Presolve modified 2534 coefficients.
Reduced MIP has 754 rows, 526 columns, and 8643 nonzeros.
Reduced MIP has 525 binaries, 1 generals, 0 SOSs, and 0 indicators.
Presolve time = 0.02 sec. (29.50 ticks)
Probing fixed 43 vars, tightened 0 bounds.
Probing changed sense of 12 constraints.
Probing time = 0.01 sec. (5.91 ticks)
Cover probing fixed 0 vars, tightened 4 bounds.
Tried aggregator 2 times.
MIP Presolve eliminated 222 rows and 108 columns.
MIP Presolve modified 932 coefficients.
Aggregator did 1 substitutions.
Reduced MIP has 531 rows, 417 columns, and 6529 nonzeros.
Reduced MIP has 416 binaries, 1 generals, 0 SOSs, and 0 indicators.
Presolve time = 0.01 sec. (12.05 ticks)
Probing fixed 1 vars, tightened 0 bounds.
Probing time = 0.00 sec. (3.32 ticks)
Tried aggregator 1 time.
Detecting symmetries...
MIP Presolve eliminated 0 rows and 1 columns.
MIP Presolve modified 3 coefficients.
Reduced MIP has 531 rows, 416 columns, and 6522 nonzeros.
Reduced MIP has 415 binaries, 1 generals, 0 SOSs, and 0 indicators.
Presolve time = 0.01 sec. (5.02 ticks)
Represolve time = 0.06 sec. (63.92 ticks)
Probing time = 0.00 sec. (2.36 ticks)
Clique table members: 2224.
MIP emphasis: balance optimality and feasibility.
MIP search method: dynamic search.
Parallel mode: deterministic, using up to 8 threads.
Root relaxation solution time = 0.00 sec. (6.80 ticks)

        Nodes                                         Cuts/
   Node  Left     Objective  IInf  Best Integer    Best Bound    ItCnt     Gap

*     0+    0                            0.5000        0.4913             1.74%
      0     0        0.4917    47        0.5000        0.4917      611    1.66%
      0     0        0.4963    50        0.5000      Cuts: 26      678    0.74%
      0     0        0.4976    69        0.5000      Cuts: 28      717    0.48%
      0     0        0.4976    67        0.5000      Cuts: 48      728    0.48%
      0     0        0.4976    64        0.5000   ZeroHalf: 3      749    0.48%
      0     2        0.4976    64        0.5000        0.4976      749    0.48%
Elapsed time = 0.72 sec. (595.05 ticks, tree = 0.02 MB, solutions = 2)

GUB cover cuts applied:  6
Clique cuts applied:  11
Cover cuts applied:  61
Implied bound cuts applied:  22
Mixed integer rounding cuts applied:  4
Zero-half cuts applied:  8
Gomory fractional cuts applied:  5

Root node processing (before b&c):
  Real time             =    0.72 sec. (594.87 ticks)
Parallel b&c, 8 threads:
  Real time             =    0.07 sec. (48.57 ticks)
  Sync time (average)   =    0.03 sec.
  Wait time (average)   =    0.00 sec.
                          ------------
Total (root+branch&cut) =    0.79 sec. (643.43 ticks)
-------------------------------------------------------------------------------
                                    Summary                                    
-------------------------------------------------------------------------------
(CVXPY) Nov 20 09:51:28 AM: Problem status: optimal
(CVXPY) Nov 20 09:51:28 AM: Optimal value: 5.000e-01
(CVXPY) Nov 20 09:51:28 AM: Compilation took 7.320e-02 seconds
(CVXPY) Nov 20 09:51:28 AM: Solver (including time spent in interface) took 8.791e-01 seconds
The optimal value is 0.5
###############################################
################## SCHEDULE ####################
###############################################
Activity: Initial Activity (1) 	 Start Period: 0 	 End Period: 0
Activity: SAP SuccessFactors Learning – Get Your Implementat (12.0) 	 Start Period: 1 	 End Period: 1
Activity: Intrapreneurship – Employee-driven Innovation (4.0) 	 Start Period: 1 	 End Period: 1
Activity: Product Compliance in a Nutshell (12.0) 	 Start Period: 1 	 End Period: 1
Activity: Hire to Retire – Strategy, Implementation, and Ope (9.0) 	 Start Period: 1 	 End Period: 1
Activity: Discover the Environment, Health & Safety modules  (6.0) 	 Start Period: 1 	 End Period: 2
Activity: Getting Hired Course (13.0) 	 Start Period: 2 	 End Period: 2
Activity: Outlining the Finance Overview in SAP S/4HANA (7.0) 	 Start Period: 2 	 End Period: 2
Activity: Intelligent Enterprise – Hire to Retire Track (202 (10.0) 	 Start Period: 2 	 End Period: 2
Activity: Basics of Design Testing (Edition Q2/2019) (5.0) 	 Start Period: 2 	 End Period: 2
Solve time: 0.79
Job affinity: 50.000
Skills per Unit
	 Initial Activity:
	 Discover the Environment, Health & Safety modules in SAP S/4HANA:
		 Prepare operational reports
		 Develop procedures to evaluate organisational activities
		 Establish business management methods
		 Analyse data to identify or resolve operational problems
		 Assess risks to business operations
		 Evaluate staff practices to ensure adherence to regulations
		 Maintain data in information systems or databases
	 Outlining the Finance Overview in SAP S/4HANA:
		 Prepare operational reports
		 Present business-related information
		 Prepare operational budgets
	 Getting Hired Course:
		 Develop training materials
		 Conduct eligibility or selection interviews
		 Develop instructional materials
		 Evaluate training programs, instructors or materials
	 Intelligent Enterprise – Hire to Retire Track (2023 Edition):
		 Advise others on human resources topics
		 Manage human resources activities
		 Conduct employee training programs
		 Evaluate effectiveness of staff policies or practices
		 Evaluate staff practices to ensure adherence to regulations
	 SAP SuccessFactors Learning – Get Your Implementation Right! (Repeat):
		 Conduct employee training programs
		 Develop training materials
		 Train staff to improve their skills
		 Evaluate training programs, instructors or materials
		 Develop instructional materials
	 Product Compliance in a Nutshell:
		 Determine operational compliance with regulations or standards
		 Prepare regulatory or compliance documentation
		 Explain regulations, policies or procedures
		 Establish organisational guidelines or policies
		 Evaluate staff practices to ensure adherence to regulations
	 Hire to Retire – Strategy, Implementation, and Operations:
		 Manage human resources activities
		 Advise others on human resources topics
		 Coordinate recruitment activities
		 Conduct employee training programs
	 Intrapreneurship – Employee-driven Innovation:
		 Conduct employee training programs
		 Advise others on business or operational matters
	 Basics of Design Testing (Edition Q2/2019):
		 Evaluate training programs, instructors or materials
		 Develop training materials
		 Develop instructional materials
		 Create technology-based learning materials
Skills for Job 223
Advise educators on curricula, instructional methods or policies
Assess educational needs of students
Create technology-based learning materials
Develop instructional materials
Develop instructional objectives
Edit documents
Modify teaching methods or materials to accommodate student needs
Research topics in area of expertise
Teach others to use technology or equipment
Conduct opinion surveys or needs assessments
Conduct employee training programs
Evaluate training programs, instructors or materials
Evaluate program effectiveness
Evaluate employee performance
Coordinate special events or programs
Manage human resources activities
Determine operational compliance with regulations or standards
Confer with peers to accomplish work
Develop procedures to evaluate organisational activities
Prepare operational budgets
Administer staff recruitment or hiring activities
Coordinate recruitment activities
Maintain data in information systems or databases
Update knowledge of legal or regulatory environments
Verify application data to determine program eligibility
Inform individuals or organisations of status or findings
Review license or permit applications
Evaluate staff practices to ensure adherence to regulations
Explain regulations, policies or procedures
Train managerial staff
Conduct eligibility or selection interviews
Advise others on human resources topics
Discuss business strategies, practices or policies with managers
Evaluate effectiveness of staff policies or practices
Prepare operational reports
Develop training materials
Train staff to improve their skills
Advise others on business or operational matters
Establish business management methods
Measure effectiveness of business strategies or practices
Assess risks to business operations
Organise special events
Arrange collective bargaining agreements
Prepare regulatory or compliance documentation
Present business-related information
Analyse data to identify or resolve operational problems
Collect evidence for legal proceedings
Negotiate agreements to resolve disputes
Establish organisational guidelines or policies
Testify at legal or legislative proceedings
