Read instances: 0.19 s
Generate matrices: 7.02 s
===============================================================================
                                     CVXPY                                     
                                     v1.3.0                                    
===============================================================================
(CVXPY) Oct 18 08:23:29 PM: Your problem has 4011 variables, 19 constraints, and 0 parameters.
(CVXPY) Oct 18 08:23:29 PM: It is compliant with the following grammars: DCP, DQCP
(CVXPY) Oct 18 08:23:29 PM: (If you need to solve this problem multiple times, but with different data, consider using parameters.)
(CVXPY) Oct 18 08:23:29 PM: CVXPY will first compile your problem; then, it will invoke a numerical solver to obtain a solution.
-------------------------------------------------------------------------------
                                  Compilation                                  
-------------------------------------------------------------------------------
(CVXPY) Oct 18 08:23:29 PM: Compiling problem (target solver=CPLEX).
(CVXPY) Oct 18 08:23:29 PM: Reduction chain: CvxAttr2Constr -> Qp2SymbolicQp -> QpMatrixStuffing -> CPLEX
(CVXPY) Oct 18 08:23:29 PM: Applying reduction CvxAttr2Constr
(CVXPY) Oct 18 08:23:29 PM: Applying reduction Qp2SymbolicQp
(CVXPY) Oct 18 08:23:29 PM: Applying reduction QpMatrixStuffing
(CVXPY) Oct 18 08:23:29 PM: Applying reduction CPLEX
(CVXPY) Oct 18 08:23:29 PM: Finished problem compilation (took 7.045e-02 seconds).
-------------------------------------------------------------------------------
                                Numerical solver                               
-------------------------------------------------------------------------------
(CVXPY) Oct 18 08:23:29 PM: Invoking solver CPLEX  to obtain a solution.
Version identifier: 22.1.0.0 | 2022-03-09 | 1a383f8ce
CPXPARAM_Read_DataCheck                          1
CPXPARAM_TimeLimit                               30
Tried aggregator 2 times.
MIP Presolve eliminated 6590 rows and 3810 columns.
MIP Presolve modified 8300 coefficients.
Aggregator did 25 substitutions.
Reduced MIP has 1199 rows, 959 columns, and 12230 nonzeros.
Reduced MIP has 958 binaries, 0 generals, 0 SOSs, and 0 indicators.
Presolve time = 0.08 sec. (99.73 ticks)
Found incumbent of value 0.990000 after 0.08 sec. (102.51 ticks)
Probing fixed 63 vars, tightened 0 bounds.
Probing changed sense of 63 constraints.
Probing time = 0.02 sec. (27.38 ticks)
Tried aggregator 2 times.
MIP Presolve eliminated 374 rows and 67 columns.
MIP Presolve modified 805 coefficients.
Aggregator did 12 substitutions.
Reduced MIP has 813 rows, 656 columns, and 9615 nonzeros.
Reduced MIP has 655 binaries, 1 generals, 0 SOSs, and 0 indicators.
Presolve time = 0.02 sec. (24.72 ticks)
Probing time = 0.00 sec. (6.93 ticks)
Tried aggregator 1 time.
Detecting symmetries...
Reduced MIP has 813 rows, 656 columns, and 9615 nonzeros.
Reduced MIP has 655 binaries, 1 generals, 0 SOSs, and 0 indicators.
Presolve time = 0.01 sec. (7.04 ticks)
Probing time = 0.00 sec. (6.93 ticks)
Clique table members: 408.
MIP emphasis: balance optimality and feasibility.
MIP search method: dynamic search.
Parallel mode: deterministic, using up to 8 threads.
Root relaxation solution time = 0.00 sec. (5.49 ticks)

        Nodes                                         Cuts/
   Node  Left     Objective  IInf  Best Integer    Best Bound    ItCnt     Gap

*     0+    0                            0.9900        0.5148            48.00%
      0     0        0.7923   130        0.9900        0.7923      106   19.97%
*     0+    0                            0.9133        0.7923            13.25%
*     0+    0                            0.7970        0.7923             0.59%
      0     0        cutoff              0.7970        0.7970      204    0.00%
Elapsed time = 0.19 sec. (216.03 ticks, tree = 0.01 MB, solutions = 3)

GUB cover cuts applied:  78
Cover cuts applied:  2
Implied bound cuts applied:  6
Flow cuts applied:  8
Mixed integer rounding cuts applied:  67
Zero-half cuts applied:  18
Lift and project cuts applied:  1
Gomory fractional cuts applied:  10

Root node processing (before b&c):
  Real time             =    0.19 sec. (216.26 ticks)
Parallel b&c, 8 threads:
  Real time             =    0.00 sec. (0.00 ticks)
  Sync time (average)   =    0.00 sec.
  Wait time (average)   =    0.00 sec.
                          ------------
Total (root+branch&cut) =    0.19 sec. (216.26 ticks)
-------------------------------------------------------------------------------
                                    Summary                                    
-------------------------------------------------------------------------------
(CVXPY) Oct 18 08:23:29 PM: Problem status: optimal
(CVXPY) Oct 18 08:23:29 PM: Optimal value: 7.970e-01
(CVXPY) Oct 18 08:23:29 PM: Compilation took 7.045e-02 seconds
(CVXPY) Oct 18 08:23:29 PM: Solver (including time spent in interface) took 2.710e-01 seconds
The optimal value is 0.797
###############################################
################## SCHEDULE ####################
###############################################
Activity: Initial Activity (1) 	 Start Period: 0 	 End Period: 0
Activity: Basics of Design Testing (Edition Q2/2019) (5.0) 	 Start Period: 1 	 End Period: 1
Activity: Discover SAP S/4HANA Asset Management and SAP S/4H (5.0) 	 Start Period: 2 	 End Period: 2
Solve time: 0.19
Job affinity: 20.000
Skills per Unit
	 Initial Activity:
	 Discover SAP S/4HANA Asset Management and SAP S/4HANA Service:
		 Establish business management methods
		 Assess risks to business operations
		 Advise others on business or operational matters
		 Analyse data to identify or resolve operational problems
		 Prepare operational budgets
		 Prepare operational reports
	 Basics of Design Testing (Edition Q2/2019):
		 Evaluate training programs, instructors or materials
		 Develop training materials
		 Develop instructional materials
		 Create technology-based learning materials
Skills for Job 223
Advise educators on curricula, instructional methods or policies
Assess educational needs of students
Create technology-based learning materials
Develop instructional materials
Develop instructional objectives
Edit documents
Modify teaching methods or materials to accommodate student needs
Research topics in area of expertise
Teach others to use technology or equipment
Conduct opinion surveys or needs assessments
Conduct employee training programs
Evaluate training programs, instructors or materials
Evaluate program effectiveness
Evaluate employee performance
Coordinate special events or programs
Manage human resources activities
Determine operational compliance with regulations or standards
Confer with peers to accomplish work
Develop procedures to evaluate organisational activities
Prepare operational budgets
Administer staff recruitment or hiring activities
Coordinate recruitment activities
Maintain data in information systems or databases
Update knowledge of legal or regulatory environments
Verify application data to determine program eligibility
Inform individuals or organisations of status or findings
Review license or permit applications
Evaluate staff practices to ensure adherence to regulations
Explain regulations, policies or procedures
Train managerial staff
Conduct eligibility or selection interviews
Advise others on human resources topics
Discuss business strategies, practices or policies with managers
Evaluate effectiveness of staff policies or practices
Prepare operational reports
Develop training materials
Train staff to improve their skills
Advise others on business or operational matters
Establish business management methods
Measure effectiveness of business strategies or practices
Assess risks to business operations
Organise special events
Arrange collective bargaining agreements
Prepare regulatory or compliance documentation
Present business-related information
Analyse data to identify or resolve operational problems
Collect evidence for legal proceedings
Negotiate agreements to resolve disputes
Establish organisational guidelines or policies
Testify at legal or legislative proceedings
