Read instances: 0.19 s
Generate matrices: 7.04 s
===============================================================================
                                     CVXPY                                     
                                     v1.3.0                                    
===============================================================================
(CVXPY) Oct 18 08:24:42 PM: Your problem has 4055 variables, 19 constraints, and 0 parameters.
(CVXPY) Oct 18 08:24:42 PM: It is compliant with the following grammars: DCP, DQCP
(CVXPY) Oct 18 08:24:42 PM: (If you need to solve this problem multiple times, but with different data, consider using parameters.)
(CVXPY) Oct 18 08:24:42 PM: CVXPY will first compile your problem; then, it will invoke a numerical solver to obtain a solution.
-------------------------------------------------------------------------------
                                  Compilation                                  
-------------------------------------------------------------------------------
(CVXPY) Oct 18 08:24:42 PM: Compiling problem (target solver=CPLEX).
(CVXPY) Oct 18 08:24:42 PM: Reduction chain: CvxAttr2Constr -> Qp2SymbolicQp -> QpMatrixStuffing -> CPLEX
(CVXPY) Oct 18 08:24:42 PM: Applying reduction CvxAttr2Constr
(CVXPY) Oct 18 08:24:42 PM: Applying reduction Qp2SymbolicQp
(CVXPY) Oct 18 08:24:42 PM: Applying reduction QpMatrixStuffing
(CVXPY) Oct 18 08:24:42 PM: Applying reduction CPLEX
(CVXPY) Oct 18 08:24:42 PM: Finished problem compilation (took 7.139e-02 seconds).
-------------------------------------------------------------------------------
                                Numerical solver                               
-------------------------------------------------------------------------------
(CVXPY) Oct 18 08:24:42 PM: Invoking solver CPLEX  to obtain a solution.
Version identifier: 22.1.0.0 | 2022-03-09 | 1a383f8ce
CPXPARAM_Read_DataCheck                          1
CPXPARAM_TimeLimit                               30
Tried aggregator 2 times.
MIP Presolve eliminated 4772 rows and 2443 columns.
MIP Presolve modified 15082 coefficients.
Aggregator did 65 substitutions.
Reduced MIP has 3109 rows, 2205 columns, and 44872 nonzeros.
Reduced MIP has 2204 binaries, 0 generals, 0 SOSs, and 0 indicators.
Presolve time = 0.13 sec. (158.72 ticks)
Found incumbent of value 0.990000 after 0.14 sec. (164.17 ticks)
Probing fixed 52 vars, tightened 0 bounds.
Probing changed sense of 61 constraints.
Probing time = 0.07 sec. (94.50 ticks)
Tried aggregator 2 times.
Detecting symmetries...
MIP Presolve eliminated 124 rows and 56 columns.
MIP Presolve modified 315 coefficients.
Aggregator did 12 substitutions.
Reduced MIP has 2973 rows, 2128 columns, and 43695 nonzeros.
Reduced MIP has 2127 binaries, 1 generals, 0 SOSs, and 0 indicators.
Presolve time = 0.07 sec. (77.83 ticks)
Probing time = 0.02 sec. (13.17 ticks)
Clique table members: 2255.
MIP emphasis: balance optimality and feasibility.
MIP search method: dynamic search.
Parallel mode: deterministic, using up to 8 threads.
Root relaxation solution time = 0.06 sec. (36.26 ticks)

        Nodes                                         Cuts/
   Node  Left     Objective  IInf  Best Integer    Best Bound    ItCnt     Gap

*     0+    0                            0.9900        0.3713            62.50%
      0     0        0.5427    55        0.9900        0.5427      248   45.18%
*     0+    0                            0.5476        0.5427             0.90%
      0     0        0.5443    50        0.5476      Cuts: 45      285    0.60%
      0     0        cutoff              0.5476                    314    0.00%
Elapsed time = 0.50 sec. (483.80 ticks, tree = 0.01 MB, solutions = 2)

Zero-half cuts applied:  2
Gomory fractional cuts applied:  11

Root node processing (before b&c):
  Real time             =    0.50 sec. (484.11 ticks)
Parallel b&c, 8 threads:
  Real time             =    0.00 sec. (0.00 ticks)
  Sync time (average)   =    0.00 sec.
  Wait time (average)   =    0.00 sec.
                          ------------
Total (root+branch&cut) =    0.50 sec. (484.11 ticks)
-------------------------------------------------------------------------------
                                    Summary                                    
-------------------------------------------------------------------------------
(CVXPY) Oct 18 08:24:43 PM: Problem status: optimal
(CVXPY) Oct 18 08:24:43 PM: Optimal value: 5.476e-01
(CVXPY) Oct 18 08:24:43 PM: Compilation took 7.139e-02 seconds
(CVXPY) Oct 18 08:24:43 PM: Solver (including time spent in interface) took 5.839e-01 seconds
The optimal value is 0.5475961538461539
###############################################
################## SCHEDULE ####################
###############################################
Activity: Initial Activity (1) 	 Start Period: 0 	 End Period: 0
Activity: Discover SAP S/4HANA Asset Management and SAP S/4H (5.0) 	 Start Period: 1 	 End Period: 1
Activity: Discover the Environment, Health & Safety modules  (6.0) 	 Start Period: 1 	 End Period: 1
Activity: Intrapreneurship – Employee-driven Innovation (4.0) 	 Start Period: 1 	 End Period: 1
Activity: Discover SAP Sales Cloud (6.0) 	 Start Period: 1 	 End Period: 2
Activity: Explore Product Engineering in SAP S/4HANA (4.0) 	 Start Period: 2 	 End Period: 2
Activity: Get Started with SAP Emarsys Customer Engagement (1.0) 	 Start Period: 2 	 End Period: 2
Activity: Databases Course (3.0) 	 Start Period: 2 	 End Period: 2
Activity: Outlining the Finance Overview in SAP S/4HANA (7.0) 	 Start Period: 2 	 End Period: 2
Activity: Outlining Cost Management and Profitability Analys (2.0) 	 Start Period: 2 	 End Period: 2
Activity: Be Visual! Sketching Basics for IT Business (Editi (1.0) 	 Start Period: 2 	 End Period: 2
Solve time: 0.50
Job affinity: 45.192
Skills per Unit
	 Initial Activity:
	 Discover the Environment, Health & Safety modules in SAP S/4HANA:
		 Recommend organisational process or policy changes
		 Develop sustainable organisational policies or practices
		 Monitor external affairs or events affecting business operations
		 Develop performance metrics or standards related to information technology
		 Maintain operational records
		 Maintain data in information systems or databases
		 Analyse data to inform operational decisions or activities
	 Outlining the Finance Overview in SAP S/4HANA:
		 Reconcile records of sales or other financial transactions
		 Maintain records of sales or other business transactions
		 Prepare financial documents, reports or budgets
	 Explore Product Engineering in SAP S/4HANA:
		 Estimate cost or material requirements
		 Study product information to acquire professional knowledge
		 Discuss design or technical features of goods or services with technical staff
		 Explain technical product or service information to customers
		 Evaluate potential of products, technologies or resources
	 Get Started with SAP Emarsys Customer Engagement:
		 Contact current or potential customers to promote goods or services
		 Develop promotional materials
		 Develop promotional strategies or plans
		 Develop marketing plans or strategies
		 Implement advertising or marketing initiatives
		 Identify potential customers
		 Deliver promotional presentations to current or prospective customers
		 Coordinate sales campaigns
	 Discover SAP Sales Cloud:
		 Recommend goods or services to customers
		 Prepare sales or other contracts
		 Direct sales, marketing or customer service activities
		 Analyse data to inform operational decisions or activities
		 Gather customer or product information to determine customer needs
		 Process sales or other transactions
		 Advise customers on the use of goods or services
		 Monitor sales activities
		 Answer customer questions about goods or services
		 Identify potential customers
		 Coordinate sales campaigns
		 Provide customers with general information or assistance
		 Develop content for sales presentations or other materials
		 Negotiate prices or other sales terms
		 Study product information to acquire professional knowledge
		 Develop proposals for current or prospective customers
		 Analyse market research data
		 Share sales-related or market information with colleagues
		 Negotiate contracts for transportation, distribution or logistics services
		 Develop promotional strategies or plans
		 Develop promotional materials
		 Develop pricing forecasts and models
		 Explain technical product or service information to customers
		 Evaluate potential of products, technologies or resources
		 Conduct market research
	 Discover SAP S/4HANA Asset Management and SAP S/4HANA Service:
		 Arrange delivery of goods or services
		 Provide customers with general information or assistance
		 Communicate with customers to resolve complaints or ensure satisfaction
		 Advise customers on the use of goods or services
		 Answer customer questions about goods or services
		 Advise others on business or operational matters
	 Outlining Cost Management and Profitability Analysis in SAP S/4HANA:
		 Estimate costs or terms of sales
	 Databases Course:
		 Maintain data in information systems or databases
		 Maintain records of customer accounts
	 Be Visual! Sketching Basics for IT Business (Edition Q4/2022):
		 Prepare graphics or other visual representations of information
	 Intrapreneurship – Employee-driven Innovation:
		 Establish interpersonal business relationships to facilitate work activities
		 Develop proposals for current or prospective customers
		 Advise others on business or operational matters
		 Evaluate potential of products, technologies or resources
Skills for Job 225
Develop marketing plans or strategies
Confer with peers to accomplish work
Direct sales, marketing or customer service activities
Supervise employees
Evaluate program effectiveness
Compile operational data
Determine pricing or monetary policies
Analyse market research data
Deliver, publish, broadcast or distribute final audio or visual media product
Analyse data to inform operational decisions or activities
Estimate cost or material requirements
Advise others on business or operational matters
Develop social media materials
Monitor external affairs or events affecting business operations
Develop marketing plans or strategies for environmental initiatives
Conduct opinion surveys or needs assessments
Coordinate special events or programs
Design websites or applications
Negotiate contracts for transportation, distribution or logistics services
Develop sustainable organisational policies or practices
Recommend organisational process or policy changes
Prepare research reports
Measure effectiveness of business strategies or practices
Analyse consumer trends
Analyse industry trends
Monitor business indicators
Analyse market conditions or trends
Conduct surveys in organisations
Establish interpersonal business relationships to facilitate work activities
Discuss business strategies, practices or policies with managers
Represent the organisation in external relations
Develop business or market strategies
Evaluate potential of products, technologies or resources
Estimate costs or terms of sales
Explain technical product or service information to customers
Maintain records of customer accounts
Advise customers on the use of goods or services
Contact current or potential customers to promote goods or services
Answer customer questions about goods or services
Negotiate prices or other sales terms
Arrange delivery of goods or services
Sell goods or services
Discuss design or technical features of goods or services with technical staff
Identify potential customers
Recommend goods or services to customers
Demonstrate products to consumers
Gather customer or product information to determine customer needs
Develop content for sales presentations or other materials
Prepare sales or other contracts
Process sales or other transactions
Monitor sales activities
Study product information to acquire professional knowledge
Maintain records of sales or other business transactions
Coordinate sales campaigns
Distribute promotional literature or samples to customers
Stock products or parts
Deliver promotional presentations to current or prospective customers
Develop proposals for current or prospective customers
Attend events to develop professional knowledge
Prepare financial documents, reports or budgets
Write advertising or promotional material
Develop promotional strategies or plans
Provide educational information to the public
Manage content of broadcasts or presentations
Collaborate with others in marketing activities
Write informational material
Coach others
Edit written materials
Coordinate logistics for productions or events
Operate still or video cameras or related equipment
Promote products, activities, or organisations
Inform viewers, listeners or audiences
Conduct market research
Monitor market conditions or trends
Share sales-related or market information with colleagues
Verify customer credit information
Explain financial information to customers
Confer with clients to determine needs
Reconcile records of sales or other financial transactions
Issue money, credit or vouchers
Visit establishments to evaluate needs or to promote products or service sales
Report information to managers or other staff
Provide customers with general information or assistance
Communicate with customers to resolve complaints or ensure satisfaction
Review laws or regulations to maintain professional knowledge
Coordinate project activities with other staff or departments
Maintain data in information systems or databases
Apply and maintain information security controls as required by policies or risk assessments
Analyse website or related online data to track trends or usage
Implement advertising or marketing initiatives
Collaborate with others to develop or implement marketing strategies
Develop performance metrics or standards related to information technology
Prepare graphics or other visual representations of information
Develop pricing forecasts and models
Maintain knowledge of current developments in area of expertise
Maintain operational records
Coordinate operational activities with external stakeholders
Develop promotional materials
Publish content on digital platforms or social media sites
Monitor current trends
Schedule release of marketing content
Present information to the public
Determine how best to represent a concept visually
Present work to clients for approval
