Read instances: 0.19 s
Generate matrices: 7.09 s
===============================================================================
                                     CVXPY                                     
                                     v1.3.0                                    
===============================================================================
(CVXPY) Oct 18 08:24:24 PM: Your problem has 4055 variables, 19 constraints, and 0 parameters.
(CVXPY) Oct 18 08:24:24 PM: It is compliant with the following grammars: DCP, DQCP
(CVXPY) Oct 18 08:24:24 PM: (If you need to solve this problem multiple times, but with different data, consider using parameters.)
(CVXPY) Oct 18 08:24:24 PM: CVXPY will first compile your problem; then, it will invoke a numerical solver to obtain a solution.
-------------------------------------------------------------------------------
                                  Compilation                                  
-------------------------------------------------------------------------------
(CVXPY) Oct 18 08:24:24 PM: Compiling problem (target solver=CPLEX).
(CVXPY) Oct 18 08:24:24 PM: Reduction chain: CvxAttr2Constr -> Qp2SymbolicQp -> QpMatrixStuffing -> CPLEX
(CVXPY) Oct 18 08:24:24 PM: Applying reduction CvxAttr2Constr
(CVXPY) Oct 18 08:24:24 PM: Applying reduction Qp2SymbolicQp
(CVXPY) Oct 18 08:24:24 PM: Applying reduction QpMatrixStuffing
(CVXPY) Oct 18 08:24:24 PM: Applying reduction CPLEX
(CVXPY) Oct 18 08:24:24 PM: Finished problem compilation (took 7.385e-02 seconds).
-------------------------------------------------------------------------------
                                Numerical solver                               
-------------------------------------------------------------------------------
(CVXPY) Oct 18 08:24:24 PM: Invoking solver CPLEX  to obtain a solution.
Version identifier: 22.1.0.0 | 2022-03-09 | 1a383f8ce
CPXPARAM_Read_DataCheck                          1
CPXPARAM_TimeLimit                               30
Tried aggregator 2 times.
MIP Presolve eliminated 6700 rows and 3848 columns.
MIP Presolve modified 8300 coefficients.
Aggregator did 53 substitutions.
Reduced MIP has 1193 rows, 953 columns, and 12218 nonzeros.
Reduced MIP has 952 binaries, 0 generals, 0 SOSs, and 0 indicators.
Presolve time = 0.08 sec. (99.65 ticks)
Found incumbent of value 0.990000 after 0.08 sec. (102.44 ticks)
Probing fixed 63 vars, tightened 0 bounds.
Probing changed sense of 63 constraints.
Probing time = 0.02 sec. (26.78 ticks)
Tried aggregator 2 times.
MIP Presolve eliminated 368 rows and 67 columns.
MIP Presolve modified 805 coefficients.
Aggregator did 12 substitutions.
Reduced MIP has 813 rows, 656 columns, and 9615 nonzeros.
Reduced MIP has 655 binaries, 1 generals, 0 SOSs, and 0 indicators.
Presolve time = 0.02 sec. (24.74 ticks)
Probing time = 0.00 sec. (6.93 ticks)
Tried aggregator 1 time.
Detecting symmetries...
Reduced MIP has 813 rows, 656 columns, and 9615 nonzeros.
Reduced MIP has 655 binaries, 1 generals, 0 SOSs, and 0 indicators.
Presolve time = 0.01 sec. (7.01 ticks)
Probing time = 0.00 sec. (6.93 ticks)
Clique table members: 408.
MIP emphasis: balance optimality and feasibility.
MIP search method: dynamic search.
Parallel mode: deterministic, using up to 8 threads.
Root relaxation solution time = 0.00 sec. (7.05 ticks)

        Nodes                                         Cuts/
   Node  Left     Objective  IInf  Best Integer    Best Bound    ItCnt     Gap

*     0+    0                            0.9900        0.4950            50.00%
      0     0        0.6936    13        0.9900        0.6936      147   29.94%
*     0+    0                            0.6999        0.6936             0.91%
      0     0        cutoff              0.6999                    155    0.00%
Elapsed time = 0.17 sec. (196.03 ticks, tree = 0.01 MB, solutions = 2)

Flow cuts applied:  1
Zero-half cuts applied:  2
Gomory fractional cuts applied:  4

Root node processing (before b&c):
  Real time             =    0.17 sec. (196.23 ticks)
Parallel b&c, 8 threads:
  Real time             =    0.00 sec. (0.00 ticks)
  Sync time (average)   =    0.00 sec.
  Wait time (average)   =    0.00 sec.
                          ------------
Total (root+branch&cut) =    0.17 sec. (196.23 ticks)
-------------------------------------------------------------------------------
                                    Summary                                    
-------------------------------------------------------------------------------
(CVXPY) Oct 18 08:24:24 PM: Problem status: optimal
(CVXPY) Oct 18 08:24:24 PM: Optimal value: 6.999e-01
(CVXPY) Oct 18 08:24:24 PM: Compilation took 7.385e-02 seconds
(CVXPY) Oct 18 08:24:24 PM: Solver (including time spent in interface) took 2.515e-01 seconds
The optimal value is 0.6999038461538462
###############################################
################## SCHEDULE ####################
###############################################
Activity: Initial Activity (1) 	 Start Period: 0 	 End Period: 0
Activity: Get Started with SAP Emarsys Customer Engagement (1.0) 	 Start Period: 1 	 End Period: 1
Activity: Introducing SAP S/4HANA Cloud for Group Reporting (1.0) 	 Start Period: 1 	 End Period: 1
Activity: Be Visual! Sketching Basics for IT Business (Editi (1.0) 	 Start Period: 1 	 End Period: 1
Activity: Discover SAP Sales Cloud (6.0) 	 Start Period: 1 	 End Period: 2
Solve time: 0.17
Job affinity: 29.808
Skills per Unit
	 Initial Activity:
	 Get Started with SAP Emarsys Customer Engagement:
		 Contact current or potential customers to promote goods or services
		 Develop promotional materials
		 Develop promotional strategies or plans
		 Develop marketing plans or strategies
		 Implement advertising or marketing initiatives
		 Identify potential customers
		 Deliver promotional presentations to current or prospective customers
		 Coordinate sales campaigns
	 Discover SAP Sales Cloud:
		 Recommend goods or services to customers
		 Prepare sales or other contracts
		 Direct sales, marketing or customer service activities
		 Analyse data to inform operational decisions or activities
		 Gather customer or product information to determine customer needs
		 Process sales or other transactions
		 Advise customers on the use of goods or services
		 Monitor sales activities
		 Answer customer questions about goods or services
		 Identify potential customers
		 Coordinate sales campaigns
		 Provide customers with general information or assistance
		 Develop content for sales presentations or other materials
		 Negotiate prices or other sales terms
		 Study product information to acquire professional knowledge
		 Develop proposals for current or prospective customers
		 Analyse market research data
		 Share sales-related or market information with colleagues
		 Negotiate contracts for transportation, distribution or logistics services
		 Develop promotional strategies or plans
		 Develop promotional materials
		 Develop pricing forecasts and models
		 Explain technical product or service information to customers
		 Evaluate potential of products, technologies or resources
		 Conduct market research
	 Introducing SAP S/4HANA Cloud for Group Reporting:
		 Reconcile records of sales or other financial transactions
	 Be Visual! Sketching Basics for IT Business (Edition Q4/2022):
		 Prepare graphics or other visual representations of information
Skills for Job 225
Develop marketing plans or strategies
Confer with peers to accomplish work
Direct sales, marketing or customer service activities
Supervise employees
Evaluate program effectiveness
Compile operational data
Determine pricing or monetary policies
Analyse market research data
Deliver, publish, broadcast or distribute final audio or visual media product
Analyse data to inform operational decisions or activities
Estimate cost or material requirements
Advise others on business or operational matters
Develop social media materials
Monitor external affairs or events affecting business operations
Develop marketing plans or strategies for environmental initiatives
Conduct opinion surveys or needs assessments
Coordinate special events or programs
Design websites or applications
Negotiate contracts for transportation, distribution or logistics services
Develop sustainable organisational policies or practices
Recommend organisational process or policy changes
Prepare research reports
Measure effectiveness of business strategies or practices
Analyse consumer trends
Analyse industry trends
Monitor business indicators
Analyse market conditions or trends
Conduct surveys in organisations
Establish interpersonal business relationships to facilitate work activities
Discuss business strategies, practices or policies with managers
Represent the organisation in external relations
Develop business or market strategies
Evaluate potential of products, technologies or resources
Estimate costs or terms of sales
Explain technical product or service information to customers
Maintain records of customer accounts
Advise customers on the use of goods or services
Contact current or potential customers to promote goods or services
Answer customer questions about goods or services
Negotiate prices or other sales terms
Arrange delivery of goods or services
Sell goods or services
Discuss design or technical features of goods or services with technical staff
Identify potential customers
Recommend goods or services to customers
Demonstrate products to consumers
Gather customer or product information to determine customer needs
Develop content for sales presentations or other materials
Prepare sales or other contracts
Process sales or other transactions
Monitor sales activities
Study product information to acquire professional knowledge
Maintain records of sales or other business transactions
Coordinate sales campaigns
Distribute promotional literature or samples to customers
Stock products or parts
Deliver promotional presentations to current or prospective customers
Develop proposals for current or prospective customers
Attend events to develop professional knowledge
Prepare financial documents, reports or budgets
Write advertising or promotional material
Develop promotional strategies or plans
Provide educational information to the public
Manage content of broadcasts or presentations
Collaborate with others in marketing activities
Write informational material
Coach others
Edit written materials
Coordinate logistics for productions or events
Operate still or video cameras or related equipment
Promote products, activities, or organisations
Inform viewers, listeners or audiences
Conduct market research
Monitor market conditions or trends
Share sales-related or market information with colleagues
Verify customer credit information
Explain financial information to customers
Confer with clients to determine needs
Reconcile records of sales or other financial transactions
Issue money, credit or vouchers
Visit establishments to evaluate needs or to promote products or service sales
Report information to managers or other staff
Provide customers with general information or assistance
Communicate with customers to resolve complaints or ensure satisfaction
Review laws or regulations to maintain professional knowledge
Coordinate project activities with other staff or departments
Maintain data in information systems or databases
Apply and maintain information security controls as required by policies or risk assessments
Analyse website or related online data to track trends or usage
Implement advertising or marketing initiatives
Collaborate with others to develop or implement marketing strategies
Develop performance metrics or standards related to information technology
Prepare graphics or other visual representations of information
Develop pricing forecasts and models
Maintain knowledge of current developments in area of expertise
Maintain operational records
Coordinate operational activities with external stakeholders
Develop promotional materials
Publish content on digital platforms or social media sites
Monitor current trends
Schedule release of marketing content
Present information to the public
Determine how best to represent a concept visually
Present work to clients for approval
