Read instances: 0.19 s
Generate matrices: 6.91 s
===============================================================================
                                     CVXPY                                     
                                     v1.3.0                                    
===============================================================================
(CVXPY) Oct 18 08:25:47 PM: Your problem has 4071 variables, 19 constraints, and 0 parameters.
(CVXPY) Oct 18 08:25:47 PM: It is compliant with the following grammars: DCP, DQCP
(CVXPY) Oct 18 08:25:47 PM: (If you need to solve this problem multiple times, but with different data, consider using parameters.)
(CVXPY) Oct 18 08:25:47 PM: CVXPY will first compile your problem; then, it will invoke a numerical solver to obtain a solution.
-------------------------------------------------------------------------------
                                  Compilation                                  
-------------------------------------------------------------------------------
(CVXPY) Oct 18 08:25:47 PM: Compiling problem (target solver=CPLEX).
(CVXPY) Oct 18 08:25:47 PM: Reduction chain: CvxAttr2Constr -> Qp2SymbolicQp -> QpMatrixStuffing -> CPLEX
(CVXPY) Oct 18 08:25:47 PM: Applying reduction CvxAttr2Constr
(CVXPY) Oct 18 08:25:47 PM: Applying reduction Qp2SymbolicQp
(CVXPY) Oct 18 08:25:47 PM: Applying reduction QpMatrixStuffing
(CVXPY) Oct 18 08:25:48 PM: Applying reduction CPLEX
(CVXPY) Oct 18 08:25:48 PM: Finished problem compilation (took 7.071e-02 seconds).
-------------------------------------------------------------------------------
                                Numerical solver                               
-------------------------------------------------------------------------------
(CVXPY) Oct 18 08:25:48 PM: Invoking solver CPLEX  to obtain a solution.
Version identifier: 22.1.0.0 | 2022-03-09 | 1a383f8ce
CPXPARAM_Read_DataCheck                          1
CPXPARAM_TimeLimit                               30
Tried aggregator 2 times.
MIP Presolve eliminated 6741 rows and 3870 columns.
MIP Presolve modified 8300 coefficients.
Aggregator did 55 substitutions.
Reduced MIP has 1198 rows, 958 columns, and 12224 nonzeros.
Reduced MIP has 957 binaries, 0 generals, 0 SOSs, and 0 indicators.
Presolve time = 0.08 sec. (100.08 ticks)
Found incumbent of value 0.990000 after 0.08 sec. (102.87 ticks)
Probing fixed 63 vars, tightened 0 bounds.
Probing changed sense of 63 constraints.
Probing time = 0.03 sec. (27.47 ticks)
Tried aggregator 2 times.
MIP Presolve eliminated 373 rows and 67 columns.
MIP Presolve modified 805 coefficients.
Aggregator did 12 substitutions.
Reduced MIP has 813 rows, 656 columns, and 9615 nonzeros.
Reduced MIP has 655 binaries, 1 generals, 0 SOSs, and 0 indicators.
Presolve time = 0.02 sec. (24.71 ticks)
Probing time = 0.01 sec. (6.93 ticks)
Tried aggregator 1 time.
Detecting symmetries...
Reduced MIP has 813 rows, 656 columns, and 9615 nonzeros.
Reduced MIP has 655 binaries, 1 generals, 0 SOSs, and 0 indicators.
Presolve time = 0.01 sec. (7.03 ticks)
Probing time = 0.01 sec. (6.93 ticks)
Clique table members: 408.
MIP emphasis: balance optimality and feasibility.
MIP search method: dynamic search.
Parallel mode: deterministic, using up to 8 threads.
Root relaxation solution time = 0.00 sec. (6.71 ticks)

        Nodes                                         Cuts/
   Node  Left     Objective  IInf  Best Integer    Best Bound    ItCnt     Gap

*     0+    0                            0.9900        0.5445            45.00%
      0     0        0.7805    35        0.9900        0.7805      140   21.16%
*     0+    0                            0.7805        0.7805             0.00%
      0     0        cutoff              0.7805        0.7805      140    0.00%
Elapsed time = 0.16 sec. (192.51 ticks, tree = 0.01 MB, solutions = 2)

Root node processing (before b&c):
  Real time             =    0.16 sec. (192.72 ticks)
Parallel b&c, 8 threads:
  Real time             =    0.00 sec. (0.00 ticks)
  Sync time (average)   =    0.00 sec.
  Wait time (average)   =    0.00 sec.
                          ------------
Total (root+branch&cut) =    0.16 sec. (192.72 ticks)
-------------------------------------------------------------------------------
                                    Summary                                    
-------------------------------------------------------------------------------
(CVXPY) Oct 18 08:25:48 PM: Problem status: optimal
(CVXPY) Oct 18 08:25:48 PM: Optimal value: 7.805e-01
(CVXPY) Oct 18 08:25:48 PM: Compilation took 7.071e-02 seconds
(CVXPY) Oct 18 08:25:48 PM: Solver (including time spent in interface) took 2.450e-01 seconds
The optimal value is 0.7805
###############################################
################## SCHEDULE ####################
###############################################
Activity: Initial Activity (1) 	 Start Period: 0 	 End Period: 0
Activity: Explore Product Engineering in SAP S/4HANA (4.0) 	 Start Period: 1 	 End Period: 1
Activity: Discover the Environment, Health & Safety modules  (6.0) 	 Start Period: 1 	 End Period: 2
Solve time: 0.16
Job affinity: 21.667
Skills per Unit
	 Initial Activity:
	 Discover the Environment, Health & Safety modules in SAP S/4HANA:
		 Prepare technical or operational reports
		 Develop procedures for data management
		 Apply new technologies to improve work processes
		 Manage information technology projects or system activities
		 Apply information technology to solve business or other applied problems
		 Direct organisational operations, projects or services
		 Document operational activities
		 Analyse data to identify or resolve operational problems
		 Provide technical support for software maintenance or use
		 Develop computer or information security policies or procedures
		 Develop organisational policies or programs
		 Develop performance metrics or standards related to information technology
		 Develop guidelines for system implementation
		 Supervise information technology staff
		 Implement security measures for computer or information systems
		 Maintain data in information systems or databases
		 Advise customers on technical or procedural issues
		 Develop diagrams or flow charts of system operation
	 Explore Product Engineering in SAP S/4HANA:
		 Analyse project data to determine specifications or requirements
		 Develop diagrams or flow charts of system operation
		 Evaluate project designs to determine adequacy or feasibility
		 Evaluate characteristics of equipment or systems
		 Discuss design or technical features of goods or services with technical staff
		 Prepare technical or operational reports
		 Analyse data to determine project feasibility
		 Document design or development procedures
		 Identify information technology project resource requirements
		 Develop guidelines for system implementation
		 Develop database parameters or specifications
Skills for Job 261
Manage information technology projects or system activities
Direct organisational operations, projects or services
Develop software applications
Communicate technical information to suppliers, contractors or regulatory agencies
Coordinate operational activities with external stakeholders
Maintain data in information systems or databases
Analyse data to determine project feasibility
Test software performance
Develop guidelines for system implementation
Write computer programming code
Advise customers on technical or procedural issues
Recommend changes to improve computer or information systems
Conduct employee training programs
Anticipate the organisational implications of machine learning models
Maintain knowledge of current developments in area of expertise
Collaborate with others to determine design specifications or details
Monitor computer system performance to ensure proper operation
Provide technical support for software maintenance or use
Test computer system operations to ensure proper functioning
Evaluate utility of software or hardware technologies
Review computer information systems, procedures and networks
Develop organisational goals or objectives
Document technical specifications or requirements
Coordinate project activities with other staff or departments
Create databases to store electronic data
Design integrated computer systems
Identify information technology project resource requirements
Develop performance metrics or standards related to information technology
Communicate project information to others
Prepare analytical reports
Analyse security of systems, network or data
Develop detailed project plans
Design computer modelling or simulation programs
Develop models of information or communications systems
Coordinate software or hardware installation
Conduct research to gain information about products or processes
Configure computer networks
Test computer hardware performance
Train others in computer interface or software use
Install computer hardware
Install computer software
Maintain computer hardware
Develop testing routines or procedures
Conduct legal cyberattack simulations by designing and utilising hacking tools
Implement security measures for computer or information systems
Identify security threats and determine counter measures
Collate and analyse information for threat intelligence requirements from a variety of sources
Collect, process and preserve digital records or evidence in accordance with procedures
Analyse risks to minimise losses or damages
Respond to cyber attacks and restore protection to systems if compromised
Document test results
Provide recommendations to others about computer hardware or software
Develop computer or information security policies or procedures
Update knowledge about emerging industry or technology trends
Collect data about customer needs
Monitor the security of digital information
Ensure business strategies comply with information security standards
Monitor the performance of computer networks
Assess network-related risks and specify recovery routines and contingency procedures
Train others in cyber security issues
Troubleshoot issues with computer applications or systems
Resolve computer software problems
Analyse data to identify or resolve operational problems
Collaborate with others to resolve information technology issues
Document network-related activities or tasks
Analyse project data to determine specifications or requirements
Assess database performance
Modify software programs to improve performance
Prepare data for analysis
Document design or development procedures
Apply new technologies to improve work processes
Analyse data to identify trends or relationships among variables
Apply machine learning techniques to data
Design websites or applications
Develop database parameters or specifications
Develop diagrams or flow charts of system operation
Prepare instruction manuals
Teach others to use computer equipment or hardware
Assign duties or work schedules to employees
Supervise information technology staff
Document operational activities
Maintain computer networks to enhance performance and user access
Provide customer service to clients or users
Manage documentation to ensure organisation or accuracy
Read documents to gather technical information
Create computer-generated graphics or animation
Develop artistic or design concepts for decoration, exhibition, performance or commercial purposes
Coordinate logistics for productions or events
Prepare production storyboards
Draw detailed or technical illustrations
Convert data among multiple digital or analogue formats
Construct distinctive physical objects for artistic, functional or commercial purposes
Update website content
Create electronic data backup to prevent loss of information
Develop specifications or procedures for website development or maintenance
Prepare graphics or other visual representations of information
Collaborate with others to develop or implement marketing strategies
Provide technical support for computer network issues
Develop procedures for data management
Apply information technology to solve business or other applied problems
Analyse business or financial data
Estimate time or monetary resources needed to complete projects
Develop specifications for computer network operation
Resolve computer network problems
Develop computer or information systems
Develop organisational policies or programs
Discuss design or technical features of goods or services with technical staff
Evaluate characteristics of equipment or systems
Interpret design or operational test results
Prepare scientific or technical reports or presentations
Prepare technical or operational reports
Search files, databases or reference materials to obtain information
Stay informed about current developments in field of specialisation
Test performance of electrical, electronic, mechanical, or integrated systems or equipment
Determine how best to represent a concept visually
Gather customer or product information to determine customer needs
Write reports or evaluations
Develop information communication procedures
Evaluate project designs to determine adequacy or feasibility
Maintain contingency plans for disaster recovery
