Read instances: 0.20 s
Generate matrices: 7.34 s
===============================================================================
                                     CVXPY                                     
                                     v1.3.0                                    
===============================================================================
(CVXPY) Oct 19 04:46:21 PM: Your problem has 4071 variables, 19 constraints, and 0 parameters.
(CVXPY) Oct 19 04:46:21 PM: It is compliant with the following grammars: DCP, DQCP
(CVXPY) Oct 19 04:46:21 PM: (If you need to solve this problem multiple times, but with different data, consider using parameters.)
(CVXPY) Oct 19 04:46:21 PM: CVXPY will first compile your problem; then, it will invoke a numerical solver to obtain a solution.
-------------------------------------------------------------------------------
                                  Compilation                                  
-------------------------------------------------------------------------------
(CVXPY) Oct 19 04:46:21 PM: Compiling problem (target solver=CPLEX).
(CVXPY) Oct 19 04:46:21 PM: Reduction chain: CvxAttr2Constr -> Qp2SymbolicQp -> QpMatrixStuffing -> CPLEX
(CVXPY) Oct 19 04:46:21 PM: Applying reduction CvxAttr2Constr
(CVXPY) Oct 19 04:46:21 PM: Applying reduction Qp2SymbolicQp
(CVXPY) Oct 19 04:46:21 PM: Applying reduction QpMatrixStuffing
(CVXPY) Oct 19 04:46:21 PM: Applying reduction CPLEX
(CVXPY) Oct 19 04:46:21 PM: Finished problem compilation (took 9.114e-02 seconds).
-------------------------------------------------------------------------------
                                Numerical solver                               
-------------------------------------------------------------------------------
(CVXPY) Oct 19 04:46:21 PM: Invoking solver CPLEX  to obtain a solution.
Version identifier: 22.1.0.0 | 2022-03-09 | 1a383f8ce
CPXPARAM_Read_DataCheck                          1
CPXPARAM_TimeLimit                               30
Tried aggregator 2 times.
MIP Presolve eliminated 4538 rows and 2266 columns.
MIP Presolve modified 16022 coefficients.
Aggregator did 74 substitutions.
Reduced MIP has 3382 rows, 2388 columns, and 50159 nonzeros.
Reduced MIP has 2387 binaries, 0 generals, 0 SOSs, and 0 indicators.
Presolve time = 0.11 sec. (143.60 ticks)
Found incumbent of value 0.990000 after 0.12 sec. (151.86 ticks)
Probing fixed 8 vars, tightened 0 bounds.
Probing time = 0.04 sec. (28.90 ticks)
Tried aggregator 1 time.
Detecting symmetries...
MIP Presolve eliminated 27 rows and 8 columns.
MIP Presolve modified 44 coefficients.
Reduced MIP has 3355 rows, 2367 columns, and 49974 nonzeros.
Reduced MIP has 2366 binaries, 1 generals, 0 SOSs, and 0 indicators.
Presolve time = 0.05 sec. (48.80 ticks)
Probing time = 0.01 sec. (8.07 ticks)
Clique table members: 22493.
MIP emphasis: balance optimality and feasibility.
MIP search method: dynamic search.
Parallel mode: deterministic, using up to 8 threads.
Root relaxation solution time = 0.05 sec. (39.82 ticks)

        Nodes                                         Cuts/
   Node  Left     Objective  IInf  Best Integer    Best Bound    ItCnt     Gap

*     0+    0                            0.9900        0.3795            61.67%
      0     0        0.5618   160        0.9900        0.5618      270   43.26%
*     0+    0                            0.5742        0.5618             2.17%
      0     0        0.5656    84        0.5742     Cuts: 235      658    1.51%
      0     0        0.5660    89        0.5742      Cuts: 74      711    1.43%

Repeating presolve.
Tried aggregator 3 times.
MIP Presolve eliminated 2393 rows and 1577 columns.
MIP Presolve modified 2611 coefficients.
Aggregator did 5 substitutions.
Reduced MIP has 957 rows, 695 columns, and 12402 nonzeros.
Reduced MIP has 694 binaries, 1 generals, 0 SOSs, and 0 indicators.
Presolve time = 0.06 sec. (66.91 ticks)
Probing fixed 27 vars, tightened 0 bounds.
Probing changed sense of 10 constraints.
Probing time = 0.00 sec. (2.79 ticks)
Tried aggregator 2 times.
MIP Presolve eliminated 101 rows and 55 columns.
MIP Presolve modified 208 coefficients.
Aggregator did 12 substitutions.
Reduced MIP has 844 rows, 628 columns, and 10939 nonzeros.
Reduced MIP has 627 binaries, 1 generals, 0 SOSs, and 0 indicators.
Presolve time = 0.02 sec. (19.20 ticks)
Probing fixed 45 vars, tightened 0 bounds.
Probing time = 0.00 sec. (2.21 ticks)
Tried aggregator 1 time.
MIP Presolve eliminated 102 rows and 56 columns.
MIP Presolve modified 881 coefficients.
Reduced MIP has 742 rows, 572 columns, and 9462 nonzeros.
Reduced MIP has 571 binaries, 1 generals, 0 SOSs, and 0 indicators.
Presolve time = 0.01 sec. (10.29 ticks)
Probing time = 0.00 sec. (2.73 ticks)
Tried aggregator 1 time.
Detecting symmetries...
Reduced MIP has 742 rows, 572 columns, and 9462 nonzeros.
Reduced MIP has 571 binaries, 1 generals, 0 SOSs, and 0 indicators.
Presolve time = 0.01 sec. (5.20 ticks)
Represolve time = 0.11 sec. (124.99 ticks)
Probing time = 0.00 sec. (2.73 ticks)
Clique table members: 4553.
MIP emphasis: balance optimality and feasibility.
MIP search method: dynamic search.
Parallel mode: deterministic, using up to 8 threads.
Root relaxation solution time = 0.01 sec. (11.43 ticks)

        Nodes                                         Cuts/
   Node  Left     Objective  IInf  Best Integer    Best Bound    ItCnt     Gap

*     0+    0                            0.5742        0.5660             1.43%
      0     0        0.5663    93        0.5742        0.5663      970    1.38%
      0     0        0.5665    68        0.5742     Cuts: 195     1018    1.35%
      0     0        0.5665    66        0.5742      Cuts: 43     1037    1.34%
      0     0        0.5666    61        0.5742      Cuts: 58     1045    1.33%
      0     0        0.5667    60        0.5742   ZeroHalf: 5     1051    1.32%
      0     0        0.5667    65        0.5742   ZeroHalf: 5     1057    1.32%
      0     0        0.5667    67        0.5742       Cuts: 7     1060    1.32%
      0     2        0.5667    67        0.5742        0.5667     1060    1.32%
Elapsed time = 1.01 sec. (798.27 ticks, tree = 0.02 MB, solutions = 2)
   2492  1428        0.5701    11        0.5742        0.5679    24499    1.11%

Performing restart 1

Repeating presolve.
Tried aggregator 2 times.
MIP Presolve eliminated 15 rows and 10 columns.
MIP Presolve modified 5308 coefficients.
Aggregator did 4 substitutions.
Reduced MIP has 723 rows, 558 columns, and 6463 nonzeros.
Reduced MIP has 557 binaries, 1 generals, 0 SOSs, and 0 indicators.
Presolve time = 0.03 sec. (21.71 ticks)
Tried aggregator 1 time.
MIP Presolve eliminated 10 rows and 6 columns.
MIP Presolve modified 22 coefficients.
Reduced MIP has 713 rows, 552 columns, and 6404 nonzeros.
Reduced MIP has 551 binaries, 1 generals, 0 SOSs, and 0 indicators.
Presolve time = 0.01 sec. (8.04 ticks)
Tried aggregator 1 time.
Reduced MIP has 713 rows, 552 columns, and 6404 nonzeros.
Reduced MIP has 551 binaries, 1 generals, 0 SOSs, and 0 indicators.
Presolve time = 0.01 sec. (3.99 ticks)
Represolve time = 0.07 sec. (53.99 ticks)
   3448     0        0.5677    56        0.5742      Cuts: 12    38316    1.08%
   3448     0        0.5681    10        0.5742       Cuts: 9    38336    1.08%
   3448     0        0.5681    17        0.5742       Cuts: 9    38342    1.08%
   3448     0        0.5682    41        0.5742      Cuts: 11    38370    1.05%
   3448     0        0.5683    88        0.5742      Cuts: 12    38415    1.03%
   3448     0        0.5684   110        0.5742      Cuts: 14    38445    1.02%
   3448     0        0.5688   101        0.5742      Cuts: 33    38484    0.95%
   3448     0        0.5688   101        0.5742       Cuts: 3    38487    0.95%
   3448     0        0.5688    99        0.5742     Covers: 1    38489    0.95%
   3448     0        0.5688   105        0.5742      Cuts: 18    38499    0.95%
   3448     2        0.5689    34        0.5742        0.5688    38499    0.95%
   5794  1128        0.5718    24        0.5742        0.5701    52041    0.72%
   8724  2090        0.5719    27        0.5742        0.5709    76526    0.57%
  11586  2507        0.5732    13        0.5742        0.5715   101640    0.48%
  14633  2396        0.5729    28        0.5742        0.5723   125868    0.34%
  17213   484        cutoff              0.5742        0.5734   147029    0.16%

GUB cover cuts applied:  33
Clique cuts applied:  57
Cover cuts applied:  34
Flow cuts applied:  1
Mixed integer rounding cuts applied:  12
Zero-half cuts applied:  26
Lift and project cuts applied:  3
Gomory fractional cuts applied:  8

Root node processing (before b&c):
  Real time             =    1.00 sec. (797.83 ticks)
Parallel b&c, 8 threads:
  Real time             =    4.11 sec. (1993.16 ticks)
  Sync time (average)   =    0.74 sec.
  Wait time (average)   =    0.00 sec.
                          ------------
Total (root+branch&cut) =    5.11 sec. (2790.99 ticks)
-------------------------------------------------------------------------------
                                    Summary                                    
-------------------------------------------------------------------------------
(CVXPY) Oct 19 04:46:26 PM: Problem status: optimal
(CVXPY) Oct 19 04:46:26 PM: Optimal value: 5.743e-01
(CVXPY) Oct 19 04:46:26 PM: Compilation took 9.114e-02 seconds
(CVXPY) Oct 19 04:46:26 PM: Solver (including time spent in interface) took 5.197e+00 seconds
The optimal value is 0.57425
###############################################
################## SCHEDULE ####################
###############################################
Activity: Initial Activity (1) 	 Start Period: 0 	 End Period: 0
Activity: Confidential Communication in the Internet (10.0) 	 Start Period: 1 	 End Period: 1
Activity: Discover the Environment, Health & Safety modules  (6.0) 	 Start Period: 1 	 End Period: 1
Activity: Outlining the Finance Overview in SAP S/4HANA (7.0) 	 Start Period: 1 	 End Period: 1
Activity: Research and Development in Discrete Industries (15.0) 	 Start Period: 1 	 End Period: 1
Activity: Implement SAP Service Cloud (5.0) 	 Start Period: 1 	 End Period: 2
Activity: Explore Product Engineering in SAP S/4HANA (4.0) 	 Start Period: 2 	 End Period: 2
Activity: Databases Course (3.0) 	 Start Period: 2 	 End Period: 2
Activity: Be Visual! Sketching Basics for IT Business (Editi (1.0) 	 Start Period: 2 	 End Period: 2
Activity: Copywriting: Improve User Experience One Word at a (6.0) 	 Start Period: 2 	 End Period: 2
Activity: Manage Your External Workforce Program with SAP Fi (12.0) 	 Start Period: 2 	 End Period: 2
Activity: Basics of Design Testing (Edition Q2/2019) (5.0) 	 Start Period: 2 	 End Period: 2
Solve time: 5.11
Job affinity: 42.500
Skills per Unit
	 Initial Activity:
	 Discover the Environment, Health & Safety modules in SAP S/4HANA:
		 Prepare technical or operational reports
		 Develop procedures for data management
		 Apply new technologies to improve work processes
		 Manage information technology projects or system activities
		 Apply information technology to solve business or other applied problems
		 Direct organisational operations, projects or services
		 Document operational activities
		 Analyse data to identify or resolve operational problems
		 Provide technical support for software maintenance or use
		 Develop computer or information security policies or procedures
		 Develop organisational policies or programs
		 Develop performance metrics or standards related to information technology
		 Develop guidelines for system implementation
		 Supervise information technology staff
		 Implement security measures for computer or information systems
		 Maintain data in information systems or databases
		 Advise customers on technical or procedural issues
		 Develop diagrams or flow charts of system operation
	 Outlining the Finance Overview in SAP S/4HANA:
		 Prepare technical or operational reports
		 Prepare analytical reports
		 Analyse business or financial data
	 Explore Product Engineering in SAP S/4HANA:
		 Analyse project data to determine specifications or requirements
		 Develop diagrams or flow charts of system operation
		 Evaluate project designs to determine adequacy or feasibility
		 Evaluate characteristics of equipment or systems
		 Discuss design or technical features of goods or services with technical staff
		 Prepare technical or operational reports
		 Analyse data to determine project feasibility
		 Document design or development procedures
		 Identify information technology project resource requirements
		 Develop guidelines for system implementation
		 Develop database parameters or specifications
	 Implement SAP Service Cloud:
		 Provide technical support for software maintenance or use
		 Prepare instruction manuals
		 Collect data about customer needs
		 Gather customer or product information to determine customer needs
		 Develop diagrams or flow charts of system operation
		 Develop guidelines for system implementation
		 Direct organisational operations, projects or services
		 Advise customers on technical or procedural issues
		 Develop procedures for data management
		 Maintain computer hardware
		 Develop computer or information security policies or procedures
		 Identify information technology project resource requirements
		 Provide customer service to clients or users
	 Databases Course:
		 Maintain data in information systems or databases
		 Create databases to store electronic data
		 Develop database parameters or specifications
		 Develop procedures for data management
	 Be Visual! Sketching Basics for IT Business (Edition Q4/2022):
		 Prepare graphics or other visual representations of information
		 Develop diagrams or flow charts of system operation
		 Draw detailed or technical illustrations
	 Manage Your External Workforce Program with SAP Fieldglass:
		 Conduct employee training programs
		 Coordinate operational activities with external stakeholders
		 Direct organisational operations, projects or services
		 Develop organisational policies or programs
	 Confidential Communication in the Internet:
		 Train others in cyber security issues
		 Monitor the security of digital information
		 Analyse security of systems, network or data
		 Conduct legal cyberattack simulations by designing and utilising hacking tools
		 Develop models of information or communications systems
		 Identify security threats and determine counter measures
		 Implement security measures for computer or information systems
	 Research and Development in Discrete Industries:
		 Conduct research to gain information about products or processes
		 Discuss design or technical features of goods or services with technical staff
		 Update knowledge about emerging industry or technology trends
		 Gather customer or product information to determine customer needs
		 Communicate technical information to suppliers, contractors or regulatory agencies
	 Basics of Design Testing (Edition Q2/2019):
		 Develop testing routines or procedures
		 Interpret design or operational test results
		 Evaluate project designs to determine adequacy or feasibility
	 Copywriting: Improve User Experience One Word at a Time (Repeat):
		 Write reports or evaluations
		 Document design or development procedures
		 Prepare scientific or technical reports or presentations
Skills for Job 261
Manage information technology projects or system activities
Direct organisational operations, projects or services
Develop software applications
Communicate technical information to suppliers, contractors or regulatory agencies
Coordinate operational activities with external stakeholders
Maintain data in information systems or databases
Analyse data to determine project feasibility
Test software performance
Develop guidelines for system implementation
Write computer programming code
Advise customers on technical or procedural issues
Recommend changes to improve computer or information systems
Conduct employee training programs
Anticipate the organisational implications of machine learning models
Maintain knowledge of current developments in area of expertise
Collaborate with others to determine design specifications or details
Monitor computer system performance to ensure proper operation
Provide technical support for software maintenance or use
Test computer system operations to ensure proper functioning
Evaluate utility of software or hardware technologies
Review computer information systems, procedures and networks
Develop organisational goals or objectives
Document technical specifications or requirements
Coordinate project activities with other staff or departments
Create databases to store electronic data
Design integrated computer systems
Identify information technology project resource requirements
Develop performance metrics or standards related to information technology
Communicate project information to others
Prepare analytical reports
Analyse security of systems, network or data
Develop detailed project plans
Design computer modelling or simulation programs
Develop models of information or communications systems
Coordinate software or hardware installation
Conduct research to gain information about products or processes
Configure computer networks
Test computer hardware performance
Train others in computer interface or software use
Install computer hardware
Install computer software
Maintain computer hardware
Develop testing routines or procedures
Conduct legal cyberattack simulations by designing and utilising hacking tools
Implement security measures for computer or information systems
Identify security threats and determine counter measures
Collate and analyse information for threat intelligence requirements from a variety of sources
Collect, process and preserve digital records or evidence in accordance with procedures
Analyse risks to minimise losses or damages
Respond to cyber attacks and restore protection to systems if compromised
Document test results
Provide recommendations to others about computer hardware or software
Develop computer or information security policies or procedures
Update knowledge about emerging industry or technology trends
Collect data about customer needs
Monitor the security of digital information
Ensure business strategies comply with information security standards
Monitor the performance of computer networks
Assess network-related risks and specify recovery routines and contingency procedures
Train others in cyber security issues
Troubleshoot issues with computer applications or systems
Resolve computer software problems
Analyse data to identify or resolve operational problems
Collaborate with others to resolve information technology issues
Document network-related activities or tasks
Analyse project data to determine specifications or requirements
Assess database performance
Modify software programs to improve performance
Prepare data for analysis
Document design or development procedures
Apply new technologies to improve work processes
Analyse data to identify trends or relationships among variables
Apply machine learning techniques to data
Design websites or applications
Develop database parameters or specifications
Develop diagrams or flow charts of system operation
Prepare instruction manuals
Teach others to use computer equipment or hardware
Assign duties or work schedules to employees
Supervise information technology staff
Document operational activities
Maintain computer networks to enhance performance and user access
Provide customer service to clients or users
Manage documentation to ensure organisation or accuracy
Read documents to gather technical information
Create computer-generated graphics or animation
Develop artistic or design concepts for decoration, exhibition, performance or commercial purposes
Coordinate logistics for productions or events
Prepare production storyboards
Draw detailed or technical illustrations
Convert data among multiple digital or analogue formats
Construct distinctive physical objects for artistic, functional or commercial purposes
Update website content
Create electronic data backup to prevent loss of information
Develop specifications or procedures for website development or maintenance
Prepare graphics or other visual representations of information
Collaborate with others to develop or implement marketing strategies
Provide technical support for computer network issues
Develop procedures for data management
Apply information technology to solve business or other applied problems
Analyse business or financial data
Estimate time or monetary resources needed to complete projects
Develop specifications for computer network operation
Resolve computer network problems
Develop computer or information systems
Develop organisational policies or programs
Discuss design or technical features of goods or services with technical staff
Evaluate characteristics of equipment or systems
Interpret design or operational test results
Prepare scientific or technical reports or presentations
Prepare technical or operational reports
Search files, databases or reference materials to obtain information
Stay informed about current developments in field of specialisation
Test performance of electrical, electronic, mechanical, or integrated systems or equipment
Determine how best to represent a concept visually
Gather customer or product information to determine customer needs
Write reports or evaluations
Develop information communication procedures
Evaluate project designs to determine adequacy or feasibility
Maintain contingency plans for disaster recovery
