Read instances: 0.18 s
Generate matrices: 6.80 s
===============================================================================
                                     CVXPY                                     
                                     v1.3.0                                    
===============================================================================
(CVXPY) Oct 18 08:26:24 PM: Your problem has 4051 variables, 19 constraints, and 0 parameters.
(CVXPY) Oct 18 08:26:24 PM: It is compliant with the following grammars: DCP, DQCP
(CVXPY) Oct 18 08:26:24 PM: (If you need to solve this problem multiple times, but with different data, consider using parameters.)
(CVXPY) Oct 18 08:26:24 PM: CVXPY will first compile your problem; then, it will invoke a numerical solver to obtain a solution.
-------------------------------------------------------------------------------
                                  Compilation                                  
-------------------------------------------------------------------------------
(CVXPY) Oct 18 08:26:24 PM: Compiling problem (target solver=CPLEX).
(CVXPY) Oct 18 08:26:24 PM: Reduction chain: CvxAttr2Constr -> Qp2SymbolicQp -> QpMatrixStuffing -> CPLEX
(CVXPY) Oct 18 08:26:24 PM: Applying reduction CvxAttr2Constr
(CVXPY) Oct 18 08:26:24 PM: Applying reduction Qp2SymbolicQp
(CVXPY) Oct 18 08:26:24 PM: Applying reduction QpMatrixStuffing
(CVXPY) Oct 18 08:26:24 PM: Applying reduction CPLEX
(CVXPY) Oct 18 08:26:24 PM: Finished problem compilation (took 7.137e-02 seconds).
-------------------------------------------------------------------------------
                                Numerical solver                               
-------------------------------------------------------------------------------
(CVXPY) Oct 18 08:26:24 PM: Invoking solver CPLEX  to obtain a solution.
Version identifier: 22.1.0.0 | 2022-03-09 | 1a383f8ce
CPXPARAM_Read_DataCheck                          1
CPXPARAM_TimeLimit                               30
Tried aggregator 2 times.
MIP Presolve eliminated 5659 rows and 3006 columns.
MIP Presolve modified 11690 coefficients.
Aggregator did 45 substitutions.
Reduced MIP has 2230 rows, 1633 columns, and 30336 nonzeros.
Reduced MIP has 1632 binaries, 0 generals, 0 SOSs, and 0 indicators.
Presolve time = 0.09 sec. (116.13 ticks)
Found incumbent of value 0.990000 after 0.10 sec. (120.29 ticks)
Probing fixed 135 vars, tightened 0 bounds.
Probing changed sense of 145 constraints.
Probing time = 0.10 sec. (103.96 ticks)
Tried aggregator 2 times.
Detecting symmetries...
MIP Presolve eliminated 285 rows and 139 columns.
MIP Presolve modified 1478 coefficients.
Aggregator did 12 substitutions.
Reduced MIP has 1933 rows, 1475 columns, and 27018 nonzeros.
Reduced MIP has 1474 binaries, 1 generals, 0 SOSs, and 0 indicators.
Presolve time = 0.04 sec. (45.77 ticks)
Probing time = 0.01 sec. (10.72 ticks)
Clique table members: 763.
MIP emphasis: balance optimality and feasibility.
MIP search method: dynamic search.
Parallel mode: deterministic, using up to 8 threads.
Root relaxation solution time = 0.03 sec. (19.71 ticks)

        Nodes                                         Cuts/
   Node  Left     Objective  IInf  Best Integer    Best Bound    ItCnt     Gap

*     0+    0                            0.9900        0.4659            52.94%
      0     0        0.6912    30        0.9900        0.6912      179   30.18%
*     0+    0                            0.7155        0.6912             3.40%
      0     0        0.7007    36        0.7155      Cuts: 24      326    2.06%
      0     0        0.7052    50        0.7155      Cuts: 42      442    1.43%

Repeating presolve.
Tried aggregator 2 times.
MIP Presolve eliminated 1586 rows and 1158 columns.
MIP Presolve modified 1209 coefficients.
Aggregator did 1 substitutions.
Reduced MIP has 346 rows, 214 columns, and 3217 nonzeros.
Reduced MIP has 213 binaries, 1 generals, 0 SOSs, and 0 indicators.
Presolve time = 0.01 sec. (16.78 ticks)
Probing fixed 14 vars, tightened 0 bounds.
Probing time = 0.00 sec. (2.06 ticks)
Tried aggregator 1 time.
MIP Presolve eliminated 84 rows and 53 columns.
MIP Presolve modified 297 coefficients.
Reduced MIP has 262 rows, 161 columns, and 2365 nonzeros.
Reduced MIP has 160 binaries, 1 generals, 0 SOSs, and 0 indicators.
Presolve time = 0.00 sec. (2.90 ticks)
Probing time = 0.00 sec. (1.09 ticks)
Tried aggregator 1 time.
MIP Presolve eliminated 7 rows and 4 columns.
Reduced MIP has 255 rows, 157 columns, and 2321 nonzeros.
Reduced MIP has 156 binaries, 1 generals, 0 SOSs, and 0 indicators.
Presolve time = 0.00 sec. (2.04 ticks)
Probing time = 0.00 sec. (1.05 ticks)
Tried aggregator 1 time.
Detecting symmetries...
Reduced MIP has 255 rows, 157 columns, and 2321 nonzeros.
Reduced MIP has 156 binaries, 1 generals, 0 SOSs, and 0 indicators.
Presolve time = 0.00 sec. (1.42 ticks)
Represolve time = 0.03 sec. (32.22 ticks)
Probing time = 0.00 sec. (1.05 ticks)
Clique table members: 840.
MIP emphasis: balance optimality and feasibility.
MIP search method: dynamic search.
Parallel mode: deterministic, using up to 8 threads.
Root relaxation solution time = 0.00 sec. (2.65 ticks)

        Nodes                                         Cuts/
   Node  Left     Objective  IInf  Best Integer    Best Bound    ItCnt     Gap

*     0+    0                            0.7155        0.7052             1.43%
      0     0        0.7056    29        0.7155        0.7056      574    1.38%
      0     0        0.7077    50        0.7155      Cuts: 51      611    1.09%
      0     0        0.7084    50        0.7155      Cuts: 79      652    0.99%
      0     0        cutoff              0.7155        0.7155      652    0.00%
Elapsed time = 0.48 sec. (445.69 ticks, tree = 0.01 MB, solutions = 2)

GUB cover cuts applied:  10
Clique cuts applied:  18
Cover cuts applied:  1
Implied bound cuts applied:  3
Flow cuts applied:  2
Mixed integer rounding cuts applied:  1
Zero-half cuts applied:  10
Lift and project cuts applied:  10
Gomory fractional cuts applied:  6

Root node processing (before b&c):
  Real time             =    0.48 sec. (445.86 ticks)
Parallel b&c, 8 threads:
  Real time             =    0.00 sec. (0.00 ticks)
  Sync time (average)   =    0.00 sec.
  Wait time (average)   =    0.00 sec.
                          ------------
Total (root+branch&cut) =    0.48 sec. (445.86 ticks)
-------------------------------------------------------------------------------
                                    Summary                                    
-------------------------------------------------------------------------------
(CVXPY) Oct 18 08:26:25 PM: Problem status: optimal
(CVXPY) Oct 18 08:26:25 PM: Optimal value: 7.155e-01
(CVXPY) Oct 18 08:26:25 PM: Compilation took 7.137e-02 seconds
(CVXPY) Oct 18 08:26:25 PM: Solver (including time spent in interface) took 5.597e-01 seconds
The optimal value is 0.7154705882352941
###############################################
################## SCHEDULE ####################
###############################################
Activity: Initial Activity (1) 	 Start Period: 0 	 End Period: 0
Activity: Discover the Environment, Health & Safety modules  (6.0) 	 Start Period: 1 	 End Period: 1
Activity: Explore Product Engineering in SAP S/4HANA (4.0) 	 Start Period: 1 	 End Period: 1
Activity: Confidential Communication in the Internet (10.0) 	 Start Period: 2 	 End Period: 2
Solve time: 0.48
Job affinity: 28.235
Skills per Unit
	 Initial Activity:
	 Discover the Environment, Health & Safety modules in SAP S/4HANA:
		 Develop procedures for data management
		 Apply new technologies to improve work processes
		 Manage information technology projects or system activities
		 Document operational activities
		 Analyse data to identify or resolve operational problems
		 Provide technical support for software maintenance or use
		 Develop computer or information security policies or procedures
		 Develop performance metrics or standards related to information technology
		 Develop guidelines for system implementation
		 Supervise information technology staff
		 Implement security measures for computer or information systems
		 Advise customers on technical or procedural issues
		 Develop diagrams or flow charts of system operation
	 Explore Product Engineering in SAP S/4HANA:
		 Analyse project data to determine specifications or requirements
		 Develop diagrams or flow charts of system operation
		 Evaluate project designs to determine adequacy or feasibility
		 Document design or development procedures
		 Identify information technology project resource requirements
		 Develop guidelines for system implementation
		 Develop database parameters or specifications
	 Confidential Communication in the Internet:
		 Train others in cyber security issues
		 Monitor the security of digital information
		 Analyse security of systems, network or data
		 Conduct legal cyberattack simulations by designing and utilising hacking tools
		 Develop models of information or communications systems
		 Identify security threats and determine counter measures
		 Implement security measures for computer or information systems
Skills for Job 262
Monitor the security of digital information
Implement security measures for computer or information systems
Analyse security of systems, network or data
Collaborate with others to resolve information technology issues
Manage information technology projects or system activities
Develop computer or information security policies or procedures
Communicate project information to others
Document design or development procedures
Recommend changes to improve computer or information systems
Write computer programming code
Read documents to gather technical information
Analyse data to identify or resolve operational problems
Evaluate data quality
Develop software applications
Update knowledge about emerging industry or technology trends
Conduct research to gain information about products or processes
Develop procedures for data management
Apply machine learning techniques to data
Update computer database information
Coordinate project activities with other staff or departments
Develop database parameters or specifications
Verify accuracy of data
Modify software programs to improve performance
Assess database performance
Apply new technologies to improve work processes
Create databases to store electronic data
Develop guidelines for system implementation
Collate and analyse information for threat intelligence requirements from a variety of sources
Train others in computer interface or software use
Design computer modelling or simulation programs
Design integrated computer systems
Anticipate the organisational implications of machine learning models
Estimate time or monetary resources needed to complete projects
Develop performance metrics or standards related to information technology
Develop models of information or communications systems
Analyse market or customer related data
Analyse data to identify trends or relationships among variables
Develop detailed project plans
Coordinate software or hardware installation
Identify security threats and determine counter measures
Analyse risks to minimise losses or damages
Maintain computer networks to enhance performance and user access
Respond to cyber attacks and restore protection to systems if compromised
Monitor computer system performance to ensure proper operation
Conduct legal cyberattack simulations by designing and utilising hacking tools
Troubleshoot issues with computer applications or systems
Prepare analytical reports
Collect, process and preserve digital records or evidence in accordance with procedures
Develop testing routines or procedures
Provide technical support for computer network issues
Provide technical support for software maintenance or use
Test computer system operations to ensure proper functioning
Maintain contingency plans for disaster recovery
Supervise information technology staff
Evaluate utility of software or hardware technologies
Resolve computer network problems
Monitor the performance of computer networks
Review computer information systems, procedures and networks
Configure computer networks
Operate computer systems
Install computer hardware
Document network-related activities or tasks
Ensure business strategies comply with information security standards
Assess network-related risks and specify recovery routines and contingency procedures
Create electronic data backup to prevent loss of information
Resolve computer software problems
Document operational activities
Test computer hardware performance
Test software performance
Maintain the inventory of equipment
Coordinate resource procurement activities
Identify information technology project resource requirements
Analyse project data to determine specifications or requirements
Collect data about customer needs
Collaborate with others to determine design specifications or details
Train others in cyber security issues
Provide recommendations to others about computer hardware or software
Develop training materials
Compile data or documentation
Evaluate project designs to determine adequacy or feasibility
Monitor organisational compliance with regulations
Advise customers on technical or procedural issues
Conduct employee training programs
Manage documentation to ensure organisation or accuracy
Develop diagrams or flow charts of system operation
