Read instances: 0.18 s
Generate matrices: 6.89 s
===============================================================================
                                     CVXPY                                     
                                     v1.3.0                                    
===============================================================================
(CVXPY) Oct 18 08:26:33 PM: Your problem has 4051 variables, 19 constraints, and 0 parameters.
(CVXPY) Oct 18 08:26:33 PM: It is compliant with the following grammars: DCP, DQCP
(CVXPY) Oct 18 08:26:33 PM: (If you need to solve this problem multiple times, but with different data, consider using parameters.)
(CVXPY) Oct 18 08:26:33 PM: CVXPY will first compile your problem; then, it will invoke a numerical solver to obtain a solution.
-------------------------------------------------------------------------------
                                  Compilation                                  
-------------------------------------------------------------------------------
(CVXPY) Oct 18 08:26:33 PM: Compiling problem (target solver=CPLEX).
(CVXPY) Oct 18 08:26:33 PM: Reduction chain: CvxAttr2Constr -> Qp2SymbolicQp -> QpMatrixStuffing -> CPLEX
(CVXPY) Oct 18 08:26:33 PM: Applying reduction CvxAttr2Constr
(CVXPY) Oct 18 08:26:33 PM: Applying reduction Qp2SymbolicQp
(CVXPY) Oct 18 08:26:33 PM: Applying reduction QpMatrixStuffing
(CVXPY) Oct 18 08:26:33 PM: Applying reduction CPLEX
(CVXPY) Oct 18 08:26:33 PM: Finished problem compilation (took 7.041e-02 seconds).
-------------------------------------------------------------------------------
                                Numerical solver                               
-------------------------------------------------------------------------------
(CVXPY) Oct 18 08:26:33 PM: Invoking solver CPLEX  to obtain a solution.
Version identifier: 22.1.0.0 | 2022-03-09 | 1a383f8ce
CPXPARAM_Read_DataCheck                          1
CPXPARAM_TimeLimit                               30
Tried aggregator 2 times.
MIP Presolve eliminated 4780 rows and 2455 columns.
MIP Presolve modified 15081 coefficients.
Aggregator did 47 substitutions.
Reduced MIP has 3107 rows, 2203 columns, and 44863 nonzeros.
Reduced MIP has 2202 binaries, 0 generals, 0 SOSs, and 0 indicators.
Presolve time = 0.12 sec. (158.75 ticks)
Found incumbent of value 0.990000 after 0.13 sec. (164.21 ticks)
Probing fixed 52 vars, tightened 0 bounds.
Probing changed sense of 61 constraints.
Probing time = 0.07 sec. (95.28 ticks)
Tried aggregator 2 times.
Detecting symmetries...
MIP Presolve eliminated 122 rows and 56 columns.
MIP Presolve modified 315 coefficients.
Aggregator did 12 substitutions.
Reduced MIP has 2973 rows, 2128 columns, and 43695 nonzeros.
Reduced MIP has 2127 binaries, 1 generals, 0 SOSs, and 0 indicators.
Presolve time = 0.07 sec. (77.87 ticks)
Probing time = 0.02 sec. (13.17 ticks)
Clique table members: 2255.
MIP emphasis: balance optimality and feasibility.
MIP search method: dynamic search.
Parallel mode: deterministic, using up to 8 threads.
Root relaxation solution time = 0.05 sec. (41.84 ticks)

        Nodes                                         Cuts/
   Node  Left     Objective  IInf  Best Integer    Best Bound    ItCnt     Gap

*     0+    0                            0.9900        0.4426            55.29%
      0     0        0.6073    40        0.9900        0.6073      306   38.66%
*     0+    0                            0.6106        0.6073             0.55%
      0     0        0.6081    20        0.6106      Cuts: 28      320    0.41%
      0     0        0.6089    30        0.6106       Cuts: 8      382    0.28%
      0     0        cutoff              0.6106        0.6106      382    0.00%
Elapsed time = 0.48 sec. (494.99 ticks, tree = 0.01 MB, solutions = 2)

Zero-half cuts applied:  6
Gomory fractional cuts applied:  2

Root node processing (before b&c):
  Real time             =    0.48 sec. (495.30 ticks)
Parallel b&c, 8 threads:
  Real time             =    0.00 sec. (0.00 ticks)
  Sync time (average)   =    0.00 sec.
  Wait time (average)   =    0.00 sec.
                          ------------
Total (root+branch&cut) =    0.48 sec. (495.30 ticks)
-------------------------------------------------------------------------------
                                    Summary                                    
-------------------------------------------------------------------------------
(CVXPY) Oct 18 08:26:34 PM: Problem status: optimal
(CVXPY) Oct 18 08:26:34 PM: Optimal value: 6.106e-01
(CVXPY) Oct 18 08:26:34 PM: Compilation took 7.041e-02 seconds
(CVXPY) Oct 18 08:26:34 PM: Solver (including time spent in interface) took 5.597e-01 seconds
The optimal value is 0.6106470588235294
###############################################
################## SCHEDULE ####################
###############################################
Activity: Initial Activity (1) 	 Start Period: 0 	 End Period: 0
Activity: Explore Supply Chain Business Scenarios in SAP S/4 (10.0) 	 Start Period: 1 	 End Period: 1
Activity: Explore Product Engineering in SAP S/4HANA (4.0) 	 Start Period: 1 	 End Period: 1
Activity: Discover the Environment, Health & Safety modules  (6.0) 	 Start Period: 1 	 End Period: 2
Activity: Get Started with SAP Emarsys Customer Engagement (1.0) 	 Start Period: 2 	 End Period: 2
Activity: Databases Course (3.0) 	 Start Period: 2 	 End Period: 2
Activity: Introducing SAP S/4HANA Cloud for Group Reporting (1.0) 	 Start Period: 2 	 End Period: 2
Activity: Confidential Communication in the Internet (10.0) 	 Start Period: 2 	 End Period: 2
Activity: Basics of Design Testing (Edition Q2/2019) (5.0) 	 Start Period: 2 	 End Period: 2
Solve time: 0.48
Job affinity: 38.824
Skills per Unit
	 Initial Activity:
	 Discover the Environment, Health & Safety modules in SAP S/4HANA:
		 Develop procedures for data management
		 Apply new technologies to improve work processes
		 Manage information technology projects or system activities
		 Document operational activities
		 Analyse data to identify or resolve operational problems
		 Provide technical support for software maintenance or use
		 Develop computer or information security policies or procedures
		 Develop performance metrics or standards related to information technology
		 Develop guidelines for system implementation
		 Supervise information technology staff
		 Implement security measures for computer or information systems
		 Advise customers on technical or procedural issues
		 Develop diagrams or flow charts of system operation
	 Explore Product Engineering in SAP S/4HANA:
		 Analyse project data to determine specifications or requirements
		 Develop diagrams or flow charts of system operation
		 Evaluate project designs to determine adequacy or feasibility
		 Document design or development procedures
		 Identify information technology project resource requirements
		 Develop guidelines for system implementation
		 Develop database parameters or specifications
	 Get Started with SAP Emarsys Customer Engagement:
		 Collect data about customer needs
		 Analyse market or customer related data
	 Explore Supply Chain Business Scenarios in SAP S/4HANA Cloud, public edition:
		 Coordinate resource procurement activities
		 Assess database performance
		 Maintain the inventory of equipment
	 Introducing SAP S/4HANA Cloud for Group Reporting:
		 Prepare analytical reports
	 Databases Course:
		 Create databases to store electronic data
		 Develop database parameters or specifications
		 Develop procedures for data management
		 Analyse market or customer related data
	 Confidential Communication in the Internet:
		 Train others in cyber security issues
		 Monitor the security of digital information
		 Analyse security of systems, network or data
		 Conduct legal cyberattack simulations by designing and utilising hacking tools
		 Develop models of information or communications systems
		 Identify security threats and determine counter measures
		 Implement security measures for computer or information systems
	 Basics of Design Testing (Edition Q2/2019):
		 Develop training materials
		 Develop testing routines or procedures
		 Evaluate project designs to determine adequacy or feasibility
Skills for Job 262
Monitor the security of digital information
Implement security measures for computer or information systems
Analyse security of systems, network or data
Collaborate with others to resolve information technology issues
Manage information technology projects or system activities
Develop computer or information security policies or procedures
Communicate project information to others
Document design or development procedures
Recommend changes to improve computer or information systems
Write computer programming code
Read documents to gather technical information
Analyse data to identify or resolve operational problems
Evaluate data quality
Develop software applications
Update knowledge about emerging industry or technology trends
Conduct research to gain information about products or processes
Develop procedures for data management
Apply machine learning techniques to data
Update computer database information
Coordinate project activities with other staff or departments
Develop database parameters or specifications
Verify accuracy of data
Modify software programs to improve performance
Assess database performance
Apply new technologies to improve work processes
Create databases to store electronic data
Develop guidelines for system implementation
Collate and analyse information for threat intelligence requirements from a variety of sources
Train others in computer interface or software use
Design computer modelling or simulation programs
Design integrated computer systems
Anticipate the organisational implications of machine learning models
Estimate time or monetary resources needed to complete projects
Develop performance metrics or standards related to information technology
Develop models of information or communications systems
Analyse market or customer related data
Analyse data to identify trends or relationships among variables
Develop detailed project plans
Coordinate software or hardware installation
Identify security threats and determine counter measures
Analyse risks to minimise losses or damages
Maintain computer networks to enhance performance and user access
Respond to cyber attacks and restore protection to systems if compromised
Monitor computer system performance to ensure proper operation
Conduct legal cyberattack simulations by designing and utilising hacking tools
Troubleshoot issues with computer applications or systems
Prepare analytical reports
Collect, process and preserve digital records or evidence in accordance with procedures
Develop testing routines or procedures
Provide technical support for computer network issues
Provide technical support for software maintenance or use
Test computer system operations to ensure proper functioning
Maintain contingency plans for disaster recovery
Supervise information technology staff
Evaluate utility of software or hardware technologies
Resolve computer network problems
Monitor the performance of computer networks
Review computer information systems, procedures and networks
Configure computer networks
Operate computer systems
Install computer hardware
Document network-related activities or tasks
Ensure business strategies comply with information security standards
Assess network-related risks and specify recovery routines and contingency procedures
Create electronic data backup to prevent loss of information
Resolve computer software problems
Document operational activities
Test computer hardware performance
Test software performance
Maintain the inventory of equipment
Coordinate resource procurement activities
Identify information technology project resource requirements
Analyse project data to determine specifications or requirements
Collect data about customer needs
Collaborate with others to determine design specifications or details
Train others in cyber security issues
Provide recommendations to others about computer hardware or software
Develop training materials
Compile data or documentation
Evaluate project designs to determine adequacy or feasibility
Monitor organisational compliance with regulations
Advise customers on technical or procedural issues
Conduct employee training programs
Manage documentation to ensure organisation or accuracy
Develop diagrams or flow charts of system operation
