Read instances: 0.19 s
Generate matrices: 6.89 s
===============================================================================
                                     CVXPY                                     
                                     v1.3.0                                    
===============================================================================
(CVXPY) Nov 20 09:52:05 AM: Your problem has 3959 variables, 19 constraints, and 0 parameters.
(CVXPY) Nov 20 09:52:05 AM: It is compliant with the following grammars: DCP, DQCP
(CVXPY) Nov 20 09:52:05 AM: (If you need to solve this problem multiple times, but with different data, consider using parameters.)
(CVXPY) Nov 20 09:52:05 AM: CVXPY will first compile your problem; then, it will invoke a numerical solver to obtain a solution.
-------------------------------------------------------------------------------
                                  Compilation                                  
-------------------------------------------------------------------------------
(CVXPY) Nov 20 09:52:05 AM: Compiling problem (target solver=CPLEX).
(CVXPY) Nov 20 09:52:05 AM: Reduction chain: CvxAttr2Constr -> Qp2SymbolicQp -> QpMatrixStuffing -> CPLEX
(CVXPY) Nov 20 09:52:05 AM: Applying reduction CvxAttr2Constr
(CVXPY) Nov 20 09:52:05 AM: Applying reduction Qp2SymbolicQp
(CVXPY) Nov 20 09:52:05 AM: Applying reduction QpMatrixStuffing
(CVXPY) Nov 20 09:52:05 AM: Applying reduction CPLEX
(CVXPY) Nov 20 09:52:05 AM: Finished problem compilation (took 6.895e-02 seconds).
-------------------------------------------------------------------------------
                                Numerical solver                               
-------------------------------------------------------------------------------
(CVXPY) Nov 20 09:52:05 AM: Invoking solver CPLEX  to obtain a solution.
Version identifier: 22.1.0.0 | 2022-03-09 | 1a383f8ce
CPXPARAM_Read_DataCheck                          1
CPXPARAM_TimeLimit                               30
Tried aggregator 2 times.
MIP Presolve eliminated 4468 rows and 2231 columns.
MIP Presolve modified 15667 coefficients.
Aggregator did 48 substitutions.
Reduced MIP has 3282 rows, 2313 columns, and 48857 nonzeros.
Reduced MIP has 2312 binaries, 0 generals, 0 SOSs, and 0 indicators.
Presolve time = 0.11 sec. (137.98 ticks)
Found incumbent of value 0.990000 after 0.12 sec. (146.01 ticks)
Probing fixed 8 vars, tightened 0 bounds.
Probing time = 0.03 sec. (32.66 ticks)
Tried aggregator 1 time.
Detecting symmetries...
MIP Presolve eliminated 19 rows and 8 columns.
MIP Presolve modified 44 coefficients.
Reduced MIP has 3263 rows, 2300 columns, and 48703 nonzeros.
Reduced MIP has 2299 binaries, 1 generals, 0 SOSs, and 0 indicators.
Presolve time = 0.04 sec. (47.41 ticks)
Probing time = 0.01 sec. (8.66 ticks)
Clique table members: 21905.
MIP emphasis: balance optimality and feasibility.
MIP search method: dynamic search.
Parallel mode: deterministic, using up to 8 threads.
Root relaxation solution time = 0.09 sec. (64.92 ticks)

        Nodes                                         Cuts/
   Node  Left     Objective  IInf  Best Integer    Best Bound    ItCnt     Gap

*     0+    0                            0.9900        0.4309            56.47%
      0     0        0.5442    89        0.9900        0.5442      534   45.03%
*     0+    0                            0.5524        0.5442             1.49%
      0     0        0.5460    98        0.5524     Cuts: 115      878    1.17%
      0     0        0.5461   112        0.5524      Cuts: 86     1010    1.14%

Repeating presolve.
Tried aggregator 1 time.
MIP Presolve eliminated 2592 rows and 1751 columns.
MIP Presolve modified 2955 coefficients.
Reduced MIP has 671 rows, 475 columns, and 7556 nonzeros.
Reduced MIP has 474 binaries, 1 generals, 0 SOSs, and 0 indicators.
Presolve time = 0.03 sec. (37.02 ticks)
Probing fixed 49 vars, tightened 0 bounds.
Probing changed sense of 12 constraints.
Probing time = 0.00 sec. (4.81 ticks)
Cover probing fixed 0 vars, tightened 5 bounds.
Tried aggregator 2 times.
MIP Presolve eliminated 223 rows and 101 columns.
MIP Presolve modified 1079 coefficients.
Aggregator did 2 substitutions.
Reduced MIP has 446 rows, 372 columns, and 5365 nonzeros.
Reduced MIP has 371 binaries, 1 generals, 0 SOSs, and 0 indicators.
Presolve time = 0.01 sec. (9.93 ticks)
Probing time = 0.00 sec. (2.16 ticks)
Tried aggregator 1 time.
Detecting symmetries...
Reduced MIP has 446 rows, 372 columns, and 5365 nonzeros.
Reduced MIP has 371 binaries, 1 generals, 0 SOSs, and 0 indicators.
Presolve time = 0.00 sec. (3.01 ticks)
Represolve time = 0.06 sec. (65.54 ticks)
Probing time = 0.00 sec. (2.16 ticks)
Clique table members: 1399.
MIP emphasis: balance optimality and feasibility.
MIP search method: dynamic search.
Parallel mode: deterministic, using up to 8 threads.
Root relaxation solution time = 0.00 sec. (5.06 ticks)

        Nodes                                         Cuts/
   Node  Left     Objective  IInf  Best Integer    Best Bound    ItCnt     Gap

*     0+    0                            0.5524        0.5461             1.14%
      0     0        0.5468    68        0.5524        0.5468     1171    1.01%
      0     0        0.5490    24        0.5524       Cuts: 6     1210    0.62%
      0     0        0.5494    27        0.5524      Cuts: 31     1220    0.54%

Repeating presolve.
Tried aggregator 2 times.
MIP Presolve eliminated 190 rows and 126 columns.
MIP Presolve modified 176 coefficients.
Aggregator did 1 substitutions.
Reduced MIP has 253 rows, 238 columns, and 3201 nonzeros.
Reduced MIP has 237 binaries, 1 generals, 0 SOSs, and 0 indicators.
Presolve time = 0.01 sec. (6.54 ticks)
Probing fixed 2 vars, tightened 0 bounds.
Probing time = 0.00 sec. (1.14 ticks)
Tried aggregator 2 times.
MIP Presolve eliminated 9 rows and 6 columns.
MIP Presolve modified 24 coefficients.
Aggregator did 1 substitutions.
Reduced MIP has 243 rows, 231 columns, and 3127 nonzeros.
Reduced MIP has 231 binaries, 0 generals, 0 SOSs, and 0 indicators.
Presolve time = 0.00 sec. (4.81 ticks)
Probing fixed 1 vars, tightened 0 bounds.
Probing time = 0.00 sec. (1.08 ticks)
Tried aggregator 1 time.
Detecting symmetries...
MIP Presolve eliminated 1 rows and 2 columns.
MIP Presolve modified 2 coefficients.
Reduced MIP has 242 rows, 229 columns, and 3116 nonzeros.
Reduced MIP has 229 binaries, 0 generals, 0 SOSs, and 0 indicators.
Presolve time = 0.00 sec. (2.81 ticks)
Represolve time = 0.02 sec. (20.73 ticks)
Probing time = 0.00 sec. (1.01 ticks)
Clique table members: 678.
MIP emphasis: balance optimality and feasibility.
MIP search method: dynamic search.
Parallel mode: deterministic, using up to 8 threads.
Root relaxation solution time = 0.00 sec. (2.10 ticks)

        Nodes                                         Cuts/
   Node  Left     Objective  IInf  Best Integer    Best Bound    ItCnt     Gap

*     0+    0                            0.5524        0.5494             0.54%
      0     0        0.5494    18        0.5524        0.5494     1307    0.54%
      0     0        0.5498    23        0.5524      Cuts: 10     1339    0.47%
      0     0        0.5498    32        0.5524      Cuts: 11     1348    0.47%
      0     0        0.5498    12        0.5524       Cuts: 6     1358    0.47%
      0     0        0.5498    43        0.5524      Cuts: 18     1371    0.47%
      0     0        cutoff              0.5524        0.5524     1371    0.00%
Elapsed time = 0.81 sec. (665.69 ticks, tree = 0.01 MB, solutions = 2)

GUB cover cuts applied:  15
Clique cuts applied:  11
Cover cuts applied:  2
Implied bound cuts applied:  6
Mixed integer rounding cuts applied:  4
Zero-half cuts applied:  1
Gomory fractional cuts applied:  4

Root node processing (before b&c):
  Real time             =    0.81 sec. (665.87 ticks)
Parallel b&c, 8 threads:
  Real time             =    0.00 sec. (0.00 ticks)
  Sync time (average)   =    0.00 sec.
  Wait time (average)   =    0.00 sec.
                          ------------
Total (root+branch&cut) =    0.81 sec. (665.87 ticks)
-------------------------------------------------------------------------------
                                    Summary                                    
-------------------------------------------------------------------------------
(CVXPY) Nov 20 09:52:06 AM: Problem status: optimal
(CVXPY) Nov 20 09:52:06 AM: Optimal value: 5.524e-01
(CVXPY) Nov 20 09:52:06 AM: Compilation took 6.895e-02 seconds
(CVXPY) Nov 20 09:52:06 AM: Solver (including time spent in interface) took 8.913e-01 seconds
The optimal value is 0.5524117647058824
###############################################
################## SCHEDULE ####################
###############################################
Activity: Initial Activity (1) 	 Start Period: 0 	 End Period: 0
Activity: Discover the Environment, Health & Safety modules  (6.0) 	 Start Period: 1 	 End Period: 1
Activity: Develop Full-Stack Applications Using Productivity (8.0) 	 Start Period: 1 	 End Period: 1
Activity: Crisis Management and Resilience (9.0) 	 Start Period: 1 	 End Period: 1
Activity: Research and Development in Discrete Industries (15.0) 	 Start Period: 1 	 End Period: 2
Activity: Explore Product Engineering in SAP S/4HANA (4.0) 	 Start Period: 2 	 End Period: 2
Activity: Get Started with SAP Emarsys Customer Engagement (1.0) 	 Start Period: 2 	 End Period: 2
Activity: Databases Course (3.0) 	 Start Period: 2 	 End Period: 2
Activity: Explore Supply Chain Business Scenarios in SAP S/4 (10.0) 	 Start Period: 2 	 End Period: 2
Activity: Introducing SAP S/4HANA Cloud for Group Reporting (1.0) 	 Start Period: 2 	 End Period: 2
Activity: Intrapreneurship – Employee-driven Innovation (4.0) 	 Start Period: 2 	 End Period: 2
Activity: Confidential Communication in the Internet (10.0) 	 Start Period: 2 	 End Period: 2
Activity: Basics of Design Testing (Edition Q2/2019) (5.0) 	 Start Period: 2 	 End Period: 2
Solve time: 0.81
Job affinity: 44.706
Skills per Unit
	 Initial Activity:
	 Discover the Environment, Health & Safety modules in SAP S/4HANA:
		 Develop procedures for data management
		 Apply new technologies to improve work processes
		 Manage information technology projects or system activities
		 Document operational activities
		 Analyse data to identify or resolve operational problems
		 Provide technical support for software maintenance or use
		 Develop computer or information security policies or procedures
		 Develop performance metrics or standards related to information technology
		 Develop guidelines for system implementation
		 Supervise information technology staff
		 Implement security measures for computer or information systems
		 Advise customers on technical or procedural issues
		 Develop diagrams or flow charts of system operation
	 Explore Product Engineering in SAP S/4HANA:
		 Analyse project data to determine specifications or requirements
		 Develop diagrams or flow charts of system operation
		 Evaluate project designs to determine adequacy or feasibility
		 Document design or development procedures
		 Identify information technology project resource requirements
		 Develop guidelines for system implementation
		 Develop database parameters or specifications
	 Get Started with SAP Emarsys Customer Engagement:
		 Collect data about customer needs
		 Analyse market or customer related data
	 Explore Supply Chain Business Scenarios in SAP S/4HANA Cloud, public edition:
		 Coordinate resource procurement activities
		 Assess database performance
		 Maintain the inventory of equipment
	 Introducing SAP S/4HANA Cloud for Group Reporting:
		 Prepare analytical reports
	 Develop Full-Stack Applications Using Productivity Tools in SAP Business Application Studio:
		 Develop software applications
	 Databases Course:
		 Create databases to store electronic data
		 Develop database parameters or specifications
		 Develop procedures for data management
		 Analyse market or customer related data
	 Crisis Management and Resilience:
		 Maintain contingency plans for disaster recovery
		 Train others in cyber security issues
	 Confidential Communication in the Internet:
		 Train others in cyber security issues
		 Monitor the security of digital information
		 Analyse security of systems, network or data
		 Conduct legal cyberattack simulations by designing and utilising hacking tools
		 Develop models of information or communications systems
		 Implement security measures for computer or information systems
		 Identify security threats and determine counter measures
	 Intrapreneurship – Employee-driven Innovation:
		 Conduct employee training programs
		 Train others in cyber security issues
		 Apply new technologies to improve work processes
	 Research and Development in Discrete Industries:
		 Conduct research to gain information about products or processes
		 Update knowledge about emerging industry or technology trends
	 Basics of Design Testing (Edition Q2/2019):
		 Develop training materials
		 Develop testing routines or procedures
		 Evaluate project designs to determine adequacy or feasibility
Skills for Job 262
Monitor the security of digital information
Implement security measures for computer or information systems
Analyse security of systems, network or data
Collaborate with others to resolve information technology issues
Manage information technology projects or system activities
Develop computer or information security policies or procedures
Communicate project information to others
Document design or development procedures
Recommend changes to improve computer or information systems
Write computer programming code
Read documents to gather technical information
Analyse data to identify or resolve operational problems
Evaluate data quality
Develop software applications
Update knowledge about emerging industry or technology trends
Conduct research to gain information about products or processes
Develop procedures for data management
Apply machine learning techniques to data
Update computer database information
Coordinate project activities with other staff or departments
Develop database parameters or specifications
Verify accuracy of data
Modify software programs to improve performance
Assess database performance
Apply new technologies to improve work processes
Create databases to store electronic data
Develop guidelines for system implementation
Collate and analyse information for threat intelligence requirements from a variety of sources
Train others in computer interface or software use
Design computer modelling or simulation programs
Design integrated computer systems
Anticipate the organisational implications of machine learning models
Estimate time or monetary resources needed to complete projects
Develop performance metrics or standards related to information technology
Develop models of information or communications systems
Analyse market or customer related data
Analyse data to identify trends or relationships among variables
Develop detailed project plans
Coordinate software or hardware installation
Identify security threats and determine counter measures
Analyse risks to minimise losses or damages
Maintain computer networks to enhance performance and user access
Respond to cyber attacks and restore protection to systems if compromised
Monitor computer system performance to ensure proper operation
Conduct legal cyberattack simulations by designing and utilising hacking tools
Troubleshoot issues with computer applications or systems
Prepare analytical reports
Collect, process and preserve digital records or evidence in accordance with procedures
Develop testing routines or procedures
Provide technical support for computer network issues
Provide technical support for software maintenance or use
Test computer system operations to ensure proper functioning
Maintain contingency plans for disaster recovery
Supervise information technology staff
Evaluate utility of software or hardware technologies
Resolve computer network problems
Monitor the performance of computer networks
Review computer information systems, procedures and networks
Configure computer networks
Operate computer systems
Install computer hardware
Document network-related activities or tasks
Ensure business strategies comply with information security standards
Assess network-related risks and specify recovery routines and contingency procedures
Create electronic data backup to prevent loss of information
Resolve computer software problems
Document operational activities
Test computer hardware performance
Test software performance
Maintain the inventory of equipment
Coordinate resource procurement activities
Identify information technology project resource requirements
Analyse project data to determine specifications or requirements
Collect data about customer needs
Collaborate with others to determine design specifications or details
Train others in cyber security issues
Provide recommendations to others about computer hardware or software
Develop training materials
Compile data or documentation
Evaluate project designs to determine adequacy or feasibility
Monitor organisational compliance with regulations
Advise customers on technical or procedural issues
Conduct employee training programs
Manage documentation to ensure organisation or accuracy
Develop diagrams or flow charts of system operation
