Read instances: 0.19 s
Generate matrices: 7.09 s
===============================================================================
                                     CVXPY                                     
                                     v1.3.0                                    
===============================================================================
(CVXPY) Oct 18 08:27:02 PM: Your problem has 4043 variables, 19 constraints, and 0 parameters.
(CVXPY) Oct 18 08:27:02 PM: It is compliant with the following grammars: DCP, DQCP
(CVXPY) Oct 18 08:27:02 PM: (If you need to solve this problem multiple times, but with different data, consider using parameters.)
(CVXPY) Oct 18 08:27:02 PM: CVXPY will first compile your problem; then, it will invoke a numerical solver to obtain a solution.
-------------------------------------------------------------------------------
                                  Compilation                                  
-------------------------------------------------------------------------------
(CVXPY) Oct 18 08:27:02 PM: Compiling problem (target solver=CPLEX).
(CVXPY) Oct 18 08:27:02 PM: Reduction chain: CvxAttr2Constr -> Qp2SymbolicQp -> QpMatrixStuffing -> CPLEX
(CVXPY) Oct 18 08:27:02 PM: Applying reduction CvxAttr2Constr
(CVXPY) Oct 18 08:27:02 PM: Applying reduction Qp2SymbolicQp
(CVXPY) Oct 18 08:27:02 PM: Applying reduction QpMatrixStuffing
(CVXPY) Oct 18 08:27:02 PM: Applying reduction CPLEX
(CVXPY) Oct 18 08:27:02 PM: Finished problem compilation (took 7.262e-02 seconds).
-------------------------------------------------------------------------------
                                Numerical solver                               
-------------------------------------------------------------------------------
(CVXPY) Oct 18 08:27:02 PM: Invoking solver CPLEX  to obtain a solution.
Version identifier: 22.1.0.0 | 2022-03-09 | 1a383f8ce
CPXPARAM_Read_DataCheck                          1
CPXPARAM_TimeLimit                               30
Tried aggregator 2 times.
MIP Presolve eliminated 4761 rows and 2448 columns.
MIP Presolve modified 15081 coefficients.
Aggregator did 42 substitutions.
Reduced MIP has 3107 rows, 2203 columns, and 44863 nonzeros.
Reduced MIP has 2202 binaries, 0 generals, 0 SOSs, and 0 indicators.
Presolve time = 0.12 sec. (158.09 ticks)
Found incumbent of value 0.990000 after 0.13 sec. (163.54 ticks)
Probing fixed 52 vars, tightened 0 bounds.
Probing changed sense of 61 constraints.
Probing time = 0.07 sec. (95.23 ticks)
Tried aggregator 2 times.
Detecting symmetries...
MIP Presolve eliminated 122 rows and 56 columns.
MIP Presolve modified 315 coefficients.
Aggregator did 12 substitutions.
Reduced MIP has 2973 rows, 2128 columns, and 43695 nonzeros.
Reduced MIP has 2127 binaries, 1 generals, 0 SOSs, and 0 indicators.
Presolve time = 0.07 sec. (77.86 ticks)
Probing time = 0.02 sec. (13.17 ticks)
Clique table members: 2255.
MIP emphasis: balance optimality and feasibility.
MIP search method: dynamic search.
Parallel mode: deterministic, using up to 8 threads.
Root relaxation solution time = 0.10 sec. (75.36 ticks)

        Nodes                                         Cuts/
   Node  Left     Objective  IInf  Best Integer    Best Bound    ItCnt     Gap

*     0+    0                            0.9900        0.4500            54.55%
      0     0        0.6596    56        0.9900        0.6596      744   33.37%
*     0+    0                            0.6736        0.6596             2.07%
      0     0        0.6608    30        0.6736      Cuts: 63      888    1.90%
      0     0        0.6625    57        0.6736      Cuts: 20      970    1.64%

Repeating presolve.
Tried aggregator 1 time.
MIP Presolve eliminated 2565 rows and 1744 columns.
MIP Presolve modified 2066 coefficients.
Reduced MIP has 408 rows, 281 columns, and 4301 nonzeros.
Reduced MIP has 280 binaries, 1 generals, 0 SOSs, and 0 indicators.
Presolve time = 0.02 sec. (19.46 ticks)
Probing fixed 28 vars, tightened 0 bounds.
Probing time = 0.00 sec. (2.09 ticks)
Cover probing fixed 0 vars, tightened 3 bounds.
Tried aggregator 2 times.
MIP Presolve eliminated 122 rows and 49 columns.
MIP Presolve modified 627 coefficients.
Aggregator did 1 substitutions.
Reduced MIP has 285 rows, 231 columns, and 3137 nonzeros.
Reduced MIP has 230 binaries, 1 generals, 0 SOSs, and 0 indicators.
Presolve time = 0.01 sec. (5.99 ticks)
Probing time = 0.00 sec. (1.13 ticks)
Tried aggregator 1 time.
Detecting symmetries...
MIP Presolve eliminated 3 rows and 0 columns.
Reduced MIP has 282 rows, 231 columns, and 3119 nonzeros.
Reduced MIP has 230 binaries, 1 generals, 0 SOSs, and 0 indicators.
Presolve time = 0.00 sec. (2.02 ticks)
Represolve time = 0.03 sec. (35.41 ticks)
Probing time = 0.00 sec. (1.11 ticks)
Clique table members: 718.
MIP emphasis: balance optimality and feasibility.
MIP search method: dynamic search.
Parallel mode: deterministic, using up to 8 threads.
Root relaxation solution time = 0.00 sec. (3.19 ticks)

        Nodes                                         Cuts/
   Node  Left     Objective  IInf  Best Integer    Best Bound    ItCnt     Gap

*     0+    0                            0.6736        0.6625             1.64%
      0     0        0.6633    40        0.6736        0.6633     1133    1.53%
      0     0        0.6716    68        0.6736      Cuts: 50     1188    0.29%
      0     0        cutoff              0.6736                   1188    0.00%
Elapsed time = 0.65 sec. (616.89 ticks, tree = 0.01 MB, solutions = 2)

GUB cover cuts applied:  6
Clique cuts applied:  4
Implied bound cuts applied:  7
Mixed integer rounding cuts applied:  1
Zero-half cuts applied:  5
Lift and project cuts applied:  1
Gomory fractional cuts applied:  4

Root node processing (before b&c):
  Real time             =    0.65 sec. (617.06 ticks)
Parallel b&c, 8 threads:
  Real time             =    0.00 sec. (0.00 ticks)
  Sync time (average)   =    0.00 sec.
  Wait time (average)   =    0.00 sec.
                          ------------
Total (root+branch&cut) =    0.65 sec. (617.06 ticks)
-------------------------------------------------------------------------------
                                    Summary                                    
-------------------------------------------------------------------------------
(CVXPY) Oct 18 08:27:03 PM: Problem status: optimal
(CVXPY) Oct 18 08:27:03 PM: Optimal value: 6.736e-01
(CVXPY) Oct 18 08:27:03 PM: Compilation took 7.262e-02 seconds
(CVXPY) Oct 18 08:27:03 PM: Solver (including time spent in interface) took 7.416e-01 seconds
The optimal value is 0.6735714285714285
###############################################
################## SCHEDULE ####################
###############################################
Activity: Initial Activity (1) 	 Start Period: 0 	 End Period: 0
Activity: Intelligent Spend Management Using SAP Concur (Rep (8.0) 	 Start Period: 1 	 End Period: 1
Activity: Discover the Environment, Health & Safety modules  (6.0) 	 Start Period: 1 	 End Period: 1
Activity: Explore Product Engineering in SAP S/4HANA (4.0) 	 Start Period: 1 	 End Period: 1
Activity: Databases Course (3.0) 	 Start Period: 1 	 End Period: 1
Activity: Implement SAP Service Cloud (5.0) 	 Start Period: 1 	 End Period: 2
Activity: Confidential Communication in the Internet (10.0) 	 Start Period: 2 	 End Period: 2
Solve time: 0.66
Job affinity: 32.468
Skills per Unit
	 Initial Activity:
	 Discover the Environment, Health & Safety modules in SAP S/4HANA:
		 Develop procedures for data management
		 Manage information technology projects or system activities
		 Document operational activities
		 Analyse data to identify or resolve operational problems
		 Provide technical support for software maintenance or use
		 Develop computer or information security policies or procedures
		 Develop performance metrics or standards related to information technology
		 Develop guidelines for system implementation
		 Supervise information technology staff
		 Implement security measures for computer or information systems
	 Explore Product Engineering in SAP S/4HANA:
		 Analyse project data to determine specifications or requirements
		 Evaluate project designs to determine adequacy or feasibility
		 Document design or development procedures
		 Identify information technology project resource requirements
		 Develop guidelines for system implementation
	 Implement SAP Service Cloud:
		 Maintain the inventory of equipment
		 Provide technical support for software maintenance or use
		 Prepare instruction manuals
		 Collect data about customer needs
		 Develop guidelines for system implementation
		 Develop procedures for data management
		 Maintain computer hardware
		 Develop computer or information security policies or procedures
		 Identify information technology project resource requirements
		 Provide customer service to clients or users
	 Databases Course:
		 Create databases to store electronic data
		 Develop procedures for data management
	 Intelligent Spend Management Using SAP Concur (Repeat):
		 Manage budgets for appropriate resource allocation
		 Coordinate resource procurement activities
		 Manage financial activities of the organisations
	 Confidential Communication in the Internet:
		 Analyse security of systems, network or data
		 Develop models of information or communications systems
		 Implement security measures for computer or information systems
Skills for Job 263
Write reports or evaluations
Compile data or documentation
Analyse data to assess operational or project effectiveness
Analyse security of systems, network or data
Present research results
Provide technical support for software maintenance or use
Review computer information systems, procedures and networks
Provide technical assistance to clients or users
Troubleshoot issues with computer applications or systems
Ensure business strategies comply with information security standards
Modify software programs to improve performance
Test computer system operations to ensure proper functioning
Resolve computer software problems
Test software performance
Resolve computer network problems
Analyse data to identify or resolve operational problems
Monitor computer system performance to ensure proper operation
Document operational activities
Install computer software
Develop testing routines or procedures
Anticipate the organisational implications of machine learning models
Recommend changes to improve computer or information systems
Assess network-related risks and specify recovery routines and contingency procedures
Evaluate utility of software or hardware technologies
Write computer programming code
Test computer hardware performance
Document design or development procedures
Monitor the performance of computer networks
Maintain computer hardware
Create electronic data backup to prevent loss of information
Document network-related activities or tasks
Install computer hardware
Coordinate project activities with other staff or departments
Conduct research to gain information about products or processes
Train others in computer interface or software use
Develop specifications for computer network operation
Update knowledge about emerging industry or technology trends
Prepare instruction manuals
Implement security measures for computer or information systems
Provide technical support for computer network issues
Configure computer networks
Manage information technology projects or system activities
Manage documentation to ensure organisation or accuracy
Supervise information technology staff
Analyse data to identify trends or relationships among variables
Develop detailed project plans
Collaborate with others to resolve information technology issues
Read documents to gather technical information
Collaborate with others to determine design specifications or details
Develop guidelines for system implementation
Develop performance metrics or standards related to information technology
Create databases to store electronic data
Provide customer service to clients or users
Inform individuals or organisations of status or findings
Design integrated computer systems
Manage financial activities of the organisations
Maintain computer networks to enhance performance and user access
Develop information communication procedures
Estimate time or monetary resources needed to complete projects
Teach others to use computer equipment or hardware
Develop computer or information security policies or procedures
Coordinate software or hardware installation
Communicate project information to others
Develop models of information or communications systems
Evaluate project designs to determine adequacy or feasibility
Maintain contingency plans for disaster recovery
Manage budgets for appropriate resource allocation
Maintain the inventory of equipment
Analyse project data to determine specifications or requirements
Document operational procedures
Identify information technology project resource requirements
Document technical specifications or requirements
Collate and analyse information for threat intelligence requirements from a variety of sources
Develop procedures for data management
Coordinate resource procurement activities
Collect data about customer needs
Develop software applications
